
*** Running vivado
    with args -log design_1_wrapper.vdi -applog -m64 -product Vivado -messageDb vivado.pb -mode batch -source design_1_wrapper.tcl -notrace


****** Vivado v2021.1 (64-bit)
  **** SW Build 3247384 on Thu Jun 10 19:36:07 MDT 2021
  **** IP Build 3246043 on Fri Jun 11 00:30:35 MDT 2021
    ** Copyright 1986-2021 Xilinx, Inc. All Rights Reserved.

source design_1_wrapper.tcl -notrace
INFO: [IP_Flow 19-234] Refreshing IP repositories
INFO: [IP_Flow 19-1704] No user IP repositories specified
INFO: [IP_Flow 19-2313] Loaded Vivado IP repository '/home/zynq-user/xilinx/Vivado/2021.1/data/ip'.
Command: link_design -top design_1_wrapper -part xc7z020clg484-1
Design is defaulting to srcset: sources_1
Design is defaulting to constrset: constrs_1
INFO: [Device 21-403] Loading part xc7z020clg484-1
INFO: [Project 1-454] Reading design checkpoint '/home/zynq-user/Industri-University_Course/PL_PS_nand/PL_PS_nand.gen/sources_1/bd/design_1/ip/design_1_and_gate_0_0/design_1_and_gate_0_0.dcp' for cell 'design_1_i/and_gate_0'
INFO: [Project 1-454] Reading design checkpoint '/home/zynq-user/Industri-University_Course/PL_PS_nand/PL_PS_nand.gen/sources_1/bd/design_1/ip/design_1_axi_gpio_0_0/design_1_axi_gpio_0_0.dcp' for cell 'design_1_i/axi_gpio_0'
INFO: [Project 1-454] Reading design checkpoint '/home/zynq-user/Industri-University_Course/PL_PS_nand/PL_PS_nand.gen/sources_1/bd/design_1/ip/design_1_axi_gpio_0_1/design_1_axi_gpio_0_1.dcp' for cell 'design_1_i/axi_gpio_1'
INFO: [Project 1-454] Reading design checkpoint '/home/zynq-user/Industri-University_Course/PL_PS_nand/PL_PS_nand.gen/sources_1/bd/design_1/ip/design_1_processing_system7_0_0/design_1_processing_system7_0_0.dcp' for cell 'design_1_i/processing_system7_0'
INFO: [Project 1-454] Reading design checkpoint '/home/zynq-user/Industri-University_Course/PL_PS_nand/PL_PS_nand.gen/sources_1/bd/design_1/ip/design_1_rst_ps7_0_100M_0/design_1_rst_ps7_0_100M_0.dcp' for cell 'design_1_i/rst_ps7_0_100M'
INFO: [Project 1-454] Reading design checkpoint '/home/zynq-user/Industri-University_Course/PL_PS_nand/PL_PS_nand.gen/sources_1/bd/design_1/ip/design_1_xbar_0/design_1_xbar_0.dcp' for cell 'design_1_i/ps7_0_axi_periph/xbar'
INFO: [Project 1-454] Reading design checkpoint '/home/zynq-user/Industri-University_Course/PL_PS_nand/PL_PS_nand.gen/sources_1/bd/design_1/ip/design_1_auto_pc_0/design_1_auto_pc_0.dcp' for cell 'design_1_i/ps7_0_axi_periph/s00_couplers/auto_pc'
Netlist sorting complete. Time (s): cpu = 00:00:00.04 ; elapsed = 00:00:00.04 . Memory (MB): peak = 2628.820 ; gain = 0.000 ; free physical = 2999 ; free virtual = 18873
INFO: [Netlist 29-17] Analyzing 18 Unisim elements for replacement
INFO: [Netlist 29-28] Unisim Transformation completed in 0 CPU seconds
INFO: [Project 1-479] Netlist was created with Vivado 2021.1
INFO: [Project 1-570] Preparing netlist for logic optimization
Parsing XDC File [/home/zynq-user/Industri-University_Course/PL_PS_nand/PL_PS_nand.gen/sources_1/bd/design_1/ip/design_1_processing_system7_0_0/design_1_processing_system7_0_0.xdc] for cell 'design_1_i/processing_system7_0/inst'
Finished Parsing XDC File [/home/zynq-user/Industri-University_Course/PL_PS_nand/PL_PS_nand.gen/sources_1/bd/design_1/ip/design_1_processing_system7_0_0/design_1_processing_system7_0_0.xdc] for cell 'design_1_i/processing_system7_0/inst'
Parsing XDC File [/home/zynq-user/Industri-University_Course/PL_PS_nand/PL_PS_nand.gen/sources_1/bd/design_1/ip/design_1_axi_gpio_0_0/design_1_axi_gpio_0_0_board.xdc] for cell 'design_1_i/axi_gpio_0/U0'
Finished Parsing XDC File [/home/zynq-user/Industri-University_Course/PL_PS_nand/PL_PS_nand.gen/sources_1/bd/design_1/ip/design_1_axi_gpio_0_0/design_1_axi_gpio_0_0_board.xdc] for cell 'design_1_i/axi_gpio_0/U0'
Parsing XDC File [/home/zynq-user/Industri-University_Course/PL_PS_nand/PL_PS_nand.gen/sources_1/bd/design_1/ip/design_1_axi_gpio_0_0/design_1_axi_gpio_0_0.xdc] for cell 'design_1_i/axi_gpio_0/U0'
Finished Parsing XDC File [/home/zynq-user/Industri-University_Course/PL_PS_nand/PL_PS_nand.gen/sources_1/bd/design_1/ip/design_1_axi_gpio_0_0/design_1_axi_gpio_0_0.xdc] for cell 'design_1_i/axi_gpio_0/U0'
Parsing XDC File [/home/zynq-user/Industri-University_Course/PL_PS_nand/PL_PS_nand.gen/sources_1/bd/design_1/ip/design_1_axi_gpio_0_1/design_1_axi_gpio_0_1_board.xdc] for cell 'design_1_i/axi_gpio_1/U0'
Finished Parsing XDC File [/home/zynq-user/Industri-University_Course/PL_PS_nand/PL_PS_nand.gen/sources_1/bd/design_1/ip/design_1_axi_gpio_0_1/design_1_axi_gpio_0_1_board.xdc] for cell 'design_1_i/axi_gpio_1/U0'
Parsing XDC File [/home/zynq-user/Industri-University_Course/PL_PS_nand/PL_PS_nand.gen/sources_1/bd/design_1/ip/design_1_axi_gpio_0_1/design_1_axi_gpio_0_1.xdc] for cell 'design_1_i/axi_gpio_1/U0'
Finished Parsing XDC File [/home/zynq-user/Industri-University_Course/PL_PS_nand/PL_PS_nand.gen/sources_1/bd/design_1/ip/design_1_axi_gpio_0_1/design_1_axi_gpio_0_1.xdc] for cell 'design_1_i/axi_gpio_1/U0'
Parsing XDC File [/home/zynq-user/Industri-University_Course/PL_PS_nand/PL_PS_nand.gen/sources_1/bd/design_1/ip/design_1_rst_ps7_0_100M_0/design_1_rst_ps7_0_100M_0_board.xdc] for cell 'design_1_i/rst_ps7_0_100M/U0'
Finished Parsing XDC File [/home/zynq-user/Industri-University_Course/PL_PS_nand/PL_PS_nand.gen/sources_1/bd/design_1/ip/design_1_rst_ps7_0_100M_0/design_1_rst_ps7_0_100M_0_board.xdc] for cell 'design_1_i/rst_ps7_0_100M/U0'
Parsing XDC File [/home/zynq-user/Industri-University_Course/PL_PS_nand/PL_PS_nand.gen/sources_1/bd/design_1/ip/design_1_rst_ps7_0_100M_0/design_1_rst_ps7_0_100M_0.xdc] for cell 'design_1_i/rst_ps7_0_100M/U0'
Finished Parsing XDC File [/home/zynq-user/Industri-University_Course/PL_PS_nand/PL_PS_nand.gen/sources_1/bd/design_1/ip/design_1_rst_ps7_0_100M_0/design_1_rst_ps7_0_100M_0.xdc] for cell 'design_1_i/rst_ps7_0_100M/U0'
Parsing XDC File [/home/zynq-user/Industri-University_Course/PL_PS_nand/PL_PS_nand.srcs/constrs_1/new/physical_constraints.xdc]
Finished Parsing XDC File [/home/zynq-user/Industri-University_Course/PL_PS_nand/PL_PS_nand.srcs/constrs_1/new/physical_constraints.xdc]
INFO: [Opt 31-138] Pushed 0 inverter(s) to 0 load pin(s).
Netlist sorting complete. Time (s): cpu = 00:00:00 ; elapsed = 00:00:00 . Memory (MB): peak = 2652.766 ; gain = 0.000 ; free physical = 2871 ; free virtual = 18760
INFO: [Project 1-111] Unisim Transformation Summary:
No Unisim elements were transformed.

17 Infos, 0 Warnings, 0 Critical Warnings and 0 Errors encountered.
link_design completed successfully
link_design: Time (s): cpu = 00:00:12 ; elapsed = 00:00:13 . Memory (MB): peak = 2652.766 ; gain = 24.012 ; free physical = 2871 ; free virtual = 18760
Command: opt_design
Attempting to get a license for feature 'Implementation' and/or device 'xc7z020'
INFO: [Common 17-349] Got license for feature 'Implementation' and/or device 'xc7z020'
Running DRC as a precondition to command opt_design

Starting DRC Task
INFO: [DRC 23-27] Running DRC with 4 threads
INFO: [Project 1-461] DRC finished with 0 Errors
INFO: [Project 1-462] Please refer to the DRC report (report_drc) for more information.

Time (s): cpu = 00:00:01 ; elapsed = 00:00:00.54 . Memory (MB): peak = 2668.766 ; gain = 16.000 ; free physical = 2860 ; free virtual = 18749

Starting Cache Timing Information Task
INFO: [Timing 38-35] Done setting XDC timing constraints.
Ending Cache Timing Information Task | Checksum: 195bb9b3d

Time (s): cpu = 00:00:06 ; elapsed = 00:00:06 . Memory (MB): peak = 2802.578 ; gain = 133.812 ; free physical = 2462 ; free virtual = 18366

Starting Logic Optimization Task

Phase 1 Retarget
INFO: [Opt 31-138] Pushed 0 inverter(s) to 0 load pin(s).
INFO: [Opt 31-49] Retargeted 0 cell(s).
Phase 1 Retarget | Checksum: 1d49b5358

Time (s): cpu = 00:00:00.12 ; elapsed = 00:00:00.10 . Memory (MB): peak = 2981.516 ; gain = 0.000 ; free physical = 2285 ; free virtual = 18189
INFO: [Opt 31-389] Phase Retarget created 6 cells and removed 38 cells

Phase 2 Constant propagation
INFO: [Opt 31-138] Pushed 0 inverter(s) to 0 load pin(s).
Phase 2 Constant propagation | Checksum: 1d49b5358

Time (s): cpu = 00:00:00.13 ; elapsed = 00:00:00.11 . Memory (MB): peak = 2981.516 ; gain = 0.000 ; free physical = 2285 ; free virtual = 18189
INFO: [Opt 31-389] Phase Constant propagation created 0 cells and removed 0 cells

Phase 3 Sweep
Phase 3 Sweep | Checksum: 1ce4a06c4

Time (s): cpu = 00:00:00.28 ; elapsed = 00:00:00.26 . Memory (MB): peak = 2981.516 ; gain = 0.000 ; free physical = 2285 ; free virtual = 18189
INFO: [Opt 31-389] Phase Sweep created 0 cells and removed 103 cells

Phase 4 BUFG optimization
Phase 4 BUFG optimization | Checksum: 1ce4a06c4

Time (s): cpu = 00:00:00.30 ; elapsed = 00:00:00.29 . Memory (MB): peak = 2981.516 ; gain = 0.000 ; free physical = 2285 ; free virtual = 18189
INFO: [Opt 31-662] Phase BUFG optimization created 0 cells of which 0 are BUFGs and removed 0 cells.

Phase 5 Shift Register Optimization
INFO: [Opt 31-1064] SRL Remap converted 0 SRLs to 0 registers and converted 0 registers of register chains to 0 SRLs
Phase 5 Shift Register Optimization | Checksum: 1ce4a06c4

Time (s): cpu = 00:00:00.30 ; elapsed = 00:00:00.29 . Memory (MB): peak = 2981.516 ; gain = 0.000 ; free physical = 2285 ; free virtual = 18189
INFO: [Opt 31-389] Phase Shift Register Optimization created 0 cells and removed 0 cells

Phase 6 Post Processing Netlist
Phase 6 Post Processing Netlist | Checksum: 1ce4a06c4

Time (s): cpu = 00:00:00.31 ; elapsed = 00:00:00.30 . Memory (MB): peak = 2981.516 ; gain = 0.000 ; free physical = 2285 ; free virtual = 18189
INFO: [Opt 31-389] Phase Post Processing Netlist created 0 cells and removed 0 cells
Opt_design Change Summary
=========================


-------------------------------------------------------------------------------------------------------------------------
|  Phase                        |  #Cells created  |  #Cells Removed  |  #Constrained objects preventing optimizations  |
-------------------------------------------------------------------------------------------------------------------------
|  Retarget                     |               6  |              38  |                                              0  |
|  Constant propagation         |               0  |               0  |                                              0  |
|  Sweep                        |               0  |             103  |                                              0  |
|  BUFG optimization            |               0  |               0  |                                              0  |
|  Shift Register Optimization  |               0  |               0  |                                              0  |
|  Post Processing Netlist      |               0  |               0  |                                              0  |
-------------------------------------------------------------------------------------------------------------------------



Starting Connectivity Check Task

Time (s): cpu = 00:00:00 ; elapsed = 00:00:00.01 . Memory (MB): peak = 2981.516 ; gain = 0.000 ; free physical = 2285 ; free virtual = 18189
Ending Logic Optimization Task | Checksum: 2130c7e32

Time (s): cpu = 00:00:00.37 ; elapsed = 00:00:00.36 . Memory (MB): peak = 2981.516 ; gain = 0.000 ; free physical = 2285 ; free virtual = 18189

Starting Power Optimization Task
INFO: [Pwropt 34-132] Skipping clock gating for clocks with a period < 2.00 ns.
Ending Power Optimization Task | Checksum: 2130c7e32

Time (s): cpu = 00:00:00.01 ; elapsed = 00:00:00 . Memory (MB): peak = 2981.516 ; gain = 0.000 ; free physical = 2284 ; free virtual = 18188

Starting Final Cleanup Task
Ending Final Cleanup Task | Checksum: 2130c7e32

Time (s): cpu = 00:00:00 ; elapsed = 00:00:00 . Memory (MB): peak = 2981.516 ; gain = 0.000 ; free physical = 2284 ; free virtual = 18188

Starting Netlist Obfuscation Task
Netlist sorting complete. Time (s): cpu = 00:00:00 ; elapsed = 00:00:00 . Memory (MB): peak = 2981.516 ; gain = 0.000 ; free physical = 2284 ; free virtual = 18188
Ending Netlist Obfuscation Task | Checksum: 2130c7e32

Time (s): cpu = 00:00:00 ; elapsed = 00:00:00 . Memory (MB): peak = 2981.516 ; gain = 0.000 ; free physical = 2284 ; free virtual = 18188
INFO: [Common 17-83] Releasing license: Implementation
34 Infos, 0 Warnings, 0 Critical Warnings and 0 Errors encountered.
opt_design completed successfully
opt_design: Time (s): cpu = 00:00:09 ; elapsed = 00:00:09 . Memory (MB): peak = 2981.516 ; gain = 328.750 ; free physical = 2284 ; free virtual = 18188
INFO: [Timing 38-480] Writing timing data to binary archive.
Writing placer database...
Writing XDEF routing.
Writing XDEF routing logical nets.
Writing XDEF routing special nets.
Write XDEF Complete: Time (s): cpu = 00:00:00.09 ; elapsed = 00:00:00.03 . Memory (MB): peak = 3021.535 ; gain = 0.000 ; free physical = 2273 ; free virtual = 18179
INFO: [Common 17-1381] The checkpoint '/home/zynq-user/Industri-University_Course/PL_PS_nand/PL_PS_nand.runs/impl_1/design_1_wrapper_opt.dcp' has been generated.
INFO: [runtcl-4] Executing : report_drc -file design_1_wrapper_drc_opted.rpt -pb design_1_wrapper_drc_opted.pb -rpx design_1_wrapper_drc_opted.rpx
Command: report_drc -file design_1_wrapper_drc_opted.rpt -pb design_1_wrapper_drc_opted.pb -rpx design_1_wrapper_drc_opted.rpx
INFO: [IP_Flow 19-1839] IP Catalog is up to date.
INFO: [Timing 38-35] Done setting XDC timing constraints.
INFO: [DRC 23-27] Running DRC with 4 threads
INFO: [Vivado_Tcl 2-168] The results of DRC are in file /home/zynq-user/Industri-University_Course/PL_PS_nand/PL_PS_nand.runs/impl_1/design_1_wrapper_drc_opted.rpt.
report_drc completed successfully
Command: place_design
Attempting to get a license for feature 'Implementation' and/or device 'xc7z020'
INFO: [Common 17-349] Got license for feature 'Implementation' and/or device 'xc7z020'
INFO: [DRC 23-27] Running DRC with 4 threads
INFO: [Vivado_Tcl 4-198] DRC finished with 0 Errors
INFO: [Vivado_Tcl 4-199] Please refer to the DRC report (report_drc) for more information.
Running DRC as a precondition to command place_design
INFO: [DRC 23-27] Running DRC with 4 threads
INFO: [Vivado_Tcl 4-198] DRC finished with 0 Errors
INFO: [Vivado_Tcl 4-199] Please refer to the DRC report (report_drc) for more information.

Starting Placer Task
INFO: [Place 30-611] Multithreading enabled for place_design using a maximum of 4 CPUs

Phase 1 Placer Initialization

Phase 1.1 Placer Initialization Netlist Sorting
Netlist sorting complete. Time (s): cpu = 00:00:00 ; elapsed = 00:00:00 . Memory (MB): peak = 3139.164 ; gain = 0.000 ; free physical = 2212 ; free virtual = 18120
Phase 1.1 Placer Initialization Netlist Sorting | Checksum: 1301f2a84

Time (s): cpu = 00:00:00.01 ; elapsed = 00:00:00.03 . Memory (MB): peak = 3139.164 ; gain = 0.000 ; free physical = 2212 ; free virtual = 18120
Netlist sorting complete. Time (s): cpu = 00:00:00.01 ; elapsed = 00:00:00 . Memory (MB): peak = 3139.164 ; gain = 0.000 ; free physical = 2212 ; free virtual = 18120

Phase 1.2 IO Placement/ Clock Placement/ Build Placer Device
Phase 1.2 IO Placement/ Clock Placement/ Build Placer Device | Checksum: 1ac89a38b

Time (s): cpu = 00:00:00.43 ; elapsed = 00:00:00.34 . Memory (MB): peak = 3139.164 ; gain = 0.000 ; free physical = 2236 ; free virtual = 18147

Phase 1.3 Build Placer Netlist Model
Phase 1.3 Build Placer Netlist Model | Checksum: 169b301d4

Time (s): cpu = 00:00:00.78 ; elapsed = 00:00:00.55 . Memory (MB): peak = 3139.164 ; gain = 0.000 ; free physical = 2248 ; free virtual = 18162

Phase 1.4 Constrain Clocks/Macros
Phase 1.4 Constrain Clocks/Macros | Checksum: 169b301d4

Time (s): cpu = 00:00:00.79 ; elapsed = 00:00:00.55 . Memory (MB): peak = 3139.164 ; gain = 0.000 ; free physical = 2248 ; free virtual = 18162
Phase 1 Placer Initialization | Checksum: 169b301d4

Time (s): cpu = 00:00:00.80 ; elapsed = 00:00:00.56 . Memory (MB): peak = 3139.164 ; gain = 0.000 ; free physical = 2248 ; free virtual = 18161

Phase 2 Global Placement

Phase 2.1 Floorplanning
Phase 2.1 Floorplanning | Checksum: 22bb91de1

Time (s): cpu = 00:00:00.91 ; elapsed = 00:00:00.62 . Memory (MB): peak = 3139.164 ; gain = 0.000 ; free physical = 2246 ; free virtual = 18159

Phase 2.2 Update Timing before SLR Path Opt
Phase 2.2 Update Timing before SLR Path Opt | Checksum: 2309dfaee

Time (s): cpu = 00:00:01 ; elapsed = 00:00:00.67 . Memory (MB): peak = 3139.164 ; gain = 0.000 ; free physical = 2245 ; free virtual = 18159

Phase 2.3 Post-Processing in Floorplanning
Phase 2.3 Post-Processing in Floorplanning | Checksum: 2309dfaee

Time (s): cpu = 00:00:01 ; elapsed = 00:00:00.68 . Memory (MB): peak = 3139.164 ; gain = 0.000 ; free physical = 2245 ; free virtual = 18159

Phase 2.4 Global Placement Core

Phase 2.4.1 Physical Synthesis In Placer
INFO: [Physopt 32-1035] Found 0 LUTNM shape to break, 30 LUT instances to create LUTNM shape
INFO: [Physopt 32-1044] Break lutnm for timing: one critical 0, two critical 0, total 0, new lutff created 0
INFO: [Physopt 32-1138] End 1 Pass. Optimized 12 nets or LUTs. Breaked 0 LUT, combined 12 existing LUTs and moved 0 existing LUT
INFO: [Physopt 32-65] No nets found for high-fanout optimization.
INFO: [Physopt 32-232] Optimized 0 net. Created 0 new instance.
INFO: [Physopt 32-775] End 1 Pass. Optimized 0 net or cell. Created 0 new cell, deleted 0 existing cell and moved 0 existing cell
INFO: [Physopt 32-670] No setup violation found.  DSP Register Optimization was not performed.
INFO: [Physopt 32-670] No setup violation found.  Shift Register to Pipeline Optimization was not performed.
INFO: [Physopt 32-670] No setup violation found.  Shift Register Optimization was not performed.
INFO: [Physopt 32-670] No setup violation found.  BRAM Register Optimization was not performed.
INFO: [Physopt 32-670] No setup violation found.  URAM Register Optimization was not performed.
INFO: [Physopt 32-949] No candidate nets found for dynamic/static region interface net replication
INFO: [Physopt 32-775] End 1 Pass. Optimized 0 net or cell. Created 0 new cell, deleted 0 existing cell and moved 0 existing cell
Netlist sorting complete. Time (s): cpu = 00:00:00 ; elapsed = 00:00:00 . Memory (MB): peak = 3139.164 ; gain = 0.000 ; free physical = 2225 ; free virtual = 18142

Summary of Physical Synthesis Optimizations
============================================


-----------------------------------------------------------------------------------------------------------------------------------------------------------
|  Optimization                                     |  Added Cells  |  Removed Cells  |  Optimized Cells/Nets  |  Dont Touch  |  Iterations  |  Elapsed   |
-----------------------------------------------------------------------------------------------------------------------------------------------------------
|  LUT Combining                                    |            0  |             12  |                    12  |           0  |           1  |  00:00:00  |
|  Retime                                           |            0  |              0  |                     0  |           0  |           1  |  00:00:00  |
|  Very High Fanout                                 |            0  |              0  |                     0  |           0  |           1  |  00:00:00  |
|  DSP Register                                     |            0  |              0  |                     0  |           0  |           0  |  00:00:00  |
|  Shift Register to Pipeline                       |            0  |              0  |                     0  |           0  |           0  |  00:00:00  |
|  Shift Register                                   |            0  |              0  |                     0  |           0  |           0  |  00:00:00  |
|  BRAM Register                                    |            0  |              0  |                     0  |           0  |           0  |  00:00:00  |
|  URAM Register                                    |            0  |              0  |                     0  |           0  |           0  |  00:00:00  |
|  Dynamic/Static Region Interface Net Replication  |            0  |              0  |                     0  |           0  |           1  |  00:00:00  |
|  Total                                            |            0  |             12  |                    12  |           0  |           4  |  00:00:00  |
-----------------------------------------------------------------------------------------------------------------------------------------------------------


Phase 2.4.1 Physical Synthesis In Placer | Checksum: 2206093fe

Time (s): cpu = 00:00:03 ; elapsed = 00:00:02 . Memory (MB): peak = 3139.164 ; gain = 0.000 ; free physical = 2225 ; free virtual = 18142
Phase 2.4 Global Placement Core | Checksum: 194995bdc

Time (s): cpu = 00:00:03 ; elapsed = 00:00:02 . Memory (MB): peak = 3139.164 ; gain = 0.000 ; free physical = 2223 ; free virtual = 18140
Phase 2 Global Placement | Checksum: 194995bdc

Time (s): cpu = 00:00:03 ; elapsed = 00:00:02 . Memory (MB): peak = 3139.164 ; gain = 0.000 ; free physical = 2223 ; free virtual = 18140

Phase 3 Detail Placement

Phase 3.1 Commit Multi Column Macros
Phase 3.1 Commit Multi Column Macros | Checksum: 195371597

Time (s): cpu = 00:00:03 ; elapsed = 00:00:02 . Memory (MB): peak = 3139.164 ; gain = 0.000 ; free physical = 2223 ; free virtual = 18140

Phase 3.2 Commit Most Macros & LUTRAMs
Phase 3.2 Commit Most Macros & LUTRAMs | Checksum: 13a2e8078

Time (s): cpu = 00:00:03 ; elapsed = 00:00:02 . Memory (MB): peak = 3139.164 ; gain = 0.000 ; free physical = 2222 ; free virtual = 18139

Phase 3.3 Area Swap Optimization
Phase 3.3 Area Swap Optimization | Checksum: 1c29ff83e

Time (s): cpu = 00:00:03 ; elapsed = 00:00:02 . Memory (MB): peak = 3139.164 ; gain = 0.000 ; free physical = 2222 ; free virtual = 18139

Phase 3.4 Pipeline Register Optimization
Phase 3.4 Pipeline Register Optimization | Checksum: 1204bbb13

Time (s): cpu = 00:00:03 ; elapsed = 00:00:02 . Memory (MB): peak = 3139.164 ; gain = 0.000 ; free physical = 2222 ; free virtual = 18139

Phase 3.5 Small Shape Detail Placement
Phase 3.5 Small Shape Detail Placement | Checksum: 242aab10a

Time (s): cpu = 00:00:04 ; elapsed = 00:00:02 . Memory (MB): peak = 3139.164 ; gain = 0.000 ; free physical = 2218 ; free virtual = 18136

Phase 3.6 Re-assign LUT pins
Phase 3.6 Re-assign LUT pins | Checksum: 1a84cdf3c

Time (s): cpu = 00:00:04 ; elapsed = 00:00:02 . Memory (MB): peak = 3139.164 ; gain = 0.000 ; free physical = 2218 ; free virtual = 18136

Phase 3.7 Pipeline Register Optimization
Phase 3.7 Pipeline Register Optimization | Checksum: 10a28ac67

Time (s): cpu = 00:00:04 ; elapsed = 00:00:02 . Memory (MB): peak = 3139.164 ; gain = 0.000 ; free physical = 2218 ; free virtual = 18136
Phase 3 Detail Placement | Checksum: 10a28ac67

Time (s): cpu = 00:00:04 ; elapsed = 00:00:02 . Memory (MB): peak = 3139.164 ; gain = 0.000 ; free physical = 2218 ; free virtual = 18136

Phase 4 Post Placement Optimization and Clean-Up

Phase 4.1 Post Commit Optimization
INFO: [Timing 38-35] Done setting XDC timing constraints.

Phase 4.1.1 Post Placement Optimization
Post Placement Optimization Initialization | Checksum: 1edaaef7f

Phase 4.1.1.1 BUFG Insertion

Starting Physical Synthesis Task

Phase 1 Physical Synthesis Initialization
INFO: [Physopt 32-721] Multithreading enabled for phys_opt_design using a maximum of 4 CPUs
INFO: [Physopt 32-619] Estimated Timing Summary | WNS=2.528 | TNS=0.000 |
Phase 1 Physical Synthesis Initialization | Checksum: 2947a8314

Time (s): cpu = 00:00:00.08 ; elapsed = 00:00:00.04 . Memory (MB): peak = 3139.164 ; gain = 0.000 ; free physical = 2218 ; free virtual = 18137
INFO: [Place 46-56] BUFG insertion identified 0 candidate nets. Inserted BUFG: 0, Replicated BUFG Driver: 0, Skipped due to Placement/Routing Conflicts: 0, Skipped due to Timing Degradation: 0, Skipped due to Illegal Netlist: 0.
Ending Physical Synthesis Task | Checksum: 1d0eee860

Time (s): cpu = 00:00:00.09 ; elapsed = 00:00:00.04 . Memory (MB): peak = 3139.164 ; gain = 0.000 ; free physical = 2218 ; free virtual = 18137
Phase 4.1.1.1 BUFG Insertion | Checksum: 1edaaef7f

Time (s): cpu = 00:00:04 ; elapsed = 00:00:03 . Memory (MB): peak = 3139.164 ; gain = 0.000 ; free physical = 2218 ; free virtual = 18137

Phase 4.1.1.2 Post Placement Timing Optimization
INFO: [Place 30-746] Post Placement Timing Summary WNS=2.528. For the most accurate timing information please run report_timing.
Phase 4.1.1.2 Post Placement Timing Optimization | Checksum: 14367ae06

Time (s): cpu = 00:00:04 ; elapsed = 00:00:03 . Memory (MB): peak = 3139.164 ; gain = 0.000 ; free physical = 2218 ; free virtual = 18137

Time (s): cpu = 00:00:04 ; elapsed = 00:00:03 . Memory (MB): peak = 3139.164 ; gain = 0.000 ; free physical = 2218 ; free virtual = 18137
Phase 4.1 Post Commit Optimization | Checksum: 14367ae06

Time (s): cpu = 00:00:04 ; elapsed = 00:00:03 . Memory (MB): peak = 3139.164 ; gain = 0.000 ; free physical = 2218 ; free virtual = 18137

Phase 4.2 Post Placement Cleanup
Phase 4.2 Post Placement Cleanup | Checksum: 14367ae06

Time (s): cpu = 00:00:04 ; elapsed = 00:00:03 . Memory (MB): peak = 3139.164 ; gain = 0.000 ; free physical = 2218 ; free virtual = 18137

Phase 4.3 Placer Reporting

Phase 4.3.1 Print Estimated Congestion
INFO: [Place 30-612] Post-Placement Estimated Congestion 
 ____________________________________________________
|           | Global Congestion | Short Congestion  |
| Direction | Region Size       | Region Size       |
|___________|___________________|___________________|
|      North|                1x1|                1x1|
|___________|___________________|___________________|
|      South|                1x1|                1x1|
|___________|___________________|___________________|
|       East|                1x1|                1x1|
|___________|___________________|___________________|
|       West|                1x1|                1x1|
|___________|___________________|___________________|

Phase 4.3.1 Print Estimated Congestion | Checksum: 14367ae06

Time (s): cpu = 00:00:04 ; elapsed = 00:00:03 . Memory (MB): peak = 3139.164 ; gain = 0.000 ; free physical = 2218 ; free virtual = 18137
Phase 4.3 Placer Reporting | Checksum: 14367ae06

Time (s): cpu = 00:00:04 ; elapsed = 00:00:03 . Memory (MB): peak = 3139.164 ; gain = 0.000 ; free physical = 2218 ; free virtual = 18137

Phase 4.4 Final Placement Cleanup
Netlist sorting complete. Time (s): cpu = 00:00:00 ; elapsed = 00:00:00 . Memory (MB): peak = 3139.164 ; gain = 0.000 ; free physical = 2218 ; free virtual = 18137

Time (s): cpu = 00:00:04 ; elapsed = 00:00:03 . Memory (MB): peak = 3139.164 ; gain = 0.000 ; free physical = 2218 ; free virtual = 18137
Phase 4 Post Placement Optimization and Clean-Up | Checksum: d1fd83f1

Time (s): cpu = 00:00:04 ; elapsed = 00:00:03 . Memory (MB): peak = 3139.164 ; gain = 0.000 ; free physical = 2218 ; free virtual = 18137
Ending Placer Task | Checksum: 7c976a9d

Time (s): cpu = 00:00:04 ; elapsed = 00:00:03 . Memory (MB): peak = 3139.164 ; gain = 0.000 ; free physical = 2218 ; free virtual = 18137
INFO: [Common 17-83] Releasing license: Implementation
69 Infos, 0 Warnings, 0 Critical Warnings and 0 Errors encountered.
place_design completed successfully
INFO: [Timing 38-480] Writing timing data to binary archive.
Writing placer database...
Writing XDEF routing.
Writing XDEF routing logical nets.
Writing XDEF routing special nets.
Write XDEF Complete: Time (s): cpu = 00:00:00.28 ; elapsed = 00:00:00.07 . Memory (MB): peak = 3139.164 ; gain = 0.000 ; free physical = 2224 ; free virtual = 18147
INFO: [Common 17-1381] The checkpoint '/home/zynq-user/Industri-University_Course/PL_PS_nand/PL_PS_nand.runs/impl_1/design_1_wrapper_placed.dcp' has been generated.
INFO: [runtcl-4] Executing : report_io -file design_1_wrapper_io_placed.rpt
report_io: Time (s): cpu = 00:00:00.12 ; elapsed = 00:00:00.18 . Memory (MB): peak = 3139.164 ; gain = 0.000 ; free physical = 2215 ; free virtual = 18135
INFO: [runtcl-4] Executing : report_utilization -file design_1_wrapper_utilization_placed.rpt -pb design_1_wrapper_utilization_placed.pb
INFO: [runtcl-4] Executing : report_control_sets -verbose -file design_1_wrapper_control_sets_placed.rpt
report_control_sets: Time (s): cpu = 00:00:00.03 ; elapsed = 00:00:00.10 . Memory (MB): peak = 3139.164 ; gain = 0.000 ; free physical = 2227 ; free virtual = 18147
Command: phys_opt_design
Attempting to get a license for feature 'Implementation' and/or device 'xc7z020'
INFO: [Common 17-349] Got license for feature 'Implementation' and/or device 'xc7z020'
INFO: [Vivado_Tcl 4-383] Design worst setup slack (WNS) is greater than or equal to 0.000 ns. Skipping all physical synthesis optimizations.
INFO: [Vivado_Tcl 4-232] No setup violation found. The netlist was not modified.
INFO: [Common 17-83] Releasing license: Implementation
78 Infos, 0 Warnings, 0 Critical Warnings and 0 Errors encountered.
phys_opt_design completed successfully
INFO: [Timing 38-480] Writing timing data to binary archive.
Writing placer database...
Writing XDEF routing.
Writing XDEF routing logical nets.
Writing XDEF routing special nets.
Write XDEF Complete: Time (s): cpu = 00:00:00.28 ; elapsed = 00:00:00.08 . Memory (MB): peak = 3139.164 ; gain = 0.000 ; free physical = 2192 ; free virtual = 18116
INFO: [Common 17-1381] The checkpoint '/home/zynq-user/Industri-University_Course/PL_PS_nand/PL_PS_nand.runs/impl_1/design_1_wrapper_physopt.dcp' has been generated.
Command: route_design
Attempting to get a license for feature 'Implementation' and/or device 'xc7z020'
INFO: [Common 17-349] Got license for feature 'Implementation' and/or device 'xc7z020'
Running DRC as a precondition to command route_design
INFO: [DRC 23-27] Running DRC with 4 threads
INFO: [Vivado_Tcl 4-198] DRC finished with 0 Errors
INFO: [Vivado_Tcl 4-199] Please refer to the DRC report (report_drc) for more information.


Starting Routing Task
INFO: [Route 35-254] Multithreading enabled for route_design using a maximum of 4 CPUs
Checksum: PlaceDB: 3c1dc019 ConstDB: 0 ShapeSum: 4079aa84 RouteDB: 0

Phase 1 Build RT Design
Phase 1 Build RT Design | Checksum: 62cd46c0

Time (s): cpu = 00:00:15 ; elapsed = 00:00:12 . Memory (MB): peak = 3184.504 ; gain = 45.340 ; free physical = 2076 ; free virtual = 18001
Post Restoration Checksum: NetGraph: 4f1148cd NumContArr: 13bbfdf3 Constraints: 0 Timing: 0

Phase 2 Router Initialization

Phase 2.1 Create Timer
Phase 2.1 Create Timer | Checksum: 62cd46c0

Time (s): cpu = 00:00:15 ; elapsed = 00:00:12 . Memory (MB): peak = 3184.504 ; gain = 45.340 ; free physical = 2077 ; free virtual = 18002

Phase 2.2 Fix Topology Constraints
Phase 2.2 Fix Topology Constraints | Checksum: 62cd46c0

Time (s): cpu = 00:00:16 ; elapsed = 00:00:12 . Memory (MB): peak = 3192.500 ; gain = 53.336 ; free physical = 2060 ; free virtual = 17985

Phase 2.3 Pre Route Cleanup
Phase 2.3 Pre Route Cleanup | Checksum: 62cd46c0

Time (s): cpu = 00:00:16 ; elapsed = 00:00:12 . Memory (MB): peak = 3192.500 ; gain = 53.336 ; free physical = 2060 ; free virtual = 17985
 Number of Nodes with overlaps = 0

Phase 2.4 Update Timing
Phase 2.4 Update Timing | Checksum: 20cd435ab

Time (s): cpu = 00:00:16 ; elapsed = 00:00:13 . Memory (MB): peak = 3217.383 ; gain = 78.219 ; free physical = 2049 ; free virtual = 17975
INFO: [Route 35-416] Intermediate Timing Summary | WNS=2.565  | TNS=0.000  | WHS=-0.163 | THS=-18.603|

Phase 2 Router Initialization | Checksum: 2493c4dda

Time (s): cpu = 00:00:16 ; elapsed = 00:00:13 . Memory (MB): peak = 3217.383 ; gain = 78.219 ; free physical = 2049 ; free virtual = 17974

Router Utilization Summary
  Global Vertical Routing Utilization    = 0 %
  Global Horizontal Routing Utilization  = 0 %
  Routable Net Status*
  *Does not include unroutable nets such as driverless and loadless.
  Run report_route_status for detailed report.
  Number of Failed Nets               = 1381
    (Failed Nets is the sum of unrouted and partially routed nets)
  Number of Unrouted Nets             = 1381
  Number of Partially Routed Nets     = 0
  Number of Node Overlaps             = 0


Phase 3 Initial Routing

Phase 3.1 Global Routing
Phase 3.1 Global Routing | Checksum: 2493c4dda

Time (s): cpu = 00:00:17 ; elapsed = 00:00:13 . Memory (MB): peak = 3217.383 ; gain = 78.219 ; free physical = 2047 ; free virtual = 17973
Phase 3 Initial Routing | Checksum: c13950a7

Time (s): cpu = 00:00:17 ; elapsed = 00:00:13 . Memory (MB): peak = 3217.383 ; gain = 78.219 ; free physical = 2048 ; free virtual = 17974

Phase 4 Rip-up And Reroute

Phase 4.1 Global Iteration 0
 Number of Nodes with overlaps = 94
 Number of Nodes with overlaps = 2
 Number of Nodes with overlaps = 0
INFO: [Route 35-416] Intermediate Timing Summary | WNS=2.733  | TNS=0.000  | WHS=N/A    | THS=N/A    |

Phase 4.1 Global Iteration 0 | Checksum: 193c0b4ba

Time (s): cpu = 00:00:17 ; elapsed = 00:00:14 . Memory (MB): peak = 3217.383 ; gain = 78.219 ; free physical = 2048 ; free virtual = 17974

Phase 4.2 Global Iteration 1
 Number of Nodes with overlaps = 0
INFO: [Route 35-416] Intermediate Timing Summary | WNS=2.733  | TNS=0.000  | WHS=N/A    | THS=N/A    |

Phase 4.2 Global Iteration 1 | Checksum: 11fd5f288

Time (s): cpu = 00:00:17 ; elapsed = 00:00:14 . Memory (MB): peak = 3217.383 ; gain = 78.219 ; free physical = 2048 ; free virtual = 17974
Phase 4 Rip-up And Reroute | Checksum: 11fd5f288

Time (s): cpu = 00:00:17 ; elapsed = 00:00:14 . Memory (MB): peak = 3217.383 ; gain = 78.219 ; free physical = 2048 ; free virtual = 17974

Phase 5 Delay and Skew Optimization

Phase 5.1 Delay CleanUp
Phase 5.1 Delay CleanUp | Checksum: 11fd5f288

Time (s): cpu = 00:00:17 ; elapsed = 00:00:14 . Memory (MB): peak = 3217.383 ; gain = 78.219 ; free physical = 2048 ; free virtual = 17974

Phase 5.2 Clock Skew Optimization
Phase 5.2 Clock Skew Optimization | Checksum: 11fd5f288

Time (s): cpu = 00:00:17 ; elapsed = 00:00:14 . Memory (MB): peak = 3217.383 ; gain = 78.219 ; free physical = 2048 ; free virtual = 17974
Phase 5 Delay and Skew Optimization | Checksum: 11fd5f288

Time (s): cpu = 00:00:17 ; elapsed = 00:00:14 . Memory (MB): peak = 3217.383 ; gain = 78.219 ; free physical = 2048 ; free virtual = 17974

Phase 6 Post Hold Fix

Phase 6.1 Hold Fix Iter

Phase 6.1.1 Update Timing
Phase 6.1.1 Update Timing | Checksum: 16d15c3c6

Time (s): cpu = 00:00:18 ; elapsed = 00:00:14 . Memory (MB): peak = 3217.383 ; gain = 78.219 ; free physical = 2048 ; free virtual = 17974
INFO: [Route 35-416] Intermediate Timing Summary | WNS=2.883  | TNS=0.000  | WHS=0.060  | THS=0.000  |

Phase 6.1 Hold Fix Iter | Checksum: ab21177b

Time (s): cpu = 00:00:18 ; elapsed = 00:00:14 . Memory (MB): peak = 3217.383 ; gain = 78.219 ; free physical = 2048 ; free virtual = 17974
Phase 6 Post Hold Fix | Checksum: ab21177b

Time (s): cpu = 00:00:18 ; elapsed = 00:00:14 . Memory (MB): peak = 3217.383 ; gain = 78.219 ; free physical = 2048 ; free virtual = 17974

Phase 7 Route finalize

Router Utilization Summary
  Global Vertical Routing Utilization    = 0.165528 %
  Global Horizontal Routing Utilization  = 0.204361 %
  Routable Net Status*
  *Does not include unroutable nets such as driverless and loadless.
  Run report_route_status for detailed report.
  Number of Failed Nets               = 0
    (Failed Nets is the sum of unrouted and partially routed nets)
  Number of Unrouted Nets             = 0
  Number of Partially Routed Nets     = 0
  Number of Node Overlaps             = 0

Phase 7 Route finalize | Checksum: 10df644ee

Time (s): cpu = 00:00:18 ; elapsed = 00:00:14 . Memory (MB): peak = 3217.383 ; gain = 78.219 ; free physical = 2048 ; free virtual = 17974

Phase 8 Verifying routed nets

 Verification completed successfully
Phase 8 Verifying routed nets | Checksum: 10df644ee

Time (s): cpu = 00:00:18 ; elapsed = 00:00:14 . Memory (MB): peak = 3217.383 ; gain = 78.219 ; free physical = 2046 ; free virtual = 17972

Phase 9 Depositing Routes
Phase 9 Depositing Routes | Checksum: 18606eb73

Time (s): cpu = 00:00:18 ; elapsed = 00:00:14 . Memory (MB): peak = 3217.383 ; gain = 78.219 ; free physical = 2046 ; free virtual = 17972

Phase 10 Post Router Timing
INFO: [Route 35-57] Estimated Timing Summary | WNS=2.883  | TNS=0.000  | WHS=0.060  | THS=0.000  |

INFO: [Route 35-327] The final timing numbers are based on the router estimated timing analysis. For a complete and accurate timing signoff, please run report_timing_summary.
Phase 10 Post Router Timing | Checksum: 18606eb73

Time (s): cpu = 00:00:18 ; elapsed = 00:00:14 . Memory (MB): peak = 3217.383 ; gain = 78.219 ; free physical = 2046 ; free virtual = 17972
INFO: [Route 35-16] Router Completed Successfully

Time (s): cpu = 00:00:18 ; elapsed = 00:00:14 . Memory (MB): peak = 3217.383 ; gain = 78.219 ; free physical = 2068 ; free virtual = 17994

Routing Is Done.
INFO: [Common 17-83] Releasing license: Implementation
93 Infos, 0 Warnings, 0 Critical Warnings and 0 Errors encountered.
route_design completed successfully
route_design: Time (s): cpu = 00:00:20 ; elapsed = 00:00:15 . Memory (MB): peak = 3217.383 ; gain = 78.219 ; free physical = 2068 ; free virtual = 17994
INFO: [Common 17-600] The following parameters have non-default value.
general.maxThreads
INFO: [Timing 38-480] Writing timing data to binary archive.
Writing placer database...
Writing XDEF routing.
Writing XDEF routing logical nets.
Writing XDEF routing special nets.
Write XDEF Complete: Time (s): cpu = 00:00:00.32 ; elapsed = 00:00:00.10 . Memory (MB): peak = 3225.387 ; gain = 0.000 ; free physical = 2052 ; free virtual = 17982
INFO: [Common 17-1381] The checkpoint '/home/zynq-user/Industri-University_Course/PL_PS_nand/PL_PS_nand.runs/impl_1/design_1_wrapper_routed.dcp' has been generated.
INFO: [runtcl-4] Executing : report_drc -file design_1_wrapper_drc_routed.rpt -pb design_1_wrapper_drc_routed.pb -rpx design_1_wrapper_drc_routed.rpx
Command: report_drc -file design_1_wrapper_drc_routed.rpt -pb design_1_wrapper_drc_routed.pb -rpx design_1_wrapper_drc_routed.rpx
INFO: [IP_Flow 19-1839] IP Catalog is up to date.
INFO: [DRC 23-27] Running DRC with 4 threads
INFO: [Vivado_Tcl 2-168] The results of DRC are in file /home/zynq-user/Industri-University_Course/PL_PS_nand/PL_PS_nand.runs/impl_1/design_1_wrapper_drc_routed.rpt.
report_drc completed successfully
INFO: [runtcl-4] Executing : report_methodology -file design_1_wrapper_methodology_drc_routed.rpt -pb design_1_wrapper_methodology_drc_routed.pb -rpx design_1_wrapper_methodology_drc_routed.rpx
Command: report_methodology -file design_1_wrapper_methodology_drc_routed.rpt -pb design_1_wrapper_methodology_drc_routed.pb -rpx design_1_wrapper_methodology_drc_routed.rpx
INFO: [Timing 38-35] Done setting XDC timing constraints.
INFO: [DRC 23-133] Running Methodology with 4 threads
INFO: [Vivado_Tcl 2-1520] The results of Report Methodology are in file /home/zynq-user/Industri-University_Course/PL_PS_nand/PL_PS_nand.runs/impl_1/design_1_wrapper_methodology_drc_routed.rpt.
report_methodology completed successfully
INFO: [runtcl-4] Executing : report_power -file design_1_wrapper_power_routed.rpt -pb design_1_wrapper_power_summary_routed.pb -rpx design_1_wrapper_power_routed.rpx
Command: report_power -file design_1_wrapper_power_routed.rpt -pb design_1_wrapper_power_summary_routed.pb -rpx design_1_wrapper_power_routed.rpx
INFO: [Timing 38-35] Done setting XDC timing constraints.
Running Vector-less Activity Propagation...

Finished Running Vector-less Activity Propagation
106 Infos, 0 Warnings, 0 Critical Warnings and 0 Errors encountered.
report_power completed successfully
INFO: [runtcl-4] Executing : report_route_status -file design_1_wrapper_route_status.rpt -pb design_1_wrapper_route_status.pb
INFO: [runtcl-4] Executing : report_timing_summary -max_paths 10 -file design_1_wrapper_timing_summary_routed.rpt -pb design_1_wrapper_timing_summary_routed.pb -rpx design_1_wrapper_timing_summary_routed.rpx -warn_on_violation 
INFO: [Timing 38-91] UpdateTimingParams: Speed grade: -1, Delay Type: min_max.
INFO: [Timing 38-191] Multithreading enabled for timing update using a maximum of 4 CPUs
INFO: [runtcl-4] Executing : report_incremental_reuse -file design_1_wrapper_incremental_reuse_routed.rpt
INFO: [Vivado_Tcl 4-1062] Incremental flow is disabled. No incremental reuse Info to report.
INFO: [runtcl-4] Executing : report_clock_utilization -file design_1_wrapper_clock_utilization_routed.rpt
INFO: [runtcl-4] Executing : report_bus_skew -warn_on_violation -file design_1_wrapper_bus_skew_routed.rpt -pb design_1_wrapper_bus_skew_routed.pb -rpx design_1_wrapper_bus_skew_routed.rpx
INFO: [Timing 38-91] UpdateTimingParams: Speed grade: -1, Delay Type: min_max.
INFO: [Timing 38-191] Multithreading enabled for timing update using a maximum of 4 CPUs
Command: write_bitstream -force design_1_wrapper.bit
Attempting to get a license for feature 'Implementation' and/or device 'xc7z020'
INFO: [Common 17-349] Got license for feature 'Implementation' and/or device 'xc7z020'
Running DRC as a precondition to command write_bitstream
INFO: [IP_Flow 19-1839] IP Catalog is up to date.
INFO: [DRC 23-27] Running DRC with 4 threads
INFO: [Vivado 12-3199] DRC finished with 0 Errors
INFO: [Vivado 12-3200] Please refer to the DRC report (report_drc) for more information.
INFO: [Designutils 20-2272] Running write_bitstream with 4 threads.
Loading data files...
Loading site data...
Loading route data...
Processing options...
Creating bitmap...
Creating bitstream...
Writing bitstream ./design_1_wrapper.bit...
INFO: [Vivado 12-1842] Bitgen Completed Successfully.
INFO: [Common 17-83] Releasing license: Implementation
11 Infos, 0 Warnings, 0 Critical Warnings and 0 Errors encountered.
write_bitstream completed successfully
write_bitstream: Time (s): cpu = 00:00:09 ; elapsed = 00:00:11 . Memory (MB): peak = 3577.914 ; gain = 297.859 ; free physical = 2036 ; free virtual = 17975
INFO: [Common 17-206] Exiting Vivado at Fri Sep 17 19:46:04 2021...
