

================================================================
== Vitis HLS Report for 'matrix_mult'
================================================================
* Date:           Sun Sep 19 18:34:48 2021

* Version:        2021.1 (Build 3247384 on Thu Jun 10 19:36:07 MDT 2021)
* Project:        matrix_mult_prj
* Solution:       solution2 (Vivado IP Flow Target)
* Product family: zynq
* Target device:  xc7z020-clg484-1


================================================================
== Performance Estimates
================================================================
+ Timing: 
    * Summary: 
    +--------+---------+----------+------------+
    |  Clock |  Target | Estimated| Uncertainty|
    +--------+---------+----------+------------+
    |ap_clk  |  5.00 ns|  4.102 ns|     1.35 ns|
    +--------+---------+----------+------------+

+ Latency: 
    * Summary: 
    +---------+---------+----------+----------+-----+-----+---------+
    |  Latency (cycles) |  Latency (absolute) |  Interval | Pipeline|
    |   min   |   max   |    min   |    max   | min | max |   Type  |
    +---------+---------+----------+----------+-----+-----+---------+
    |      258|      258|  1.290 us|  1.290 us|  259|  259|       no|
    +---------+---------+----------+----------+-----+-----+---------+

    + Detail: 
        * Instance: 
        N/A

        * Loop: 
        +-------------------+---------+---------+----------+-----------+-----------+------+----------+
        |                   |  Latency (cycles) | Iteration|  Initiation Interval  | Trip |          |
        |     Loop Name     |   min   |   max   |  Latency |  achieved |   target  | Count| Pipelined|
        +-------------------+---------+---------+----------+-----------+-----------+------+----------+
        |- Row_Col_Product  |      256|      256|         9|          2|          2|   125|       yes|
        +-------------------+---------+---------+----------+-----------+-----------+------+----------+

============================================================
+ Verbose Summary: Synthesis Manager
============================================================
InlineROM: 1
ExposeGlobal: 0
============================================================
+ Verbose Summary: CDFG Model
============================================================
IsTopModel: 1
ResetActiveHigh: 1
IsCombinational: 0
IsDatapathOnly: 0
HasWiredReturn: 1
HasMFsm: 2
HasVarLatency: 1
IsPipeline: 0
IsRtlPipelined: 0
IsInstanceOverlapped: 0
IsDontTouch: 0
HasImplIP: 0
IsGatedGlobalClock: 0

+ Individual pipeline summary: 
  * Pipeline-0: initiation interval (II) = 2, depth = 9


============================================================
+ Verbose Summary: Schedule
============================================================
* Number of FSM states : 9
* Pipeline : 1
  Pipeline-0 : II = 2, D = 9, States = { 1 2 3 4 5 6 7 8 9 }
* Dataflow Pipeline: 0

* FSM state transitions: 
1 --> 2 
2 --> 3 
3 --> 4 
4 --> 5 
5 --> 6 
6 --> 7 
7 --> 8 
8 --> 9 
9 --> 

* FSM state operations: 

State 1 <SV = 0> <Delay = 3.45>
ST_1 : Operation 12 [1/1] (0.00ns)   --->   "%empty = alloca i32 1"   --->   Operation 12 'alloca' 'empty' <Predicate = true> <Delay = 0.00>
ST_1 : Operation 13 [1/1] (0.00ns)   --->   "%k = alloca i32 1"   --->   Operation 13 'alloca' 'k' <Predicate = true> <Delay = 0.00>
ST_1 : Operation 14 [1/1] (0.00ns)   --->   "%j = alloca i32 1"   --->   Operation 14 'alloca' 'j' <Predicate = true> <Delay = 0.00>
ST_1 : Operation 15 [1/1] (0.00ns)   --->   "%indvar_flatten = alloca i32 1"   --->   Operation 15 'alloca' 'indvar_flatten' <Predicate = true> <Delay = 0.00>
ST_1 : Operation 16 [1/1] (0.00ns)   --->   "%i = alloca i32 1"   --->   Operation 16 'alloca' 'i' <Predicate = true> <Delay = 0.00>
ST_1 : Operation 17 [1/1] (0.00ns)   --->   "%indvar_flatten15 = alloca i32 1"   --->   Operation 17 'alloca' 'indvar_flatten15' <Predicate = true> <Delay = 0.00>
ST_1 : Operation 18 [1/1] (0.00ns)   --->   "%spectopmodule_ln0 = spectopmodule void @_ssdm_op_SpecTopModule, void @empty_1"   --->   Operation 18 'spectopmodule' 'spectopmodule_ln0' <Predicate = true> <Delay = 0.00>
ST_1 : Operation 19 [1/1] (0.00ns)   --->   "%specinterface_ln0 = specinterface void @_ssdm_op_SpecInterface, i8 %a, void @empty, i32 0, i32 0, void @empty_0, i32 4294967295, i32 0, void @empty_0, void @empty_0, void @empty_0, i32 0, i32 0, i32 0, i32 0, void @empty_0, void @empty_0"   --->   Operation 19 'specinterface' 'specinterface_ln0' <Predicate = true> <Delay = 0.00>
ST_1 : Operation 20 [1/1] (0.00ns)   --->   "%specbitsmap_ln0 = specbitsmap void @_ssdm_op_SpecBitsMap, i8 %a"   --->   Operation 20 'specbitsmap' 'specbitsmap_ln0' <Predicate = true> <Delay = 0.00>
ST_1 : Operation 21 [1/1] (0.00ns)   --->   "%specinterface_ln0 = specinterface void @_ssdm_op_SpecInterface, i8 %b, void @empty, i32 0, i32 0, void @empty_0, i32 4294967295, i32 0, void @empty_0, void @empty_0, void @empty_0, i32 0, i32 0, i32 0, i32 0, void @empty_0, void @empty_0"   --->   Operation 21 'specinterface' 'specinterface_ln0' <Predicate = true> <Delay = 0.00>
ST_1 : Operation 22 [1/1] (0.00ns)   --->   "%specbitsmap_ln0 = specbitsmap void @_ssdm_op_SpecBitsMap, i8 %b"   --->   Operation 22 'specbitsmap' 'specbitsmap_ln0' <Predicate = true> <Delay = 0.00>
ST_1 : Operation 23 [1/1] (0.00ns)   --->   "%specinterface_ln0 = specinterface void @_ssdm_op_SpecInterface, i16 %prod, void @empty, i32 0, i32 0, void @empty_0, i32 4294967295, i32 0, void @empty_0, void @empty_0, void @empty_0, i32 0, i32 0, i32 0, i32 0, void @empty_0, void @empty_0"   --->   Operation 23 'specinterface' 'specinterface_ln0' <Predicate = true> <Delay = 0.00>
ST_1 : Operation 24 [1/1] (0.00ns)   --->   "%specbitsmap_ln0 = specbitsmap void @_ssdm_op_SpecBitsMap, i16 %prod"   --->   Operation 24 'specbitsmap' 'specbitsmap_ln0' <Predicate = true> <Delay = 0.00>
ST_1 : Operation 25 [1/1] (1.58ns)   --->   "%store_ln10 = store i7 0, i7 %indvar_flatten15" [matrix_mult.cpp:10]   --->   Operation 25 'store' 'store_ln10' <Predicate = true> <Delay = 1.58>
ST_1 : Operation 26 [1/1] (1.58ns)   --->   "%store_ln10 = store i3 0, i3 %i" [matrix_mult.cpp:10]   --->   Operation 26 'store' 'store_ln10' <Predicate = true> <Delay = 1.58>
ST_1 : Operation 27 [1/1] (1.58ns)   --->   "%store_ln10 = store i6 0, i6 %indvar_flatten" [matrix_mult.cpp:10]   --->   Operation 27 'store' 'store_ln10' <Predicate = true> <Delay = 1.58>
ST_1 : Operation 28 [1/1] (1.58ns)   --->   "%store_ln10 = store i3 0, i3 %j" [matrix_mult.cpp:10]   --->   Operation 28 'store' 'store_ln10' <Predicate = true> <Delay = 1.58>
ST_1 : Operation 29 [1/1] (1.58ns)   --->   "%store_ln10 = store i3 0, i3 %k" [matrix_mult.cpp:10]   --->   Operation 29 'store' 'store_ln10' <Predicate = true> <Delay = 1.58>
ST_1 : Operation 30 [1/1] (1.58ns)   --->   "%store_ln10 = store i16 0, i16 %empty" [matrix_mult.cpp:10]   --->   Operation 30 'store' 'store_ln10' <Predicate = true> <Delay = 1.58>
ST_1 : Operation 31 [1/1] (0.00ns)   --->   "%br_ln10 = br void" [matrix_mult.cpp:10]   --->   Operation 31 'br' 'br_ln10' <Predicate = true> <Delay = 0.00>
ST_1 : Operation 32 [1/1] (0.00ns)   --->   "%indvar_flatten15_load = load i7 %indvar_flatten15" [matrix_mult.cpp:10]   --->   Operation 32 'load' 'indvar_flatten15_load' <Predicate = true> <Delay = 0.00>
ST_1 : Operation 33 [1/1] (1.48ns)   --->   "%icmp_ln10 = icmp_eq  i7 %indvar_flatten15_load, i7 125" [matrix_mult.cpp:10]   --->   Operation 33 'icmp' 'icmp_ln10' <Predicate = true> <Delay = 1.48> <CoreInst = "Cmp">   --->   Core 9 'Cmp' <Latency = 0> <II = 1> <Delay = 1.13> <FuncUnit> <Opcode : 'icmp'> <InPorts = 2> <OutPorts = 1>
ST_1 : Operation 34 [1/1] (1.87ns)   --->   "%add_ln10_1 = add i7 %indvar_flatten15_load, i7 1" [matrix_mult.cpp:10]   --->   Operation 34 'add' 'add_ln10_1' <Predicate = true> <Delay = 1.87> <CoreInst = "Adder">   --->   Core 1 'Adder' <Latency = 0> <II = 1> <Delay = 1.65> <FuncUnit> <Opcode : 'add' 'sub'> <InPorts = 2> <OutPorts = 1>
ST_1 : Operation 35 [1/1] (0.00ns)   --->   "%br_ln10 = br i1 %icmp_ln10, void %.split4, void" [matrix_mult.cpp:10]   --->   Operation 35 'br' 'br_ln10' <Predicate = true> <Delay = 0.00>
ST_1 : Operation 36 [1/1] (0.00ns)   --->   "%indvar_flatten_load_1 = load i6 %indvar_flatten" [matrix_mult.cpp:12]   --->   Operation 36 'load' 'indvar_flatten_load_1' <Predicate = (!icmp_ln10)> <Delay = 0.00>
ST_1 : Operation 37 [1/1] (0.00ns)   --->   "%i_load = load i3 %i" [matrix_mult.cpp:10]   --->   Operation 37 'load' 'i_load' <Predicate = (!icmp_ln10)> <Delay = 0.00>
ST_1 : Operation 38 [1/1] (1.65ns)   --->   "%add_ln10 = add i3 %i_load, i3 1" [matrix_mult.cpp:10]   --->   Operation 38 'add' 'add_ln10' <Predicate = (!icmp_ln10)> <Delay = 1.65> <CoreInst = "Adder">   --->   Core 1 'Adder' <Latency = 0> <II = 1> <Delay = 1.65> <FuncUnit> <Opcode : 'add' 'sub'> <InPorts = 2> <OutPorts = 1>
ST_1 : Operation 39 [1/1] (1.42ns)   --->   "%icmp_ln12 = icmp_eq  i6 %indvar_flatten_load_1, i6 25" [matrix_mult.cpp:12]   --->   Operation 39 'icmp' 'icmp_ln12' <Predicate = (!icmp_ln10)> <Delay = 1.42> <CoreInst = "Cmp">   --->   Core 9 'Cmp' <Latency = 0> <II = 1> <Delay = 1.13> <FuncUnit> <Opcode : 'icmp'> <InPorts = 2> <OutPorts = 1>
ST_1 : Operation 40 [1/1] (0.98ns)   --->   "%select_ln10_1 = select i1 %icmp_ln12, i3 %add_ln10, i3 %i_load" [matrix_mult.cpp:10]   --->   Operation 40 'select' 'select_ln10_1' <Predicate = (!icmp_ln10)> <Delay = 0.98> <CoreInst = "Sel">   --->   Core 73 'Sel' <Latency = 0> <II = 1> <Delay = 0.80> <FuncUnit> <Opcode : 'select'> <InPorts = 3> <OutPorts = 1>
ST_1 : Operation 41 [1/1] (0.00ns)   --->   "%indvar_flatten_load = load i6 %indvar_flatten" [matrix_mult.cpp:12]   --->   Operation 41 'load' 'indvar_flatten_load' <Predicate = (!icmp_ln10)> <Delay = 0.00>
ST_1 : Operation 42 [1/1] (1.82ns)   --->   "%add_ln12_1 = add i6 %indvar_flatten_load, i6 1" [matrix_mult.cpp:12]   --->   Operation 42 'add' 'add_ln12_1' <Predicate = (!icmp_ln10)> <Delay = 1.82> <CoreInst = "Adder">   --->   Core 1 'Adder' <Latency = 0> <II = 1> <Delay = 1.65> <FuncUnit> <Opcode : 'add' 'sub'> <InPorts = 2> <OutPorts = 1>
ST_1 : Operation 43 [1/1] (1.58ns)   --->   "%store_ln10 = store i7 %add_ln10_1, i7 %indvar_flatten15" [matrix_mult.cpp:10]   --->   Operation 43 'store' 'store_ln10' <Predicate = (!icmp_ln10)> <Delay = 1.58>

State 2 <SV = 1> <Delay = 4.06>
ST_2 : Operation 44 [1/1] (0.00ns)   --->   "%k_load = load i3 %k" [matrix_mult.cpp:15]   --->   Operation 44 'load' 'k_load' <Predicate = (!icmp_ln10)> <Delay = 0.00>
ST_2 : Operation 45 [1/1] (0.00ns)   --->   "%j_load = load i3 %j" [matrix_mult.cpp:10]   --->   Operation 45 'load' 'j_load' <Predicate = (!icmp_ln10 & !icmp_ln12)> <Delay = 0.00>
ST_2 : Operation 46 [1/1] (0.98ns)   --->   "%select_ln10 = select i1 %icmp_ln12, i3 0, i3 %j_load" [matrix_mult.cpp:10]   --->   Operation 46 'select' 'select_ln10' <Predicate = (!icmp_ln10)> <Delay = 0.98> <CoreInst = "Sel">   --->   Core 73 'Sel' <Latency = 0> <II = 1> <Delay = 0.80> <FuncUnit> <Opcode : 'select'> <InPorts = 3> <OutPorts = 1>
ST_2 : Operation 47 [1/1] (0.00ns)   --->   "%zext_ln16 = zext i3 %select_ln10_1" [matrix_mult.cpp:16]   --->   Operation 47 'zext' 'zext_ln16' <Predicate = (!icmp_ln10)> <Delay = 0.00>
ST_2 : Operation 48 [1/1] (0.00ns)   --->   "%tmp = bitconcatenate i5 @_ssdm_op_BitConcatenate.i5.i3.i2, i3 %select_ln10_1, i2 0" [matrix_mult.cpp:16]   --->   Operation 48 'bitconcatenate' 'tmp' <Predicate = (!icmp_ln10)> <Delay = 0.00>
ST_2 : Operation 49 [1/1] (1.78ns)   --->   "%add_ln16_1 = add i5 %tmp, i5 %zext_ln16" [matrix_mult.cpp:16]   --->   Operation 49 'add' 'add_ln16_1' <Predicate = (!icmp_ln10)> <Delay = 1.78> <CoreInst = "Adder">   --->   Core 1 'Adder' <Latency = 0> <II = 1> <Delay = 1.65> <FuncUnit> <Opcode : 'add' 'sub'> <InPorts = 2> <OutPorts = 1>
ST_2 : Operation 50 [1/1] (0.00ns) (grouped into LUT with out node and_ln10)   --->   "%xor_ln10 = xor i1 %icmp_ln12, i1 1" [matrix_mult.cpp:10]   --->   Operation 50 'xor' 'xor_ln10' <Predicate = (!icmp_ln10)> <Delay = 0.00> <CoreInst = "LogicGate">   --->   Core 74 'LogicGate' <Latency = 0> <II = 1> <Delay = 0.97> <FuncUnit> <Opcode : 'and' 'or' 'xor'> <InPorts = 2> <OutPorts = 1>
ST_2 : Operation 51 [1/1] (1.13ns)   --->   "%icmp_ln15 = icmp_eq  i3 %k_load, i3 5" [matrix_mult.cpp:15]   --->   Operation 51 'icmp' 'icmp_ln15' <Predicate = (!icmp_ln10)> <Delay = 1.13> <CoreInst = "Cmp">   --->   Core 9 'Cmp' <Latency = 0> <II = 1> <Delay = 1.13> <FuncUnit> <Opcode : 'icmp'> <InPorts = 2> <OutPorts = 1>
ST_2 : Operation 52 [1/1] (0.97ns) (out node of the LUT)   --->   "%and_ln10 = and i1 %icmp_ln15, i1 %xor_ln10" [matrix_mult.cpp:10]   --->   Operation 52 'and' 'and_ln10' <Predicate = (!icmp_ln10)> <Delay = 0.97> <CoreInst = "LogicGate">   --->   Core 74 'LogicGate' <Latency = 0> <II = 1> <Delay = 0.97> <FuncUnit> <Opcode : 'and' 'or' 'xor'> <InPorts = 2> <OutPorts = 1>
ST_2 : Operation 53 [1/1] (1.65ns)   --->   "%add_ln12 = add i3 %select_ln10, i3 1" [matrix_mult.cpp:12]   --->   Operation 53 'add' 'add_ln12' <Predicate = (!icmp_ln10)> <Delay = 1.65> <CoreInst = "Adder">   --->   Core 1 'Adder' <Latency = 0> <II = 1> <Delay = 1.65> <FuncUnit> <Opcode : 'add' 'sub'> <InPorts = 2> <OutPorts = 1>
ST_2 : Operation 54 [1/1] (0.97ns)   --->   "%or_ln12 = or i1 %and_ln10, i1 %icmp_ln12" [matrix_mult.cpp:12]   --->   Operation 54 'or' 'or_ln12' <Predicate = (!icmp_ln10)> <Delay = 0.97> <CoreInst = "LogicGate">   --->   Core 74 'LogicGate' <Latency = 0> <II = 1> <Delay = 0.97> <FuncUnit> <Opcode : 'and' 'or' 'xor'> <InPorts = 2> <OutPorts = 1>
ST_2 : Operation 55 [1/1] (0.98ns)   --->   "%select_ln12 = select i1 %or_ln12, i3 0, i3 %k_load" [matrix_mult.cpp:12]   --->   Operation 55 'select' 'select_ln12' <Predicate = (!icmp_ln10)> <Delay = 0.98> <CoreInst = "Sel">   --->   Core 73 'Sel' <Latency = 0> <II = 1> <Delay = 0.80> <FuncUnit> <Opcode : 'select'> <InPorts = 3> <OutPorts = 1>
ST_2 : Operation 56 [1/1] (0.98ns)   --->   "%select_ln12_2 = select i1 %and_ln10, i3 %add_ln12, i3 %select_ln10" [matrix_mult.cpp:12]   --->   Operation 56 'select' 'select_ln12_2' <Predicate = (!icmp_ln10)> <Delay = 0.98> <CoreInst = "Sel">   --->   Core 73 'Sel' <Latency = 0> <II = 1> <Delay = 0.80> <FuncUnit> <Opcode : 'select'> <InPorts = 3> <OutPorts = 1>
ST_2 : Operation 57 [1/1] (1.18ns)   --->   "%select_ln12_3 = select i1 %icmp_ln12, i6 1, i6 %add_ln12_1" [matrix_mult.cpp:12]   --->   Operation 57 'select' 'select_ln12_3' <Predicate = (!icmp_ln10)> <Delay = 1.18> <CoreInst = "Sel">   --->   Core 73 'Sel' <Latency = 0> <II = 1> <Delay = 0.80> <FuncUnit> <Opcode : 'select'> <InPorts = 3> <OutPorts = 1>
ST_2 : Operation 58 [1/1] (1.58ns)   --->   "%store_ln10 = store i3 %select_ln10_1, i3 %i" [matrix_mult.cpp:10]   --->   Operation 58 'store' 'store_ln10' <Predicate = (!icmp_ln10)> <Delay = 1.58>
ST_2 : Operation 59 [1/1] (1.58ns)   --->   "%store_ln12 = store i6 %select_ln12_3, i6 %indvar_flatten" [matrix_mult.cpp:12]   --->   Operation 59 'store' 'store_ln12' <Predicate = (!icmp_ln10)> <Delay = 1.58>

State 3 <SV = 2> <Delay = 4.10>
ST_3 : Operation 60 [1/1] (0.00ns)   --->   "%zext_ln13 = zext i3 %select_ln12_2" [matrix_mult.cpp:13]   --->   Operation 60 'zext' 'zext_ln13' <Predicate = true> <Delay = 0.00>
ST_3 : Operation 61 [1/1] (1.78ns)   --->   "%add_ln13 = add i5 %add_ln16_1, i5 %zext_ln13" [matrix_mult.cpp:13]   --->   Operation 61 'add' 'add_ln13' <Predicate = true> <Delay = 1.78> <CoreInst = "Adder">   --->   Core 1 'Adder' <Latency = 0> <II = 1> <Delay = 1.65> <FuncUnit> <Opcode : 'add' 'sub'> <InPorts = 2> <OutPorts = 1>
ST_3 : Operation 62 [1/1] (0.00ns)   --->   "%zext_ln16_1 = zext i3 %select_ln12" [matrix_mult.cpp:16]   --->   Operation 62 'zext' 'zext_ln16_1' <Predicate = true> <Delay = 0.00>
ST_3 : Operation 63 [1/1] (1.78ns)   --->   "%add_ln16_2 = add i5 %add_ln16_1, i5 %zext_ln16_1" [matrix_mult.cpp:16]   --->   Operation 63 'add' 'add_ln16_2' <Predicate = true> <Delay = 1.78> <CoreInst = "Adder">   --->   Core 1 'Adder' <Latency = 0> <II = 1> <Delay = 1.65> <FuncUnit> <Opcode : 'add' 'sub'> <InPorts = 2> <OutPorts = 1>
ST_3 : Operation 64 [1/1] (0.00ns)   --->   "%zext_ln16_2 = zext i5 %add_ln16_2" [matrix_mult.cpp:16]   --->   Operation 64 'zext' 'zext_ln16_2' <Predicate = true> <Delay = 0.00>
ST_3 : Operation 65 [1/1] (0.00ns)   --->   "%a_addr = getelementptr i8 %a, i64 0, i64 %zext_ln16_2" [matrix_mult.cpp:16]   --->   Operation 65 'getelementptr' 'a_addr' <Predicate = true> <Delay = 0.00>
ST_3 : Operation 66 [1/1] (0.00ns)   --->   "%tmp_1 = bitconcatenate i5 @_ssdm_op_BitConcatenate.i5.i3.i2, i3 %select_ln12, i2 0" [matrix_mult.cpp:16]   --->   Operation 66 'bitconcatenate' 'tmp_1' <Predicate = true> <Delay = 0.00>
ST_3 : Operation 67 [1/1] (0.00ns) (grouped into TernaryAdder)   --->   "%add_ln16_3 = add i5 %zext_ln16_1, i5 %tmp_1" [matrix_mult.cpp:16]   --->   Operation 67 'add' 'add_ln16_3' <Predicate = true> <Delay = 0.00> <CoreInst = "TAddSub">   --->   Core 10 'TAddSub' <Latency = 0> <II = 1> <Delay = 1.70> <IPBlock> <Opcode : 'add' 'sub'> <InPorts = 3> <OutPorts = 1> <Sync> <CReg>
ST_3 : Operation 68 [1/1] (3.40ns) (root node of TernaryAdder)   --->   "%add_ln16_4 = add i5 %add_ln16_3, i5 %zext_ln13" [matrix_mult.cpp:16]   --->   Operation 68 'add' 'add_ln16_4' <Predicate = true> <Delay = 3.40> <CoreInst = "TAddSub">   --->   Core 10 'TAddSub' <Latency = 0> <II = 1> <Delay = 1.70> <IPBlock> <Opcode : 'add' 'sub'> <InPorts = 3> <OutPorts = 1> <Sync> <CReg>
ST_3 : Operation 69 [2/2] (2.32ns)   --->   "%a_load = load i5 %a_addr" [matrix_mult.cpp:16]   --->   Operation 69 'load' 'a_load' <Predicate = true> <Delay = 2.32> <CoreInst = "RAM">   --->   Core 82 'RAM' <Latency = 1> <II = 1> <Delay = 2.32> <Storage> <Opcode : 'load' 'store'> <Ports = 2> <Width = 8> <Depth = 25> <RAM>
ST_3 : Operation 70 [1/1] (1.65ns)   --->   "%add_ln15 = add i3 %select_ln12, i3 1" [matrix_mult.cpp:15]   --->   Operation 70 'add' 'add_ln15' <Predicate = true> <Delay = 1.65> <CoreInst = "Adder">   --->   Core 1 'Adder' <Latency = 0> <II = 1> <Delay = 1.65> <FuncUnit> <Opcode : 'add' 'sub'> <InPorts = 2> <OutPorts = 1>
ST_3 : Operation 71 [1/1] (1.13ns)   --->   "%icmp_ln15_1 = icmp_eq  i3 %add_ln15, i3 5" [matrix_mult.cpp:15]   --->   Operation 71 'icmp' 'icmp_ln15_1' <Predicate = true> <Delay = 1.13> <CoreInst = "Cmp">   --->   Core 9 'Cmp' <Latency = 0> <II = 1> <Delay = 1.13> <FuncUnit> <Opcode : 'icmp'> <InPorts = 2> <OutPorts = 1>
ST_3 : Operation 72 [1/1] (0.00ns)   --->   "%br_ln15 = br i1 %icmp_ln15_1, void %ifFalse, void %ifTrue" [matrix_mult.cpp:15]   --->   Operation 72 'br' 'br_ln15' <Predicate = true> <Delay = 0.00>
ST_3 : Operation 73 [1/1] (1.58ns)   --->   "%store_ln12 = store i3 %select_ln12_2, i3 %j" [matrix_mult.cpp:12]   --->   Operation 73 'store' 'store_ln12' <Predicate = true> <Delay = 1.58>
ST_3 : Operation 74 [1/1] (1.58ns)   --->   "%store_ln15 = store i3 %add_ln15, i3 %k" [matrix_mult.cpp:15]   --->   Operation 74 'store' 'store_ln15' <Predicate = true> <Delay = 1.58>

State 4 <SV = 3> <Delay = 2.32>
ST_4 : Operation 75 [1/1] (0.00ns)   --->   "%zext_ln16_3 = zext i5 %add_ln16_4" [matrix_mult.cpp:16]   --->   Operation 75 'zext' 'zext_ln16_3' <Predicate = true> <Delay = 0.00>
ST_4 : Operation 76 [1/1] (0.00ns)   --->   "%b_addr = getelementptr i8 %b, i64 0, i64 %zext_ln16_3" [matrix_mult.cpp:16]   --->   Operation 76 'getelementptr' 'b_addr' <Predicate = true> <Delay = 0.00>
ST_4 : Operation 77 [1/2] (2.32ns)   --->   "%a_load = load i5 %a_addr" [matrix_mult.cpp:16]   --->   Operation 77 'load' 'a_load' <Predicate = true> <Delay = 2.32> <CoreInst = "RAM">   --->   Core 82 'RAM' <Latency = 1> <II = 1> <Delay = 2.32> <Storage> <Opcode : 'load' 'store'> <Ports = 2> <Width = 8> <Depth = 25> <RAM>
ST_4 : Operation 78 [2/2] (2.32ns)   --->   "%b_load = load i5 %b_addr" [matrix_mult.cpp:16]   --->   Operation 78 'load' 'b_load' <Predicate = true> <Delay = 2.32> <CoreInst = "RAM">   --->   Core 82 'RAM' <Latency = 1> <II = 1> <Delay = 2.32> <Storage> <Opcode : 'load' 'store'> <Ports = 2> <Width = 8> <Depth = 25> <RAM>

State 5 <SV = 4> <Delay = 3.37>
ST_5 : Operation 79 [1/1] (0.00ns)   --->   "%sext_ln16 = sext i8 %a_load" [matrix_mult.cpp:16]   --->   Operation 79 'sext' 'sext_ln16' <Predicate = true> <Delay = 0.00>
ST_5 : Operation 80 [1/2] (2.32ns)   --->   "%b_load = load i5 %b_addr" [matrix_mult.cpp:16]   --->   Operation 80 'load' 'b_load' <Predicate = true> <Delay = 2.32> <CoreInst = "RAM">   --->   Core 82 'RAM' <Latency = 1> <II = 1> <Delay = 2.32> <Storage> <Opcode : 'load' 'store'> <Ports = 2> <Width = 8> <Depth = 25> <RAM>
ST_5 : Operation 81 [1/1] (0.00ns)   --->   "%sext_ln16_1 = sext i8 %b_load" [matrix_mult.cpp:16]   --->   Operation 81 'sext' 'sext_ln16_1' <Predicate = true> <Delay = 0.00>
ST_5 : Operation 82 [3/3] (1.05ns) (grouped into DSP with root node add_ln16)   --->   "%mul_ln16 = mul i16 %sext_ln16_1, i16 %sext_ln16" [matrix_mult.cpp:16]   --->   Operation 82 'mul' 'mul_ln16' <Predicate = true> <Delay = 1.05> <CoreInst = "DSP48">   --->   Core 119 'DSP48' <Latency = 3> <II = 1> <Delay = 2.15> <IPBlock> <Opcode : 'mul' 'add' 'sub' 'select'> <InPorts = 0> <OutPorts = 1> <Sync> <CReg>

State 6 <SV = 5> <Delay = 1.05>
ST_6 : Operation 83 [2/3] (1.05ns) (grouped into DSP with root node add_ln16)   --->   "%mul_ln16 = mul i16 %sext_ln16_1, i16 %sext_ln16" [matrix_mult.cpp:16]   --->   Operation 83 'mul' 'mul_ln16' <Predicate = true> <Delay = 1.05> <CoreInst = "DSP48">   --->   Core 119 'DSP48' <Latency = 3> <II = 1> <Delay = 2.15> <IPBlock> <Opcode : 'mul' 'add' 'sub' 'select'> <InPorts = 0> <OutPorts = 1> <Sync> <CReg>

State 7 <SV = 6> <Delay = 2.90>
ST_7 : Operation 84 [1/1] (0.00ns)   --->   "%p_load = load i16 %empty" [matrix_mult.cpp:12]   --->   Operation 84 'load' 'p_load' <Predicate = (!or_ln12)> <Delay = 0.00>
ST_7 : Operation 85 [1/1] (0.80ns)   --->   "%select_ln12_1 = select i1 %or_ln12, i16 0, i16 %p_load" [matrix_mult.cpp:12]   --->   Operation 85 'select' 'select_ln12_1' <Predicate = true> <Delay = 0.80> <CoreInst = "Sel">   --->   Core 73 'Sel' <Latency = 0> <II = 1> <Delay = 0.80> <FuncUnit> <Opcode : 'select'> <InPorts = 3> <OutPorts = 1>
ST_7 : Operation 86 [1/3] (0.00ns) (grouped into DSP with root node add_ln16)   --->   "%mul_ln16 = mul i16 %sext_ln16_1, i16 %sext_ln16" [matrix_mult.cpp:16]   --->   Operation 86 'mul' 'mul_ln16' <Predicate = true> <Delay = 0.00> <CoreInst = "DSP48">   --->   Core 119 'DSP48' <Latency = 3> <II = 1> <Delay = 2.15> <IPBlock> <Opcode : 'mul' 'add' 'sub' 'select'> <InPorts = 0> <OutPorts = 1> <Sync> <CReg>
ST_7 : Operation 87 [2/2] (2.10ns) (root node of the DSP)   --->   "%add_ln16 = add i16 %mul_ln16, i16 %select_ln12_1" [matrix_mult.cpp:16]   --->   Operation 87 'add' 'add_ln16' <Predicate = true> <Delay = 2.10> <CoreInst = "DSP48">   --->   Core 119 'DSP48' <Latency = 3> <II = 1> <Delay = 2.15> <IPBlock> <Opcode : 'mul' 'add' 'sub' 'select'> <InPorts = 0> <OutPorts = 1> <Sync> <CReg>
ST_7 : Operation 100 [1/1] (0.00ns)   --->   "%ret_ln21 = ret" [matrix_mult.cpp:21]   --->   Operation 100 'ret' 'ret_ln21' <Predicate = (icmp_ln10)> <Delay = 0.00>

State 8 <SV = 7> <Delay = 3.68>
ST_8 : Operation 88 [1/1] (0.00ns)   --->   "%specloopname_ln0 = specloopname void @_ssdm_op_SpecLoopName, void @Row_Col_Product_str"   --->   Operation 88 'specloopname' 'specloopname_ln0' <Predicate = true> <Delay = 0.00>
ST_8 : Operation 89 [1/1] (0.00ns)   --->   "%empty_6 = speclooptripcount i32 @_ssdm_op_SpecLoopTripCount, i64 125, i64 125, i64 125"   --->   Operation 89 'speclooptripcount' 'empty_6' <Predicate = true> <Delay = 0.00>
ST_8 : Operation 90 [1/1] (0.00ns)   --->   "%specloopname_ln0 = specloopname void @_ssdm_op_SpecLoopName, void @Col_Product_str"   --->   Operation 90 'specloopname' 'specloopname_ln0' <Predicate = true> <Delay = 0.00>
ST_8 : Operation 91 [1/1] (0.00ns)   --->   "%zext_ln13_1 = zext i5 %add_ln13" [matrix_mult.cpp:13]   --->   Operation 91 'zext' 'zext_ln13_1' <Predicate = true> <Delay = 0.00>
ST_8 : Operation 92 [1/1] (0.00ns)   --->   "%prod_addr = getelementptr i16 %prod, i64 0, i64 %zext_ln13_1" [matrix_mult.cpp:13]   --->   Operation 92 'getelementptr' 'prod_addr' <Predicate = true> <Delay = 0.00>
ST_8 : Operation 93 [1/1] (0.00ns)   --->   "%specpipeline_ln15 = specpipeline void @_ssdm_op_SpecPipeline, i32 2, i32 0, i32 0, i32 0, void @empty_0" [matrix_mult.cpp:15]   --->   Operation 93 'specpipeline' 'specpipeline_ln15' <Predicate = true> <Delay = 0.00>
ST_8 : Operation 94 [1/1] (0.00ns)   --->   "%specloopname_ln15 = specloopname void @_ssdm_op_SpecLoopName, void @empty_2" [matrix_mult.cpp:15]   --->   Operation 94 'specloopname' 'specloopname_ln15' <Predicate = true> <Delay = 0.00>
ST_8 : Operation 95 [1/2] (2.10ns) (root node of the DSP)   --->   "%add_ln16 = add i16 %mul_ln16, i16 %select_ln12_1" [matrix_mult.cpp:16]   --->   Operation 95 'add' 'add_ln16' <Predicate = true> <Delay = 2.10> <CoreInst = "DSP48">   --->   Core 119 'DSP48' <Latency = 3> <II = 1> <Delay = 2.15> <IPBlock> <Opcode : 'mul' 'add' 'sub' 'select'> <InPorts = 0> <OutPorts = 1> <Sync> <CReg>
ST_8 : Operation 96 [1/1] (1.58ns)   --->   "%store_ln16 = store i16 %add_ln16, i16 %empty" [matrix_mult.cpp:16]   --->   Operation 96 'store' 'store_ln16' <Predicate = true> <Delay = 1.58>
ST_8 : Operation 97 [1/1] (0.00ns)   --->   "%br_ln0 = br void"   --->   Operation 97 'br' 'br_ln0' <Predicate = true> <Delay = 0.00>

State 9 <SV = 8> <Delay = 2.32>
ST_9 : Operation 98 [1/1] (2.32ns)   --->   "%store_ln16 = store i16 %add_ln16, i5 %prod_addr" [matrix_mult.cpp:16]   --->   Operation 98 'store' 'store_ln16' <Predicate = (icmp_ln15_1)> <Delay = 2.32> <CoreInst = "RAM">   --->   Core 82 'RAM' <Latency = 1> <II = 1> <Delay = 2.32> <Storage> <Opcode : 'load' 'store'> <Ports = 2> <Width = 16> <Depth = 25> <RAM>
ST_9 : Operation 99 [1/1] (0.00ns)   --->   "%br_ln0 = br void %ifFalse"   --->   Operation 99 'br' 'br_ln0' <Predicate = (icmp_ln15_1)> <Delay = 0.00>


============================================================
+ Verbose Summary: Binding
============================================================
STG Binding: 
---------------- STG Properties BEGIN ----------------
- Is combinational: 0
- Is one-state seq: 0
- Is datapath-only: 0
- Is pipelined: 0
- Is top level: 1
Port [ Return ] is wired: 1; IO mode=ap_ctrl_hs:ce=0
Port [ a]:  wired=1; compound=1; hidden=0; nouse=0; global=0; static=0; extern=0; dir=0; type=1; pingpong=0; private_global=0; MemPort=[13]; IO mode=ap_memory:ce=0
Port [ b]:  wired=1; compound=1; hidden=0; nouse=0; global=0; static=0; extern=0; dir=0; type=1; pingpong=0; private_global=0; MemPort=[13]; IO mode=ap_memory:ce=0
Port [ prod]:  wired=1; compound=1; hidden=0; nouse=0; global=0; static=0; extern=0; dir=1; type=1; pingpong=0; private_global=0; MemPort=[03]; IO mode=ap_memory:ce=0
---------------- STG Properties END ------------------

---------------- Datapath Model BEGIN ----------------

<LifeTime>
<method=bitvector/>
empty                 (alloca           ) [ 0111111110]
k                     (alloca           ) [ 0111000000]
j                     (alloca           ) [ 0111000000]
indvar_flatten        (alloca           ) [ 0110000000]
i                     (alloca           ) [ 0110000000]
indvar_flatten15      (alloca           ) [ 0100000000]
spectopmodule_ln0     (spectopmodule    ) [ 0000000000]
specinterface_ln0     (specinterface    ) [ 0000000000]
specbitsmap_ln0       (specbitsmap      ) [ 0000000000]
specinterface_ln0     (specinterface    ) [ 0000000000]
specbitsmap_ln0       (specbitsmap      ) [ 0000000000]
specinterface_ln0     (specinterface    ) [ 0000000000]
specbitsmap_ln0       (specbitsmap      ) [ 0000000000]
store_ln10            (store            ) [ 0000000000]
store_ln10            (store            ) [ 0000000000]
store_ln10            (store            ) [ 0000000000]
store_ln10            (store            ) [ 0000000000]
store_ln10            (store            ) [ 0000000000]
store_ln10            (store            ) [ 0000000000]
br_ln10               (br               ) [ 0000000000]
indvar_flatten15_load (load             ) [ 0000000000]
icmp_ln10             (icmp             ) [ 0111111100]
add_ln10_1            (add              ) [ 0000000000]
br_ln10               (br               ) [ 0000000000]
indvar_flatten_load_1 (load             ) [ 0000000000]
i_load                (load             ) [ 0000000000]
add_ln10              (add              ) [ 0000000000]
icmp_ln12             (icmp             ) [ 0010000000]
select_ln10_1         (select           ) [ 0010000000]
indvar_flatten_load   (load             ) [ 0000000000]
add_ln12_1            (add              ) [ 0010000000]
store_ln10            (store            ) [ 0000000000]
k_load                (load             ) [ 0000000000]
j_load                (load             ) [ 0000000000]
select_ln10           (select           ) [ 0000000000]
zext_ln16             (zext             ) [ 0000000000]
tmp                   (bitconcatenate   ) [ 0000000000]
add_ln16_1            (add              ) [ 0101000000]
xor_ln10              (xor              ) [ 0000000000]
icmp_ln15             (icmp             ) [ 0000000000]
and_ln10              (and              ) [ 0000000000]
add_ln12              (add              ) [ 0000000000]
or_ln12               (or               ) [ 0111111100]
select_ln12           (select           ) [ 0101000000]
select_ln12_2         (select           ) [ 0101000000]
select_ln12_3         (select           ) [ 0000000000]
store_ln10            (store            ) [ 0000000000]
store_ln12            (store            ) [ 0000000000]
zext_ln13             (zext             ) [ 0000000000]
add_ln13              (add              ) [ 0110111110]
zext_ln16_1           (zext             ) [ 0000000000]
add_ln16_2            (add              ) [ 0000000000]
zext_ln16_2           (zext             ) [ 0000000000]
a_addr                (getelementptr    ) [ 0010100000]
tmp_1                 (bitconcatenate   ) [ 0000000000]
add_ln16_3            (add              ) [ 0000000000]
add_ln16_4            (add              ) [ 0010100000]
add_ln15              (add              ) [ 0000000000]
icmp_ln15_1           (icmp             ) [ 0110111111]
br_ln15               (br               ) [ 0000000000]
store_ln12            (store            ) [ 0000000000]
store_ln15            (store            ) [ 0000000000]
zext_ln16_3           (zext             ) [ 0000000000]
b_addr                (getelementptr    ) [ 0100010000]
a_load                (load             ) [ 0100010000]
sext_ln16             (sext             ) [ 0110001100]
b_load                (load             ) [ 0000000000]
sext_ln16_1           (sext             ) [ 0110001100]
p_load                (load             ) [ 0000000000]
select_ln12_1         (select           ) [ 0010000010]
mul_ln16              (mul              ) [ 0010000010]
specloopname_ln0      (specloopname     ) [ 0000000000]
empty_6               (speclooptripcount) [ 0000000000]
specloopname_ln0      (specloopname     ) [ 0000000000]
zext_ln13_1           (zext             ) [ 0000000000]
prod_addr             (getelementptr    ) [ 0100000001]
specpipeline_ln15     (specpipeline     ) [ 0000000000]
specloopname_ln15     (specloopname     ) [ 0000000000]
add_ln16              (add              ) [ 0100000001]
store_ln16            (store            ) [ 0000000000]
br_ln0                (br               ) [ 0000000000]
store_ln16            (store            ) [ 0000000000]
br_ln0                (br               ) [ 0000000000]
ret_ln21              (ret              ) [ 0000000000]
</LifeTime>

<model>

<comp_list>
<comp id="0" class="1000" name="a">
<pin_list>
<pin id="1" dir="1" index="0" bw="1" slack="0"/>
</pin_list>
<bind>
<StgValue><ssdm name="a"/><MemPortTyVec>1 3 </MemPortTyVec>
</StgValue>
</bind>
</comp>

<comp id="2" class="1000" name="b">
<pin_list>
<pin id="3" dir="1" index="0" bw="1" slack="0"/>
</pin_list>
<bind>
<StgValue><ssdm name="b"/><MemPortTyVec>1 3 </MemPortTyVec>
</StgValue>
</bind>
</comp>

<comp id="4" class="1000" name="prod">
<pin_list>
<pin id="5" dir="1" index="0" bw="1" slack="0"/>
</pin_list>
<bind>
<StgValue><ssdm name="prod"/><MemPortTyVec>0 3 </MemPortTyVec>
</StgValue>
</bind>
</comp>

<comp id="6" class="1001" name="const_6">
<pin_list>
<pin id="7" dir="1" index="0" bw="1" slack="0"/>
</pin_list>
<bind>
<StgValue><ssdm name=""/></StgValue>
</bind>
</comp>

<comp id="8" class="1001" name="const_8">
<pin_list>
<pin id="9" dir="1" index="0" bw="1" slack="2147483647"/>
</pin_list>
<bind>
<StgValue><ssdm name="_ssdm_op_SpecTopModule"/></StgValue>
</bind>
</comp>

<comp id="10" class="1001" name="const_10">
<pin_list>
<pin id="11" dir="1" index="0" bw="1" slack="2147483647"/>
</pin_list>
<bind>
<StgValue><ssdm name="empty_1"/></StgValue>
</bind>
</comp>

<comp id="12" class="1001" name="const_12">
<pin_list>
<pin id="13" dir="1" index="0" bw="1" slack="2147483647"/>
</pin_list>
<bind>
<StgValue><ssdm name="_ssdm_op_SpecInterface"/></StgValue>
</bind>
</comp>

<comp id="14" class="1001" name="const_14">
<pin_list>
<pin id="15" dir="1" index="0" bw="1" slack="2147483647"/>
</pin_list>
<bind>
<StgValue><ssdm name="empty"/></StgValue>
</bind>
</comp>

<comp id="16" class="1001" name="const_16">
<pin_list>
<pin id="17" dir="1" index="0" bw="1" slack="2147483647"/>
</pin_list>
<bind>
<StgValue><ssdm name=""/></StgValue>
</bind>
</comp>

<comp id="18" class="1001" name="const_18">
<pin_list>
<pin id="19" dir="1" index="0" bw="1" slack="2147483647"/>
</pin_list>
<bind>
<StgValue><ssdm name="empty_0"/></StgValue>
</bind>
</comp>

<comp id="20" class="1001" name="const_20">
<pin_list>
<pin id="21" dir="1" index="0" bw="1" slack="2147483647"/>
</pin_list>
<bind>
<StgValue><ssdm name=""/></StgValue>
</bind>
</comp>

<comp id="22" class="1001" name="const_22">
<pin_list>
<pin id="23" dir="1" index="0" bw="1" slack="2147483647"/>
</pin_list>
<bind>
<StgValue><ssdm name="_ssdm_op_SpecBitsMap"/></StgValue>
</bind>
</comp>

<comp id="24" class="1001" name="const_24">
<pin_list>
<pin id="25" dir="1" index="0" bw="1" slack="0"/>
</pin_list>
<bind>
<StgValue><ssdm name=""/></StgValue>
</bind>
</comp>

<comp id="26" class="1001" name="const_26">
<pin_list>
<pin id="27" dir="1" index="0" bw="1" slack="0"/>
</pin_list>
<bind>
<StgValue><ssdm name=""/></StgValue>
</bind>
</comp>

<comp id="28" class="1001" name="const_28">
<pin_list>
<pin id="29" dir="1" index="0" bw="1" slack="0"/>
</pin_list>
<bind>
<StgValue><ssdm name=""/></StgValue>
</bind>
</comp>

<comp id="30" class="1001" name="const_30">
<pin_list>
<pin id="31" dir="1" index="0" bw="1" slack="0"/>
</pin_list>
<bind>
<StgValue><ssdm name=""/></StgValue>
</bind>
</comp>

<comp id="32" class="1001" name="const_32">
<pin_list>
<pin id="33" dir="1" index="0" bw="1" slack="0"/>
</pin_list>
<bind>
<StgValue><ssdm name=""/></StgValue>
</bind>
</comp>

<comp id="34" class="1001" name="const_34">
<pin_list>
<pin id="35" dir="1" index="0" bw="1" slack="0"/>
</pin_list>
<bind>
<StgValue><ssdm name=""/></StgValue>
</bind>
</comp>

<comp id="36" class="1001" name="const_36">
<pin_list>
<pin id="37" dir="1" index="0" bw="1" slack="0"/>
</pin_list>
<bind>
<StgValue><ssdm name=""/></StgValue>
</bind>
</comp>

<comp id="38" class="1001" name="const_38">
<pin_list>
<pin id="39" dir="1" index="0" bw="1" slack="0"/>
</pin_list>
<bind>
<StgValue><ssdm name=""/></StgValue>
</bind>
</comp>

<comp id="40" class="1001" name="const_40">
<pin_list>
<pin id="41" dir="1" index="0" bw="1" slack="0"/>
</pin_list>
<bind>
<StgValue><ssdm name=""/></StgValue>
</bind>
</comp>

<comp id="42" class="1001" name="const_42">
<pin_list>
<pin id="43" dir="1" index="0" bw="1" slack="0"/>
</pin_list>
<bind>
<StgValue><ssdm name="_ssdm_op_BitConcatenate.i5.i3.i2"/></StgValue>
</bind>
</comp>

<comp id="44" class="1001" name="const_44">
<pin_list>
<pin id="45" dir="1" index="0" bw="1" slack="0"/>
</pin_list>
<bind>
<StgValue><ssdm name=""/></StgValue>
</bind>
</comp>

<comp id="46" class="1001" name="const_46">
<pin_list>
<pin id="47" dir="1" index="0" bw="1" slack="0"/>
</pin_list>
<bind>
<StgValue><ssdm name=""/></StgValue>
</bind>
</comp>

<comp id="48" class="1001" name="const_48">
<pin_list>
<pin id="49" dir="1" index="0" bw="1" slack="0"/>
</pin_list>
<bind>
<StgValue><ssdm name=""/></StgValue>
</bind>
</comp>

<comp id="50" class="1001" name="const_50">
<pin_list>
<pin id="51" dir="1" index="0" bw="1" slack="0"/>
</pin_list>
<bind>
<StgValue><ssdm name=""/></StgValue>
</bind>
</comp>

<comp id="52" class="1001" name="const_52">
<pin_list>
<pin id="53" dir="1" index="0" bw="1" slack="2147483647"/>
</pin_list>
<bind>
<StgValue><ssdm name="_ssdm_op_SpecLoopName"/></StgValue>
</bind>
</comp>

<comp id="54" class="1001" name="const_54">
<pin_list>
<pin id="55" dir="1" index="0" bw="1" slack="2147483647"/>
</pin_list>
<bind>
<StgValue><ssdm name="Row_Col_Product_str"/></StgValue>
</bind>
</comp>

<comp id="56" class="1001" name="const_56">
<pin_list>
<pin id="57" dir="1" index="0" bw="1" slack="2147483647"/>
</pin_list>
<bind>
<StgValue><ssdm name="_ssdm_op_SpecLoopTripCount"/></StgValue>
</bind>
</comp>

<comp id="58" class="1001" name="const_58">
<pin_list>
<pin id="59" dir="1" index="0" bw="1" slack="2147483647"/>
</pin_list>
<bind>
<StgValue><ssdm name=""/></StgValue>
</bind>
</comp>

<comp id="60" class="1001" name="const_60">
<pin_list>
<pin id="61" dir="1" index="0" bw="1" slack="2147483647"/>
</pin_list>
<bind>
<StgValue><ssdm name="Col_Product_str"/></StgValue>
</bind>
</comp>

<comp id="62" class="1001" name="const_62">
<pin_list>
<pin id="63" dir="1" index="0" bw="1" slack="2147483647"/>
</pin_list>
<bind>
<StgValue><ssdm name="_ssdm_op_SpecPipeline"/></StgValue>
</bind>
</comp>

<comp id="64" class="1001" name="const_64">
<pin_list>
<pin id="65" dir="1" index="0" bw="1" slack="2147483647"/>
</pin_list>
<bind>
<StgValue><ssdm name=""/></StgValue>
</bind>
</comp>

<comp id="66" class="1001" name="const_66">
<pin_list>
<pin id="67" dir="1" index="0" bw="1" slack="2147483647"/>
</pin_list>
<bind>
<StgValue><ssdm name="empty_2"/></StgValue>
</bind>
</comp>

<comp id="68" class="1004" name="empty_fu_68">
<pin_list>
<pin id="69" dir="0" index="0" bw="1" slack="0"/>
<pin id="70" dir="1" index="1" bw="16" slack="0"/>
</pin_list>
<bind>
<opcode="alloca(26) " fcode="alloca"/>
<opset="empty/1 "/>
</bind>
</comp>

<comp id="72" class="1004" name="k_fu_72">
<pin_list>
<pin id="73" dir="0" index="0" bw="1" slack="0"/>
<pin id="74" dir="1" index="1" bw="3" slack="0"/>
</pin_list>
<bind>
<opcode="alloca(26) " fcode="alloca"/>
<opset="k/1 "/>
</bind>
</comp>

<comp id="76" class="1004" name="j_fu_76">
<pin_list>
<pin id="77" dir="0" index="0" bw="1" slack="0"/>
<pin id="78" dir="1" index="1" bw="3" slack="0"/>
</pin_list>
<bind>
<opcode="alloca(26) " fcode="alloca"/>
<opset="j/1 "/>
</bind>
</comp>

<comp id="80" class="1004" name="indvar_flatten_fu_80">
<pin_list>
<pin id="81" dir="0" index="0" bw="1" slack="0"/>
<pin id="82" dir="1" index="1" bw="6" slack="0"/>
</pin_list>
<bind>
<opcode="alloca(26) " fcode="alloca"/>
<opset="indvar_flatten/1 "/>
</bind>
</comp>

<comp id="84" class="1004" name="i_fu_84">
<pin_list>
<pin id="85" dir="0" index="0" bw="1" slack="0"/>
<pin id="86" dir="1" index="1" bw="3" slack="0"/>
</pin_list>
<bind>
<opcode="alloca(26) " fcode="alloca"/>
<opset="i/1 "/>
</bind>
</comp>

<comp id="88" class="1004" name="indvar_flatten15_fu_88">
<pin_list>
<pin id="89" dir="0" index="0" bw="1" slack="0"/>
<pin id="90" dir="1" index="1" bw="7" slack="0"/>
</pin_list>
<bind>
<opcode="alloca(26) " fcode="alloca"/>
<opset="indvar_flatten15/1 "/>
</bind>
</comp>

<comp id="92" class="1004" name="a_addr_gep_fu_92">
<pin_list>
<pin id="93" dir="0" index="0" bw="8" slack="0"/>
<pin id="94" dir="0" index="1" bw="1" slack="0"/>
<pin id="95" dir="0" index="2" bw="5" slack="0"/>
<pin id="96" dir="1" index="3" bw="5" slack="0"/>
</pin_list>
<bind>
<opcode="getelementptr(29) " fcode="getelementptr"/>
<opset="a_addr/3 "/>
</bind>
</comp>

<comp id="99" class="1004" name="grp_access_fu_99">
<pin_list>
<pin id="100" dir="0" index="0" bw="5" slack="0"/>
<pin id="101" dir="0" index="1" bw="8" slack="2147483647"/>
<pin id="102" dir="0" index="2" bw="0" slack="2147483647"/>
<pin id="103" dir="1" index="3" bw="8" slack="1"/>
</pin_list>
<bind>
<opcode="load(27) " fcode="load"/>
<opset="a_load/3 "/>
</bind>
</comp>

<comp id="105" class="1004" name="b_addr_gep_fu_105">
<pin_list>
<pin id="106" dir="0" index="0" bw="8" slack="0"/>
<pin id="107" dir="0" index="1" bw="1" slack="0"/>
<pin id="108" dir="0" index="2" bw="5" slack="0"/>
<pin id="109" dir="1" index="3" bw="5" slack="0"/>
</pin_list>
<bind>
<opcode="getelementptr(29) " fcode="getelementptr"/>
<opset="b_addr/4 "/>
</bind>
</comp>

<comp id="112" class="1004" name="grp_access_fu_112">
<pin_list>
<pin id="113" dir="0" index="0" bw="5" slack="0"/>
<pin id="114" dir="0" index="1" bw="8" slack="2147483647"/>
<pin id="115" dir="0" index="2" bw="0" slack="2147483647"/>
<pin id="116" dir="1" index="3" bw="8" slack="0"/>
</pin_list>
<bind>
<opcode="load(27) " fcode="load"/>
<opset="b_load/4 "/>
</bind>
</comp>

<comp id="118" class="1004" name="prod_addr_gep_fu_118">
<pin_list>
<pin id="119" dir="0" index="0" bw="16" slack="0"/>
<pin id="120" dir="0" index="1" bw="1" slack="0"/>
<pin id="121" dir="0" index="2" bw="5" slack="0"/>
<pin id="122" dir="1" index="3" bw="5" slack="1"/>
</pin_list>
<bind>
<opcode="getelementptr(29) " fcode="getelementptr"/>
<opset="prod_addr/8 "/>
</bind>
</comp>

<comp id="125" class="1004" name="store_ln16_access_fu_125">
<pin_list>
<pin id="126" dir="0" index="0" bw="5" slack="1"/>
<pin id="127" dir="0" index="1" bw="16" slack="1"/>
<pin id="128" dir="0" index="2" bw="0" slack="2147483647"/>
<pin id="129" dir="1" index="3" bw="16" slack="2147483647"/>
</pin_list>
<bind>
<opcode="store(28) " fcode="store"/>
<opset="store_ln16/9 "/>
</bind>
</comp>

<comp id="130" class="1004" name="store_ln10_store_fu_130">
<pin_list>
<pin id="131" dir="0" index="0" bw="1" slack="0"/>
<pin id="132" dir="0" index="1" bw="7" slack="0"/>
<pin id="133" dir="1" index="2" bw="0" slack="2147483647"/>
</pin_list>
<bind>
<opcode="store(28) " fcode="store"/>
<opset="store_ln10/1 "/>
</bind>
</comp>

<comp id="135" class="1004" name="store_ln10_store_fu_135">
<pin_list>
<pin id="136" dir="0" index="0" bw="1" slack="0"/>
<pin id="137" dir="0" index="1" bw="3" slack="0"/>
<pin id="138" dir="1" index="2" bw="0" slack="2147483647"/>
</pin_list>
<bind>
<opcode="store(28) " fcode="store"/>
<opset="store_ln10/1 "/>
</bind>
</comp>

<comp id="140" class="1004" name="store_ln10_store_fu_140">
<pin_list>
<pin id="141" dir="0" index="0" bw="1" slack="0"/>
<pin id="142" dir="0" index="1" bw="6" slack="0"/>
<pin id="143" dir="1" index="2" bw="0" slack="2147483647"/>
</pin_list>
<bind>
<opcode="store(28) " fcode="store"/>
<opset="store_ln10/1 "/>
</bind>
</comp>

<comp id="145" class="1004" name="store_ln10_store_fu_145">
<pin_list>
<pin id="146" dir="0" index="0" bw="1" slack="0"/>
<pin id="147" dir="0" index="1" bw="3" slack="0"/>
<pin id="148" dir="1" index="2" bw="0" slack="2147483647"/>
</pin_list>
<bind>
<opcode="store(28) " fcode="store"/>
<opset="store_ln10/1 "/>
</bind>
</comp>

<comp id="150" class="1004" name="store_ln10_store_fu_150">
<pin_list>
<pin id="151" dir="0" index="0" bw="1" slack="0"/>
<pin id="152" dir="0" index="1" bw="3" slack="0"/>
<pin id="153" dir="1" index="2" bw="0" slack="2147483647"/>
</pin_list>
<bind>
<opcode="store(28) " fcode="store"/>
<opset="store_ln10/1 "/>
</bind>
</comp>

<comp id="155" class="1004" name="store_ln10_store_fu_155">
<pin_list>
<pin id="156" dir="0" index="0" bw="1" slack="0"/>
<pin id="157" dir="0" index="1" bw="16" slack="0"/>
<pin id="158" dir="1" index="2" bw="0" slack="2147483647"/>
</pin_list>
<bind>
<opcode="store(28) " fcode="store"/>
<opset="store_ln10/1 "/>
</bind>
</comp>

<comp id="160" class="1004" name="indvar_flatten15_load_load_fu_160">
<pin_list>
<pin id="161" dir="0" index="0" bw="7" slack="0"/>
<pin id="162" dir="1" index="1" bw="7" slack="0"/>
</pin_list>
<bind>
<opcode="load(27) " fcode="load"/>
<opset="indvar_flatten15_load/1 "/>
</bind>
</comp>

<comp id="163" class="1004" name="icmp_ln10_fu_163">
<pin_list>
<pin id="164" dir="0" index="0" bw="7" slack="0"/>
<pin id="165" dir="0" index="1" bw="3" slack="0"/>
<pin id="166" dir="1" index="2" bw="1" slack="1"/>
</pin_list>
<bind>
<opcode="icmp(45) " fcode="icmp"/>
<opset="icmp_ln10/1 "/>
</bind>
</comp>

<comp id="169" class="1004" name="add_ln10_1_fu_169">
<pin_list>
<pin id="170" dir="0" index="0" bw="7" slack="0"/>
<pin id="171" dir="0" index="1" bw="1" slack="0"/>
<pin id="172" dir="1" index="2" bw="7" slack="0"/>
</pin_list>
<bind>
<opcode="add(8) " fcode="add"/>
<opset="add_ln10_1/1 "/>
</bind>
</comp>

<comp id="175" class="1004" name="indvar_flatten_load_1_load_fu_175">
<pin_list>
<pin id="176" dir="0" index="0" bw="6" slack="0"/>
<pin id="177" dir="1" index="1" bw="6" slack="0"/>
</pin_list>
<bind>
<opcode="load(27) " fcode="load"/>
<opset="indvar_flatten_load_1/1 "/>
</bind>
</comp>

<comp id="178" class="1004" name="i_load_load_fu_178">
<pin_list>
<pin id="179" dir="0" index="0" bw="3" slack="0"/>
<pin id="180" dir="1" index="1" bw="3" slack="0"/>
</pin_list>
<bind>
<opcode="load(27) " fcode="load"/>
<opset="i_load/1 "/>
</bind>
</comp>

<comp id="181" class="1004" name="add_ln10_fu_181">
<pin_list>
<pin id="182" dir="0" index="0" bw="3" slack="0"/>
<pin id="183" dir="0" index="1" bw="1" slack="0"/>
<pin id="184" dir="1" index="2" bw="3" slack="0"/>
</pin_list>
<bind>
<opcode="add(8) " fcode="add"/>
<opset="add_ln10/1 "/>
</bind>
</comp>

<comp id="187" class="1004" name="icmp_ln12_fu_187">
<pin_list>
<pin id="188" dir="0" index="0" bw="6" slack="0"/>
<pin id="189" dir="0" index="1" bw="6" slack="0"/>
<pin id="190" dir="1" index="2" bw="1" slack="0"/>
</pin_list>
<bind>
<opcode="icmp(45) " fcode="icmp"/>
<opset="icmp_ln12/1 "/>
</bind>
</comp>

<comp id="193" class="1004" name="select_ln10_1_fu_193">
<pin_list>
<pin id="194" dir="0" index="0" bw="1" slack="0"/>
<pin id="195" dir="0" index="1" bw="3" slack="0"/>
<pin id="196" dir="0" index="2" bw="3" slack="0"/>
<pin id="197" dir="1" index="3" bw="3" slack="1"/>
</pin_list>
<bind>
<opcode="select(49) " fcode="select"/>
<opset="select_ln10_1/1 "/>
</bind>
</comp>

<comp id="201" class="1004" name="indvar_flatten_load_load_fu_201">
<pin_list>
<pin id="202" dir="0" index="0" bw="6" slack="0"/>
<pin id="203" dir="1" index="1" bw="6" slack="0"/>
</pin_list>
<bind>
<opcode="load(27) " fcode="load"/>
<opset="indvar_flatten_load/1 "/>
</bind>
</comp>

<comp id="204" class="1004" name="add_ln12_1_fu_204">
<pin_list>
<pin id="205" dir="0" index="0" bw="6" slack="0"/>
<pin id="206" dir="0" index="1" bw="1" slack="0"/>
<pin id="207" dir="1" index="2" bw="6" slack="1"/>
</pin_list>
<bind>
<opcode="add(8) " fcode="add"/>
<opset="add_ln12_1/1 "/>
</bind>
</comp>

<comp id="210" class="1004" name="store_ln10_store_fu_210">
<pin_list>
<pin id="211" dir="0" index="0" bw="7" slack="0"/>
<pin id="212" dir="0" index="1" bw="7" slack="0"/>
<pin id="213" dir="1" index="2" bw="0" slack="2147483647"/>
</pin_list>
<bind>
<opcode="store(28) " fcode="store"/>
<opset="store_ln10/1 "/>
</bind>
</comp>

<comp id="215" class="1004" name="k_load_load_fu_215">
<pin_list>
<pin id="216" dir="0" index="0" bw="3" slack="1"/>
<pin id="217" dir="1" index="1" bw="3" slack="0"/>
</pin_list>
<bind>
<opcode="load(27) " fcode="load"/>
<opset="k_load/2 "/>
</bind>
</comp>

<comp id="218" class="1004" name="j_load_load_fu_218">
<pin_list>
<pin id="219" dir="0" index="0" bw="3" slack="1"/>
<pin id="220" dir="1" index="1" bw="3" slack="0"/>
</pin_list>
<bind>
<opcode="load(27) " fcode="load"/>
<opset="j_load/2 "/>
</bind>
</comp>

<comp id="221" class="1004" name="select_ln10_fu_221">
<pin_list>
<pin id="222" dir="0" index="0" bw="1" slack="1"/>
<pin id="223" dir="0" index="1" bw="1" slack="0"/>
<pin id="224" dir="0" index="2" bw="3" slack="0"/>
<pin id="225" dir="1" index="3" bw="3" slack="0"/>
</pin_list>
<bind>
<opcode="select(49) " fcode="select"/>
<opset="select_ln10/2 "/>
</bind>
</comp>

<comp id="228" class="1004" name="zext_ln16_fu_228">
<pin_list>
<pin id="229" dir="0" index="0" bw="3" slack="1"/>
<pin id="230" dir="1" index="1" bw="5" slack="0"/>
</pin_list>
<bind>
<opcode="zext(34) " fcode="zext"/>
<opset="zext_ln16/2 "/>
</bind>
</comp>

<comp id="231" class="1004" name="tmp_fu_231">
<pin_list>
<pin id="232" dir="0" index="0" bw="5" slack="0"/>
<pin id="233" dir="0" index="1" bw="3" slack="1"/>
<pin id="234" dir="0" index="2" bw="1" slack="0"/>
<pin id="235" dir="1" index="3" bw="5" slack="0"/>
</pin_list>
<bind>
<opcode="bitconcatenate(1004) " fcode="bitconcatenate"/>
<opset="tmp/2 "/>
</bind>
</comp>

<comp id="238" class="1004" name="add_ln16_1_fu_238">
<pin_list>
<pin id="239" dir="0" index="0" bw="5" slack="0"/>
<pin id="240" dir="0" index="1" bw="3" slack="0"/>
<pin id="241" dir="1" index="2" bw="5" slack="1"/>
</pin_list>
<bind>
<opcode="add(8) " fcode="add"/>
<opset="add_ln16_1/2 "/>
</bind>
</comp>

<comp id="244" class="1004" name="xor_ln10_fu_244">
<pin_list>
<pin id="245" dir="0" index="0" bw="1" slack="1"/>
<pin id="246" dir="0" index="1" bw="1" slack="0"/>
<pin id="247" dir="1" index="2" bw="1" slack="0"/>
</pin_list>
<bind>
<opcode="xor(25) " fcode="xor"/>
<opset="xor_ln10/2 "/>
</bind>
</comp>

<comp id="249" class="1004" name="icmp_ln15_fu_249">
<pin_list>
<pin id="250" dir="0" index="0" bw="3" slack="0"/>
<pin id="251" dir="0" index="1" bw="3" slack="0"/>
<pin id="252" dir="1" index="2" bw="1" slack="0"/>
</pin_list>
<bind>
<opcode="icmp(45) " fcode="icmp"/>
<opset="icmp_ln15/2 "/>
</bind>
</comp>

<comp id="255" class="1004" name="and_ln10_fu_255">
<pin_list>
<pin id="256" dir="0" index="0" bw="1" slack="0"/>
<pin id="257" dir="0" index="1" bw="1" slack="0"/>
<pin id="258" dir="1" index="2" bw="1" slack="0"/>
</pin_list>
<bind>
<opcode="and(23) " fcode="and"/>
<opset="and_ln10/2 "/>
</bind>
</comp>

<comp id="261" class="1004" name="add_ln12_fu_261">
<pin_list>
<pin id="262" dir="0" index="0" bw="3" slack="0"/>
<pin id="263" dir="0" index="1" bw="1" slack="0"/>
<pin id="264" dir="1" index="2" bw="3" slack="0"/>
</pin_list>
<bind>
<opcode="add(8) " fcode="add"/>
<opset="add_ln12/2 "/>
</bind>
</comp>

<comp id="267" class="1004" name="or_ln12_fu_267">
<pin_list>
<pin id="268" dir="0" index="0" bw="1" slack="0"/>
<pin id="269" dir="0" index="1" bw="1" slack="1"/>
<pin id="270" dir="1" index="2" bw="1" slack="0"/>
</pin_list>
<bind>
<opcode="or(24) " fcode="or"/>
<opset="or_ln12/2 "/>
</bind>
</comp>

<comp id="272" class="1004" name="select_ln12_fu_272">
<pin_list>
<pin id="273" dir="0" index="0" bw="1" slack="0"/>
<pin id="274" dir="0" index="1" bw="1" slack="0"/>
<pin id="275" dir="0" index="2" bw="3" slack="0"/>
<pin id="276" dir="1" index="3" bw="3" slack="1"/>
</pin_list>
<bind>
<opcode="select(49) " fcode="select"/>
<opset="select_ln12/2 "/>
</bind>
</comp>

<comp id="280" class="1004" name="select_ln12_2_fu_280">
<pin_list>
<pin id="281" dir="0" index="0" bw="1" slack="0"/>
<pin id="282" dir="0" index="1" bw="3" slack="0"/>
<pin id="283" dir="0" index="2" bw="3" slack="0"/>
<pin id="284" dir="1" index="3" bw="3" slack="1"/>
</pin_list>
<bind>
<opcode="select(49) " fcode="select"/>
<opset="select_ln12_2/2 "/>
</bind>
</comp>

<comp id="288" class="1004" name="select_ln12_3_fu_288">
<pin_list>
<pin id="289" dir="0" index="0" bw="1" slack="1"/>
<pin id="290" dir="0" index="1" bw="1" slack="0"/>
<pin id="291" dir="0" index="2" bw="6" slack="1"/>
<pin id="292" dir="1" index="3" bw="6" slack="0"/>
</pin_list>
<bind>
<opcode="select(49) " fcode="select"/>
<opset="select_ln12_3/2 "/>
</bind>
</comp>

<comp id="294" class="1004" name="store_ln10_store_fu_294">
<pin_list>
<pin id="295" dir="0" index="0" bw="3" slack="1"/>
<pin id="296" dir="0" index="1" bw="3" slack="1"/>
<pin id="297" dir="1" index="2" bw="0" slack="2147483647"/>
</pin_list>
<bind>
<opcode="store(28) " fcode="store"/>
<opset="store_ln10/2 "/>
</bind>
</comp>

<comp id="298" class="1004" name="store_ln12_store_fu_298">
<pin_list>
<pin id="299" dir="0" index="0" bw="6" slack="0"/>
<pin id="300" dir="0" index="1" bw="6" slack="1"/>
<pin id="301" dir="1" index="2" bw="0" slack="2147483647"/>
</pin_list>
<bind>
<opcode="store(28) " fcode="store"/>
<opset="store_ln12/2 "/>
</bind>
</comp>

<comp id="303" class="1004" name="zext_ln13_fu_303">
<pin_list>
<pin id="304" dir="0" index="0" bw="3" slack="1"/>
<pin id="305" dir="1" index="1" bw="5" slack="0"/>
</pin_list>
<bind>
<opcode="zext(34) " fcode="zext"/>
<opset="zext_ln13/3 "/>
</bind>
</comp>

<comp id="306" class="1004" name="add_ln13_fu_306">
<pin_list>
<pin id="307" dir="0" index="0" bw="5" slack="1"/>
<pin id="308" dir="0" index="1" bw="3" slack="0"/>
<pin id="309" dir="1" index="2" bw="5" slack="5"/>
</pin_list>
<bind>
<opcode="add(8) " fcode="add"/>
<opset="add_ln13/3 "/>
</bind>
</comp>

<comp id="311" class="1004" name="zext_ln16_1_fu_311">
<pin_list>
<pin id="312" dir="0" index="0" bw="3" slack="1"/>
<pin id="313" dir="1" index="1" bw="5" slack="0"/>
</pin_list>
<bind>
<opcode="zext(34) " fcode="zext"/>
<opset="zext_ln16_1/3 "/>
</bind>
</comp>

<comp id="314" class="1004" name="add_ln16_2_fu_314">
<pin_list>
<pin id="315" dir="0" index="0" bw="5" slack="1"/>
<pin id="316" dir="0" index="1" bw="3" slack="0"/>
<pin id="317" dir="1" index="2" bw="5" slack="0"/>
</pin_list>
<bind>
<opcode="add(8) " fcode="add"/>
<opset="add_ln16_2/3 "/>
</bind>
</comp>

<comp id="319" class="1004" name="zext_ln16_2_fu_319">
<pin_list>
<pin id="320" dir="0" index="0" bw="5" slack="0"/>
<pin id="321" dir="1" index="1" bw="64" slack="0"/>
</pin_list>
<bind>
<opcode="zext(34) " fcode="zext"/>
<opset="zext_ln16_2/3 "/>
</bind>
</comp>

<comp id="324" class="1004" name="tmp_1_fu_324">
<pin_list>
<pin id="325" dir="0" index="0" bw="5" slack="0"/>
<pin id="326" dir="0" index="1" bw="3" slack="1"/>
<pin id="327" dir="0" index="2" bw="1" slack="0"/>
<pin id="328" dir="1" index="3" bw="5" slack="0"/>
</pin_list>
<bind>
<opcode="bitconcatenate(1004) " fcode="bitconcatenate"/>
<opset="tmp_1/3 "/>
</bind>
</comp>

<comp id="331" class="1004" name="add_ln16_3_fu_331">
<pin_list>
<pin id="332" dir="0" index="0" bw="3" slack="0"/>
<pin id="333" dir="0" index="1" bw="5" slack="0"/>
<pin id="334" dir="1" index="2" bw="5" slack="0"/>
</pin_list>
<bind>
<opcode="add(8) " fcode="add"/>
<opset="add_ln16_3/3 "/>
</bind>
</comp>

<comp id="337" class="1004" name="add_ln16_4_fu_337">
<pin_list>
<pin id="338" dir="0" index="0" bw="5" slack="0"/>
<pin id="339" dir="0" index="1" bw="3" slack="0"/>
<pin id="340" dir="1" index="2" bw="5" slack="1"/>
</pin_list>
<bind>
<opcode="add(8) " fcode="add"/>
<opset="add_ln16_4/3 "/>
</bind>
</comp>

<comp id="343" class="1004" name="add_ln15_fu_343">
<pin_list>
<pin id="344" dir="0" index="0" bw="3" slack="1"/>
<pin id="345" dir="0" index="1" bw="1" slack="0"/>
<pin id="346" dir="1" index="2" bw="3" slack="0"/>
</pin_list>
<bind>
<opcode="add(8) " fcode="add"/>
<opset="add_ln15/3 "/>
</bind>
</comp>

<comp id="348" class="1004" name="icmp_ln15_1_fu_348">
<pin_list>
<pin id="349" dir="0" index="0" bw="3" slack="0"/>
<pin id="350" dir="0" index="1" bw="3" slack="0"/>
<pin id="351" dir="1" index="2" bw="1" slack="6"/>
</pin_list>
<bind>
<opcode="icmp(45) " fcode="icmp"/>
<opset="icmp_ln15_1/3 "/>
</bind>
</comp>

<comp id="354" class="1004" name="store_ln12_store_fu_354">
<pin_list>
<pin id="355" dir="0" index="0" bw="3" slack="1"/>
<pin id="356" dir="0" index="1" bw="3" slack="2"/>
<pin id="357" dir="1" index="2" bw="0" slack="2147483647"/>
</pin_list>
<bind>
<opcode="store(28) " fcode="store"/>
<opset="store_ln12/3 "/>
</bind>
</comp>

<comp id="358" class="1004" name="store_ln15_store_fu_358">
<pin_list>
<pin id="359" dir="0" index="0" bw="3" slack="0"/>
<pin id="360" dir="0" index="1" bw="3" slack="2"/>
<pin id="361" dir="1" index="2" bw="0" slack="2147483647"/>
</pin_list>
<bind>
<opcode="store(28) " fcode="store"/>
<opset="store_ln15/3 "/>
</bind>
</comp>

<comp id="363" class="1004" name="zext_ln16_3_fu_363">
<pin_list>
<pin id="364" dir="0" index="0" bw="5" slack="1"/>
<pin id="365" dir="1" index="1" bw="64" slack="0"/>
</pin_list>
<bind>
<opcode="zext(34) " fcode="zext"/>
<opset="zext_ln16_3/4 "/>
</bind>
</comp>

<comp id="367" class="1004" name="sext_ln16_fu_367">
<pin_list>
<pin id="368" dir="0" index="0" bw="8" slack="1"/>
<pin id="369" dir="1" index="1" bw="16" slack="0"/>
</pin_list>
<bind>
<opcode="sext(35) " fcode="sext"/>
<opset="sext_ln16/5 "/>
</bind>
</comp>

<comp id="370" class="1004" name="sext_ln16_1_fu_370">
<pin_list>
<pin id="371" dir="0" index="0" bw="8" slack="0"/>
<pin id="372" dir="1" index="1" bw="16" slack="0"/>
</pin_list>
<bind>
<opcode="sext(35) " fcode="sext"/>
<opset="sext_ln16_1/5 "/>
</bind>
</comp>

<comp id="374" class="1004" name="p_load_load_fu_374">
<pin_list>
<pin id="375" dir="0" index="0" bw="16" slack="6"/>
<pin id="376" dir="1" index="1" bw="16" slack="0"/>
</pin_list>
<bind>
<opcode="load(27) " fcode="load"/>
<opset="p_load/7 "/>
</bind>
</comp>

<comp id="377" class="1004" name="select_ln12_1_fu_377">
<pin_list>
<pin id="378" dir="0" index="0" bw="1" slack="5"/>
<pin id="379" dir="0" index="1" bw="1" slack="0"/>
<pin id="380" dir="0" index="2" bw="16" slack="0"/>
<pin id="381" dir="1" index="3" bw="16" slack="0"/>
</pin_list>
<bind>
<opcode="select(49) " fcode="select"/>
<opset="select_ln12_1/7 "/>
</bind>
</comp>

<comp id="384" class="1004" name="zext_ln13_1_fu_384">
<pin_list>
<pin id="385" dir="0" index="0" bw="5" slack="5"/>
<pin id="386" dir="1" index="1" bw="64" slack="0"/>
</pin_list>
<bind>
<opcode="zext(34) " fcode="zext"/>
<opset="zext_ln13_1/8 "/>
</bind>
</comp>

<comp id="388" class="1004" name="store_ln16_store_fu_388">
<pin_list>
<pin id="389" dir="0" index="0" bw="16" slack="0"/>
<pin id="390" dir="0" index="1" bw="16" slack="7"/>
<pin id="391" dir="1" index="2" bw="0" slack="2147483647"/>
</pin_list>
<bind>
<opcode="store(28) " fcode="store"/>
<opset="store_ln16/8 "/>
</bind>
</comp>

<comp id="392" class="1007" name="grp_fu_392">
<pin_list>
<pin id="393" dir="0" index="0" bw="8" slack="0"/>
<pin id="394" dir="0" index="1" bw="8" slack="0"/>
<pin id="395" dir="0" index="2" bw="16" slack="0"/>
<pin id="396" dir="1" index="3" bw="16" slack="0"/>
</pin_list>
<bind>
<opcode="muladd(1172) " fcode="muladd"/>
<opset="mul_ln16/5 add_ln16/7 "/>
</bind>
</comp>

<comp id="401" class="1005" name="empty_reg_401">
<pin_list>
<pin id="402" dir="0" index="0" bw="16" slack="0"/>
<pin id="403" dir="1" index="1" bw="16" slack="0"/>
</pin_list>
<bind>
<opset="empty "/>
</bind>
</comp>

<comp id="408" class="1005" name="k_reg_408">
<pin_list>
<pin id="409" dir="0" index="0" bw="3" slack="0"/>
<pin id="410" dir="1" index="1" bw="3" slack="0"/>
</pin_list>
<bind>
<opset="k "/>
</bind>
</comp>

<comp id="415" class="1005" name="j_reg_415">
<pin_list>
<pin id="416" dir="0" index="0" bw="3" slack="0"/>
<pin id="417" dir="1" index="1" bw="3" slack="0"/>
</pin_list>
<bind>
<opset="j "/>
</bind>
</comp>

<comp id="422" class="1005" name="indvar_flatten_reg_422">
<pin_list>
<pin id="423" dir="0" index="0" bw="6" slack="0"/>
<pin id="424" dir="1" index="1" bw="6" slack="0"/>
</pin_list>
<bind>
<opset="indvar_flatten "/>
</bind>
</comp>

<comp id="430" class="1005" name="i_reg_430">
<pin_list>
<pin id="431" dir="0" index="0" bw="3" slack="0"/>
<pin id="432" dir="1" index="1" bw="3" slack="0"/>
</pin_list>
<bind>
<opset="i "/>
</bind>
</comp>

<comp id="437" class="1005" name="indvar_flatten15_reg_437">
<pin_list>
<pin id="438" dir="0" index="0" bw="7" slack="0"/>
<pin id="439" dir="1" index="1" bw="7" slack="0"/>
</pin_list>
<bind>
<opset="indvar_flatten15 "/>
</bind>
</comp>

<comp id="444" class="1005" name="icmp_ln10_reg_444">
<pin_list>
<pin id="445" dir="0" index="0" bw="1" slack="1"/>
<pin id="446" dir="1" index="1" bw="1" slack="2147483647"/>
</pin_list>
<bind>
<opset="icmp_ln10 "/>
</bind>
</comp>

<comp id="448" class="1005" name="icmp_ln12_reg_448">
<pin_list>
<pin id="449" dir="0" index="0" bw="1" slack="1"/>
<pin id="450" dir="1" index="1" bw="1" slack="1"/>
</pin_list>
<bind>
<opset="icmp_ln12 "/>
</bind>
</comp>

<comp id="456" class="1005" name="select_ln10_1_reg_456">
<pin_list>
<pin id="457" dir="0" index="0" bw="3" slack="1"/>
<pin id="458" dir="1" index="1" bw="3" slack="1"/>
</pin_list>
<bind>
<opset="select_ln10_1 "/>
</bind>
</comp>

<comp id="463" class="1005" name="add_ln12_1_reg_463">
<pin_list>
<pin id="464" dir="0" index="0" bw="6" slack="1"/>
<pin id="465" dir="1" index="1" bw="6" slack="1"/>
</pin_list>
<bind>
<opset="add_ln12_1 "/>
</bind>
</comp>

<comp id="468" class="1005" name="add_ln16_1_reg_468">
<pin_list>
<pin id="469" dir="0" index="0" bw="5" slack="1"/>
<pin id="470" dir="1" index="1" bw="5" slack="1"/>
</pin_list>
<bind>
<opset="add_ln16_1 "/>
</bind>
</comp>

<comp id="474" class="1005" name="or_ln12_reg_474">
<pin_list>
<pin id="475" dir="0" index="0" bw="1" slack="5"/>
<pin id="476" dir="1" index="1" bw="1" slack="5"/>
</pin_list>
<bind>
<opset="or_ln12 "/>
</bind>
</comp>

<comp id="479" class="1005" name="select_ln12_reg_479">
<pin_list>
<pin id="480" dir="0" index="0" bw="3" slack="1"/>
<pin id="481" dir="1" index="1" bw="3" slack="1"/>
</pin_list>
<bind>
<opset="select_ln12 "/>
</bind>
</comp>

<comp id="486" class="1005" name="select_ln12_2_reg_486">
<pin_list>
<pin id="487" dir="0" index="0" bw="3" slack="1"/>
<pin id="488" dir="1" index="1" bw="3" slack="1"/>
</pin_list>
<bind>
<opset="select_ln12_2 "/>
</bind>
</comp>

<comp id="492" class="1005" name="add_ln13_reg_492">
<pin_list>
<pin id="493" dir="0" index="0" bw="5" slack="5"/>
<pin id="494" dir="1" index="1" bw="5" slack="5"/>
</pin_list>
<bind>
<opset="add_ln13 "/>
</bind>
</comp>

<comp id="497" class="1005" name="a_addr_reg_497">
<pin_list>
<pin id="498" dir="0" index="0" bw="5" slack="1"/>
<pin id="499" dir="1" index="1" bw="5" slack="1"/>
</pin_list>
<bind>
<opset="a_addr "/>
</bind>
</comp>

<comp id="502" class="1005" name="add_ln16_4_reg_502">
<pin_list>
<pin id="503" dir="0" index="0" bw="5" slack="1"/>
<pin id="504" dir="1" index="1" bw="5" slack="1"/>
</pin_list>
<bind>
<opset="add_ln16_4 "/>
</bind>
</comp>

<comp id="507" class="1005" name="icmp_ln15_1_reg_507">
<pin_list>
<pin id="508" dir="0" index="0" bw="1" slack="6"/>
<pin id="509" dir="1" index="1" bw="1" slack="2147483647"/>
</pin_list>
<bind>
<opset="icmp_ln15_1 "/>
</bind>
</comp>

<comp id="511" class="1005" name="b_addr_reg_511">
<pin_list>
<pin id="512" dir="0" index="0" bw="5" slack="1"/>
<pin id="513" dir="1" index="1" bw="5" slack="1"/>
</pin_list>
<bind>
<opset="b_addr "/>
</bind>
</comp>

<comp id="516" class="1005" name="a_load_reg_516">
<pin_list>
<pin id="517" dir="0" index="0" bw="8" slack="1"/>
<pin id="518" dir="1" index="1" bw="8" slack="1"/>
</pin_list>
<bind>
<opset="a_load "/>
</bind>
</comp>

<comp id="521" class="1005" name="sext_ln16_reg_521">
<pin_list>
<pin id="522" dir="0" index="0" bw="16" slack="1"/>
<pin id="523" dir="1" index="1" bw="16" slack="1"/>
</pin_list>
<bind>
<opset="sext_ln16 "/>
</bind>
</comp>

<comp id="526" class="1005" name="sext_ln16_1_reg_526">
<pin_list>
<pin id="527" dir="0" index="0" bw="16" slack="1"/>
<pin id="528" dir="1" index="1" bw="16" slack="1"/>
</pin_list>
<bind>
<opset="sext_ln16_1 "/>
</bind>
</comp>

<comp id="531" class="1005" name="select_ln12_1_reg_531">
<pin_list>
<pin id="532" dir="0" index="0" bw="16" slack="1"/>
<pin id="533" dir="1" index="1" bw="16" slack="1"/>
</pin_list>
<bind>
<opset="select_ln12_1 "/>
</bind>
</comp>

<comp id="536" class="1005" name="prod_addr_reg_536">
<pin_list>
<pin id="537" dir="0" index="0" bw="5" slack="1"/>
<pin id="538" dir="1" index="1" bw="5" slack="1"/>
</pin_list>
<bind>
<opset="prod_addr "/>
</bind>
</comp>

<comp id="541" class="1005" name="add_ln16_reg_541">
<pin_list>
<pin id="542" dir="0" index="0" bw="16" slack="1"/>
<pin id="543" dir="1" index="1" bw="16" slack="1"/>
</pin_list>
<bind>
<opset="add_ln16 "/>
</bind>
</comp>

</comp_list>

<net_list>
<net id="71"><net_src comp="6" pin="0"/><net_sink comp="68" pin=0"/></net>

<net id="75"><net_src comp="6" pin="0"/><net_sink comp="72" pin=0"/></net>

<net id="79"><net_src comp="6" pin="0"/><net_sink comp="76" pin=0"/></net>

<net id="83"><net_src comp="6" pin="0"/><net_sink comp="80" pin=0"/></net>

<net id="87"><net_src comp="6" pin="0"/><net_sink comp="84" pin=0"/></net>

<net id="91"><net_src comp="6" pin="0"/><net_sink comp="88" pin=0"/></net>

<net id="97"><net_src comp="0" pin="0"/><net_sink comp="92" pin=0"/></net>

<net id="98"><net_src comp="50" pin="0"/><net_sink comp="92" pin=1"/></net>

<net id="104"><net_src comp="92" pin="3"/><net_sink comp="99" pin=0"/></net>

<net id="110"><net_src comp="2" pin="0"/><net_sink comp="105" pin=0"/></net>

<net id="111"><net_src comp="50" pin="0"/><net_sink comp="105" pin=1"/></net>

<net id="117"><net_src comp="105" pin="3"/><net_sink comp="112" pin=0"/></net>

<net id="123"><net_src comp="4" pin="0"/><net_sink comp="118" pin=0"/></net>

<net id="124"><net_src comp="50" pin="0"/><net_sink comp="118" pin=1"/></net>

<net id="134"><net_src comp="24" pin="0"/><net_sink comp="130" pin=0"/></net>

<net id="139"><net_src comp="26" pin="0"/><net_sink comp="135" pin=0"/></net>

<net id="144"><net_src comp="28" pin="0"/><net_sink comp="140" pin=0"/></net>

<net id="149"><net_src comp="26" pin="0"/><net_sink comp="145" pin=0"/></net>

<net id="154"><net_src comp="26" pin="0"/><net_sink comp="150" pin=0"/></net>

<net id="159"><net_src comp="30" pin="0"/><net_sink comp="155" pin=0"/></net>

<net id="167"><net_src comp="160" pin="1"/><net_sink comp="163" pin=0"/></net>

<net id="168"><net_src comp="32" pin="0"/><net_sink comp="163" pin=1"/></net>

<net id="173"><net_src comp="160" pin="1"/><net_sink comp="169" pin=0"/></net>

<net id="174"><net_src comp="34" pin="0"/><net_sink comp="169" pin=1"/></net>

<net id="185"><net_src comp="178" pin="1"/><net_sink comp="181" pin=0"/></net>

<net id="186"><net_src comp="36" pin="0"/><net_sink comp="181" pin=1"/></net>

<net id="191"><net_src comp="175" pin="1"/><net_sink comp="187" pin=0"/></net>

<net id="192"><net_src comp="38" pin="0"/><net_sink comp="187" pin=1"/></net>

<net id="198"><net_src comp="187" pin="2"/><net_sink comp="193" pin=0"/></net>

<net id="199"><net_src comp="181" pin="2"/><net_sink comp="193" pin=1"/></net>

<net id="200"><net_src comp="178" pin="1"/><net_sink comp="193" pin=2"/></net>

<net id="208"><net_src comp="201" pin="1"/><net_sink comp="204" pin=0"/></net>

<net id="209"><net_src comp="40" pin="0"/><net_sink comp="204" pin=1"/></net>

<net id="214"><net_src comp="169" pin="2"/><net_sink comp="210" pin=0"/></net>

<net id="226"><net_src comp="26" pin="0"/><net_sink comp="221" pin=1"/></net>

<net id="227"><net_src comp="218" pin="1"/><net_sink comp="221" pin=2"/></net>

<net id="236"><net_src comp="42" pin="0"/><net_sink comp="231" pin=0"/></net>

<net id="237"><net_src comp="44" pin="0"/><net_sink comp="231" pin=2"/></net>

<net id="242"><net_src comp="231" pin="3"/><net_sink comp="238" pin=0"/></net>

<net id="243"><net_src comp="228" pin="1"/><net_sink comp="238" pin=1"/></net>

<net id="248"><net_src comp="46" pin="0"/><net_sink comp="244" pin=1"/></net>

<net id="253"><net_src comp="215" pin="1"/><net_sink comp="249" pin=0"/></net>

<net id="254"><net_src comp="48" pin="0"/><net_sink comp="249" pin=1"/></net>

<net id="259"><net_src comp="249" pin="2"/><net_sink comp="255" pin=0"/></net>

<net id="260"><net_src comp="244" pin="2"/><net_sink comp="255" pin=1"/></net>

<net id="265"><net_src comp="221" pin="3"/><net_sink comp="261" pin=0"/></net>

<net id="266"><net_src comp="36" pin="0"/><net_sink comp="261" pin=1"/></net>

<net id="271"><net_src comp="255" pin="2"/><net_sink comp="267" pin=0"/></net>

<net id="277"><net_src comp="267" pin="2"/><net_sink comp="272" pin=0"/></net>

<net id="278"><net_src comp="26" pin="0"/><net_sink comp="272" pin=1"/></net>

<net id="279"><net_src comp="215" pin="1"/><net_sink comp="272" pin=2"/></net>

<net id="285"><net_src comp="255" pin="2"/><net_sink comp="280" pin=0"/></net>

<net id="286"><net_src comp="261" pin="2"/><net_sink comp="280" pin=1"/></net>

<net id="287"><net_src comp="221" pin="3"/><net_sink comp="280" pin=2"/></net>

<net id="293"><net_src comp="40" pin="0"/><net_sink comp="288" pin=1"/></net>

<net id="302"><net_src comp="288" pin="3"/><net_sink comp="298" pin=0"/></net>

<net id="310"><net_src comp="303" pin="1"/><net_sink comp="306" pin=1"/></net>

<net id="318"><net_src comp="311" pin="1"/><net_sink comp="314" pin=1"/></net>

<net id="322"><net_src comp="314" pin="2"/><net_sink comp="319" pin=0"/></net>

<net id="323"><net_src comp="319" pin="1"/><net_sink comp="92" pin=2"/></net>

<net id="329"><net_src comp="42" pin="0"/><net_sink comp="324" pin=0"/></net>

<net id="330"><net_src comp="44" pin="0"/><net_sink comp="324" pin=2"/></net>

<net id="335"><net_src comp="311" pin="1"/><net_sink comp="331" pin=0"/></net>

<net id="336"><net_src comp="324" pin="3"/><net_sink comp="331" pin=1"/></net>

<net id="341"><net_src comp="331" pin="2"/><net_sink comp="337" pin=0"/></net>

<net id="342"><net_src comp="303" pin="1"/><net_sink comp="337" pin=1"/></net>

<net id="347"><net_src comp="36" pin="0"/><net_sink comp="343" pin=1"/></net>

<net id="352"><net_src comp="343" pin="2"/><net_sink comp="348" pin=0"/></net>

<net id="353"><net_src comp="48" pin="0"/><net_sink comp="348" pin=1"/></net>

<net id="362"><net_src comp="343" pin="2"/><net_sink comp="358" pin=0"/></net>

<net id="366"><net_src comp="363" pin="1"/><net_sink comp="105" pin=2"/></net>

<net id="373"><net_src comp="112" pin="3"/><net_sink comp="370" pin=0"/></net>

<net id="382"><net_src comp="30" pin="0"/><net_sink comp="377" pin=1"/></net>

<net id="383"><net_src comp="374" pin="1"/><net_sink comp="377" pin=2"/></net>

<net id="387"><net_src comp="384" pin="1"/><net_sink comp="118" pin=2"/></net>

<net id="397"><net_src comp="370" pin="1"/><net_sink comp="392" pin=0"/></net>

<net id="398"><net_src comp="367" pin="1"/><net_sink comp="392" pin=1"/></net>

<net id="399"><net_src comp="377" pin="3"/><net_sink comp="392" pin=2"/></net>

<net id="400"><net_src comp="392" pin="3"/><net_sink comp="388" pin=0"/></net>

<net id="404"><net_src comp="68" pin="1"/><net_sink comp="401" pin=0"/></net>

<net id="405"><net_src comp="401" pin="1"/><net_sink comp="155" pin=1"/></net>

<net id="406"><net_src comp="401" pin="1"/><net_sink comp="374" pin=0"/></net>

<net id="407"><net_src comp="401" pin="1"/><net_sink comp="388" pin=1"/></net>

<net id="411"><net_src comp="72" pin="1"/><net_sink comp="408" pin=0"/></net>

<net id="412"><net_src comp="408" pin="1"/><net_sink comp="150" pin=1"/></net>

<net id="413"><net_src comp="408" pin="1"/><net_sink comp="215" pin=0"/></net>

<net id="414"><net_src comp="408" pin="1"/><net_sink comp="358" pin=1"/></net>

<net id="418"><net_src comp="76" pin="1"/><net_sink comp="415" pin=0"/></net>

<net id="419"><net_src comp="415" pin="1"/><net_sink comp="145" pin=1"/></net>

<net id="420"><net_src comp="415" pin="1"/><net_sink comp="218" pin=0"/></net>

<net id="421"><net_src comp="415" pin="1"/><net_sink comp="354" pin=1"/></net>

<net id="425"><net_src comp="80" pin="1"/><net_sink comp="422" pin=0"/></net>

<net id="426"><net_src comp="422" pin="1"/><net_sink comp="140" pin=1"/></net>

<net id="427"><net_src comp="422" pin="1"/><net_sink comp="175" pin=0"/></net>

<net id="428"><net_src comp="422" pin="1"/><net_sink comp="201" pin=0"/></net>

<net id="429"><net_src comp="422" pin="1"/><net_sink comp="298" pin=1"/></net>

<net id="433"><net_src comp="84" pin="1"/><net_sink comp="430" pin=0"/></net>

<net id="434"><net_src comp="430" pin="1"/><net_sink comp="135" pin=1"/></net>

<net id="435"><net_src comp="430" pin="1"/><net_sink comp="178" pin=0"/></net>

<net id="436"><net_src comp="430" pin="1"/><net_sink comp="294" pin=1"/></net>

<net id="440"><net_src comp="88" pin="1"/><net_sink comp="437" pin=0"/></net>

<net id="441"><net_src comp="437" pin="1"/><net_sink comp="130" pin=1"/></net>

<net id="442"><net_src comp="437" pin="1"/><net_sink comp="160" pin=0"/></net>

<net id="443"><net_src comp="437" pin="1"/><net_sink comp="210" pin=1"/></net>

<net id="447"><net_src comp="163" pin="2"/><net_sink comp="444" pin=0"/></net>

<net id="451"><net_src comp="187" pin="2"/><net_sink comp="448" pin=0"/></net>

<net id="452"><net_src comp="448" pin="1"/><net_sink comp="221" pin=0"/></net>

<net id="453"><net_src comp="448" pin="1"/><net_sink comp="244" pin=0"/></net>

<net id="454"><net_src comp="448" pin="1"/><net_sink comp="267" pin=1"/></net>

<net id="455"><net_src comp="448" pin="1"/><net_sink comp="288" pin=0"/></net>

<net id="459"><net_src comp="193" pin="3"/><net_sink comp="456" pin=0"/></net>

<net id="460"><net_src comp="456" pin="1"/><net_sink comp="228" pin=0"/></net>

<net id="461"><net_src comp="456" pin="1"/><net_sink comp="231" pin=1"/></net>

<net id="462"><net_src comp="456" pin="1"/><net_sink comp="294" pin=0"/></net>

<net id="466"><net_src comp="204" pin="2"/><net_sink comp="463" pin=0"/></net>

<net id="467"><net_src comp="463" pin="1"/><net_sink comp="288" pin=2"/></net>

<net id="471"><net_src comp="238" pin="2"/><net_sink comp="468" pin=0"/></net>

<net id="472"><net_src comp="468" pin="1"/><net_sink comp="306" pin=0"/></net>

<net id="473"><net_src comp="468" pin="1"/><net_sink comp="314" pin=0"/></net>

<net id="477"><net_src comp="267" pin="2"/><net_sink comp="474" pin=0"/></net>

<net id="478"><net_src comp="474" pin="1"/><net_sink comp="377" pin=0"/></net>

<net id="482"><net_src comp="272" pin="3"/><net_sink comp="479" pin=0"/></net>

<net id="483"><net_src comp="479" pin="1"/><net_sink comp="311" pin=0"/></net>

<net id="484"><net_src comp="479" pin="1"/><net_sink comp="324" pin=1"/></net>

<net id="485"><net_src comp="479" pin="1"/><net_sink comp="343" pin=0"/></net>

<net id="489"><net_src comp="280" pin="3"/><net_sink comp="486" pin=0"/></net>

<net id="490"><net_src comp="486" pin="1"/><net_sink comp="303" pin=0"/></net>

<net id="491"><net_src comp="486" pin="1"/><net_sink comp="354" pin=0"/></net>

<net id="495"><net_src comp="306" pin="2"/><net_sink comp="492" pin=0"/></net>

<net id="496"><net_src comp="492" pin="1"/><net_sink comp="384" pin=0"/></net>

<net id="500"><net_src comp="92" pin="3"/><net_sink comp="497" pin=0"/></net>

<net id="501"><net_src comp="497" pin="1"/><net_sink comp="99" pin=0"/></net>

<net id="505"><net_src comp="337" pin="2"/><net_sink comp="502" pin=0"/></net>

<net id="506"><net_src comp="502" pin="1"/><net_sink comp="363" pin=0"/></net>

<net id="510"><net_src comp="348" pin="2"/><net_sink comp="507" pin=0"/></net>

<net id="514"><net_src comp="105" pin="3"/><net_sink comp="511" pin=0"/></net>

<net id="515"><net_src comp="511" pin="1"/><net_sink comp="112" pin=0"/></net>

<net id="519"><net_src comp="99" pin="3"/><net_sink comp="516" pin=0"/></net>

<net id="520"><net_src comp="516" pin="1"/><net_sink comp="367" pin=0"/></net>

<net id="524"><net_src comp="367" pin="1"/><net_sink comp="521" pin=0"/></net>

<net id="525"><net_src comp="521" pin="1"/><net_sink comp="392" pin=1"/></net>

<net id="529"><net_src comp="370" pin="1"/><net_sink comp="526" pin=0"/></net>

<net id="530"><net_src comp="526" pin="1"/><net_sink comp="392" pin=0"/></net>

<net id="534"><net_src comp="377" pin="3"/><net_sink comp="531" pin=0"/></net>

<net id="535"><net_src comp="531" pin="1"/><net_sink comp="392" pin=1"/></net>

<net id="539"><net_src comp="118" pin="3"/><net_sink comp="536" pin=0"/></net>

<net id="540"><net_src comp="536" pin="1"/><net_sink comp="125" pin=0"/></net>

<net id="544"><net_src comp="392" pin="3"/><net_sink comp="541" pin=0"/></net>

<net id="545"><net_src comp="541" pin="1"/><net_sink comp="125" pin=1"/></net>

</net_list>

</model> 
---------------- Datapath Model END ------------------

* FSMD analyzer results:
  - Output states:
	Port: prod | {9 }
 - Input state : 
	Port: matrix_mult : a | {3 4 }
	Port: matrix_mult : b | {4 5 }
  - Chain level:
	State 1
		store_ln10 : 1
		store_ln10 : 1
		store_ln10 : 1
		store_ln10 : 1
		store_ln10 : 1
		store_ln10 : 1
		indvar_flatten15_load : 1
		icmp_ln10 : 2
		add_ln10_1 : 2
		br_ln10 : 3
		indvar_flatten_load_1 : 1
		i_load : 1
		add_ln10 : 2
		icmp_ln12 : 2
		select_ln10_1 : 3
		indvar_flatten_load : 1
		add_ln12_1 : 2
		store_ln10 : 3
	State 2
		select_ln10 : 1
		add_ln16_1 : 1
		icmp_ln15 : 1
		and_ln10 : 2
		add_ln12 : 2
		or_ln12 : 2
		select_ln12 : 2
		select_ln12_2 : 3
		store_ln12 : 1
	State 3
		add_ln13 : 1
		add_ln16_2 : 1
		zext_ln16_2 : 2
		a_addr : 3
		add_ln16_3 : 1
		add_ln16_4 : 2
		a_load : 4
		icmp_ln15_1 : 1
		br_ln15 : 2
		store_ln15 : 1
	State 4
		b_addr : 1
		b_load : 2
	State 5
		sext_ln16_1 : 1
		mul_ln16 : 2
	State 6
	State 7
		select_ln12_1 : 1
		add_ln16 : 2
	State 8
		prod_addr : 1
		store_ln16 : 1
	State 9


============================================================
+ Verbose Summary: Datapath Resource usage 
============================================================

* Functional unit list:
|----------|----------------------|---------|---------|---------|
| Operation|    Functional Unit   |   DSP   |    FF   |   LUT   |
|----------|----------------------|---------|---------|---------|
|          |   add_ln10_1_fu_169  |    0    |    0    |    14   |
|          |    add_ln10_fu_181   |    0    |    0    |    11   |
|          |   add_ln12_1_fu_204  |    0    |    0    |    14   |
|          |   add_ln16_1_fu_238  |    0    |    0    |    13   |
|    add   |    add_ln12_fu_261   |    0    |    0    |    11   |
|          |    add_ln13_fu_306   |    0    |    0    |    13   |
|          |   add_ln16_2_fu_314  |    0    |    0    |    13   |
|          |   add_ln16_3_fu_331  |    0    |    0    |    7    |
|          |   add_ln16_4_fu_337  |    0    |    0    |    7    |
|          |    add_ln15_fu_343   |    0    |    0    |    11   |
|----------|----------------------|---------|---------|---------|
|          |   icmp_ln10_fu_163   |    0    |    0    |    10   |
|   icmp   |   icmp_ln12_fu_187   |    0    |    0    |    10   |
|          |   icmp_ln15_fu_249   |    0    |    0    |    8    |
|          |  icmp_ln15_1_fu_348  |    0    |    0    |    8    |
|----------|----------------------|---------|---------|---------|
|          | select_ln10_1_fu_193 |    0    |    0    |    3    |
|          |  select_ln10_fu_221  |    0    |    0    |    3    |
|  select  |  select_ln12_fu_272  |    0    |    0    |    3    |
|          | select_ln12_2_fu_280 |    0    |    0    |    3    |
|          | select_ln12_3_fu_288 |    0    |    0    |    6    |
|          | select_ln12_1_fu_377 |    0    |    0    |    16   |
|----------|----------------------|---------|---------|---------|
|    xor   |    xor_ln10_fu_244   |    0    |    0    |    2    |
|----------|----------------------|---------|---------|---------|
|    and   |    and_ln10_fu_255   |    0    |    0    |    2    |
|----------|----------------------|---------|---------|---------|
|    or    |    or_ln12_fu_267    |    0    |    0    |    2    |
|----------|----------------------|---------|---------|---------|
|  muladd  |      grp_fu_392      |    1    |    0    |    0    |
|----------|----------------------|---------|---------|---------|
|          |   zext_ln16_fu_228   |    0    |    0    |    0    |
|          |   zext_ln13_fu_303   |    0    |    0    |    0    |
|   zext   |  zext_ln16_1_fu_311  |    0    |    0    |    0    |
|          |  zext_ln16_2_fu_319  |    0    |    0    |    0    |
|          |  zext_ln16_3_fu_363  |    0    |    0    |    0    |
|          |  zext_ln13_1_fu_384  |    0    |    0    |    0    |
|----------|----------------------|---------|---------|---------|
|bitconcatenate|      tmp_fu_231      |    0    |    0    |    0    |
|          |     tmp_1_fu_324     |    0    |    0    |    0    |
|----------|----------------------|---------|---------|---------|
|   sext   |   sext_ln16_fu_367   |    0    |    0    |    0    |
|          |  sext_ln16_1_fu_370  |    0    |    0    |    0    |
|----------|----------------------|---------|---------|---------|
|   Total  |                      |    1    |    0    |   190   |
|----------|----------------------|---------|---------|---------|

Memories:
N/A

* Register list:
+------------------------+--------+
|                        |   FF   |
+------------------------+--------+
|     a_addr_reg_497     |    5   |
|     a_load_reg_516     |    8   |
|   add_ln12_1_reg_463   |    6   |
|    add_ln13_reg_492    |    5   |
|   add_ln16_1_reg_468   |    5   |
|   add_ln16_4_reg_502   |    5   |
|    add_ln16_reg_541    |   16   |
|     b_addr_reg_511     |    5   |
|      empty_reg_401     |   16   |
|        i_reg_430       |    3   |
|    icmp_ln10_reg_444   |    1   |
|    icmp_ln12_reg_448   |    1   |
|   icmp_ln15_1_reg_507  |    1   |
|indvar_flatten15_reg_437|    7   |
| indvar_flatten_reg_422 |    6   |
|        j_reg_415       |    3   |
|        k_reg_408       |    3   |
|     or_ln12_reg_474    |    1   |
|    prod_addr_reg_536   |    5   |
|  select_ln10_1_reg_456 |    3   |
|  select_ln12_1_reg_531 |   16   |
|  select_ln12_2_reg_486 |    3   |
|   select_ln12_reg_479  |    3   |
|   sext_ln16_1_reg_526  |   16   |
|    sext_ln16_reg_521   |   16   |
+------------------------+--------+
|          Total         |   159  |
+------------------------+--------+

* Multiplexer (MUX) list: 
|-------------------|------|------|------|--------||---------||---------|
|        Comp       |  Pin | Size |  BW  | S x BW ||  Delay  ||   LUT   |
|-------------------|------|------|------|--------||---------||---------|
|  grp_access_fu_99 |  p0  |   2  |   5  |   10   ||    9    |
| grp_access_fu_112 |  p0  |   2  |   5  |   10   ||    9    |
|     grp_fu_392    |  p0  |   2  |   8  |   16   ||    9    |
|     grp_fu_392    |  p1  |   3  |   8  |   24   ||    14   |
|-------------------|------|------|------|--------||---------||---------|
|       Total       |      |      |      |   60   ||  6.4713 ||    41   |
|-------------------|------|------|------|--------||---------||---------|



* Summary:
+-----------+--------+--------+--------+--------+
|           |   DSP  |  Delay |   FF   |   LUT  |
+-----------+--------+--------+--------+--------+
|  Function |    1   |    -   |    0   |   190  |
|   Memory  |    -   |    -   |    -   |    -   |
|Multiplexer|    -   |    6   |    -   |   41   |
|  Register |    -   |    -   |   159  |    -   |
+-----------+--------+--------+--------+--------+
|   Total   |    1   |    6   |   159  |   231  |
+-----------+--------+--------+--------+--------+
