

================================================================
== Vitis HLS Report for 'matrix_mult'
================================================================
* Date:           Sun Sep 19 18:34:48 2021

* Version:        2021.1 (Build 3247384 on Thu Jun 10 19:36:07 MDT 2021)
* Project:        matrix_mult_prj
* Solution:       solution2 (Vivado IP Flow Target)
* Product family: zynq
* Target device:  xc7z020-clg484-1


================================================================
== Performance Estimates
================================================================
+ Timing: 
    * Summary: 
    +--------+---------+----------+------------+
    |  Clock |  Target | Estimated| Uncertainty|
    +--------+---------+----------+------------+
    |ap_clk  |  5.00 ns|  4.102 ns|     1.35 ns|
    +--------+---------+----------+------------+

+ Latency: 
    * Summary: 
    +---------+---------+----------+----------+-----+-----+---------+
    |  Latency (cycles) |  Latency (absolute) |  Interval | Pipeline|
    |   min   |   max   |    min   |    max   | min | max |   Type  |
    +---------+---------+----------+----------+-----+-----+---------+
    |      258|      258|  1.290 us|  1.290 us|  259|  259|       no|
    +---------+---------+----------+----------+-----+-----+---------+

    + Detail: 
        * Instance: 
        N/A

        * Loop: 
        +-------------------+---------+---------+----------+-----------+-----------+------+----------+
        |                   |  Latency (cycles) | Iteration|  Initiation Interval  | Trip |          |
        |     Loop Name     |   min   |   max   |  Latency |  achieved |   target  | Count| Pipelined|
        +-------------------+---------+---------+----------+-----------+-----------+------+----------+
        |- Row_Col_Product  |      256|      256|         9|          2|          2|   125|       yes|
        +-------------------+---------+---------+----------+-----------+-----------+------+----------+



================================================================
== Utilization Estimates
================================================================
* Summary: 
+-----------------+---------+-----+--------+-------+-----+
|       Name      | BRAM_18K| DSP |   FF   |  LUT  | URAM|
+-----------------+---------+-----+--------+-------+-----+
|DSP              |        -|    1|       -|      -|    -|
|Expression       |        -|    -|       0|    198|    -|
|FIFO             |        -|    -|       -|      -|    -|
|Instance         |        -|    -|       -|      -|    -|
|Memory           |        -|    -|       -|      -|    -|
|Multiplexer      |        -|    -|       -|    167|    -|
|Register         |        -|    -|     368|    128|    -|
+-----------------+---------+-----+--------+-------+-----+
|Total            |        0|    1|     368|    493|    0|
+-----------------+---------+-----+--------+-------+-----+
|Available        |      280|  220|  106400|  53200|    0|
+-----------------+---------+-----+--------+-------+-----+
|Utilization (%)  |        0|   ~0|      ~0|     ~0|    0|
+-----------------+---------+-----+--------+-------+-----+

+ Detail: 
    * Instance: 
    N/A

    * DSP: 
    +---------------------------------+------------------------------+--------------+
    |             Instance            |            Module            |  Expression  |
    +---------------------------------+------------------------------+--------------+
    |mac_muladd_8s_8s_16ns_16_4_1_U1  |mac_muladd_8s_8s_16ns_16_4_1  |  i0 * i1 + i2|
    +---------------------------------+------------------------------+--------------+

    * Memory: 
    N/A

    * FIFO: 
    N/A

    * Expression: 
    +-------------------------+----------+----+---+----+------------+------------+
    |      Variable Name      | Operation| DSP| FF| LUT| Bitwidth P0| Bitwidth P1|
    +-------------------------+----------+----+---+----+------------+------------+
    |add_ln10_1_fu_169_p2     |         +|   0|  0|  14|           7|           1|
    |add_ln10_fu_181_p2       |         +|   0|  0|  11|           3|           1|
    |add_ln12_1_fu_204_p2     |         +|   0|  0|  14|           6|           1|
    |add_ln12_fu_261_p2       |         +|   0|  0|  11|           3|           1|
    |add_ln13_fu_306_p2       |         +|   0|  0|  13|           5|           5|
    |add_ln15_fu_343_p2       |         +|   0|  0|  11|           3|           1|
    |add_ln16_1_fu_238_p2     |         +|   0|  0|  13|           5|           5|
    |add_ln16_2_fu_314_p2     |         +|   0|  0|  13|           5|           5|
    |add_ln16_3_fu_331_p2     |         +|   0|  0|   7|           5|           5|
    |add_ln16_4_fu_337_p2     |         +|   0|  0|   7|           5|           5|
    |and_ln10_fu_255_p2       |       and|   0|  0|   2|           1|           1|
    |ap_condition_115         |       and|   0|  0|   2|           1|           1|
    |ap_condition_185         |       and|   0|  0|   2|           1|           1|
    |ap_condition_421         |       and|   0|  0|   2|           1|           1|
    |icmp_ln10_fu_163_p2      |      icmp|   0|  0|  10|           7|           3|
    |icmp_ln12_fu_187_p2      |      icmp|   0|  0|  10|           6|           5|
    |icmp_ln15_1_fu_348_p2    |      icmp|   0|  0|   8|           3|           3|
    |icmp_ln15_fu_249_p2      |      icmp|   0|  0|   8|           3|           3|
    |or_ln12_fu_267_p2        |        or|   0|  0|   2|           1|           1|
    |grp_fu_392_p2            |    select|   0|  0|  16|           1|           1|
    |select_ln10_1_fu_193_p3  |    select|   0|  0|   3|           1|           3|
    |select_ln10_fu_221_p3    |    select|   0|  0|   3|           1|           1|
    |select_ln12_2_fu_280_p3  |    select|   0|  0|   3|           1|           3|
    |select_ln12_3_fu_288_p3  |    select|   0|  0|   6|           1|           1|
    |select_ln12_fu_272_p3    |    select|   0|  0|   3|           1|           1|
    |ap_enable_pp0            |       xor|   0|  0|   2|           1|           2|
    |xor_ln10_fu_244_p2       |       xor|   0|  0|   2|           1|           2|
    +-------------------------+----------+----+---+----+------------+------------+
    |Total                    |          |   0|  0| 198|          79|          63|
    +-------------------------+----------+----+---+----+------------+------------+

    * Multiplexer: 
    +----------------------------------------+----+-----------+-----+-----------+
    |                  Name                  | LUT| Input Size| Bits| Total Bits|
    +----------------------------------------+----+-----------+-----+-----------+
    |ap_NS_fsm                               |  14|          3|    1|          3|
    |ap_done_int                             |   9|          2|    1|          2|
    |ap_enable_reg_pp0_iter0                 |   9|          2|    1|          2|
    |ap_enable_reg_pp0_iter1                 |   9|          2|    1|          2|
    |ap_enable_reg_pp0_iter4                 |   9|          2|    1|          2|
    |ap_loop_exit_ready_pp0_iter1_reg        |   9|          2|    1|          2|
    |ap_loop_exit_ready_pp0_iter2_reg        |   9|          2|    1|          2|
    |ap_loop_exit_ready_pp0_iter3_reg        |   9|          2|    1|          2|
    |ap_sig_allocacmp_i_load                 |   9|          2|    3|          6|
    |ap_sig_allocacmp_indvar_flatten15_load  |   9|          2|    7|         14|
    |ap_sig_allocacmp_indvar_flatten_load    |   9|          2|    6|         12|
    |ap_sig_allocacmp_indvar_flatten_load_1  |   9|          2|    6|         12|
    |empty_fu_68                             |   9|          2|   16|         32|
    |i_fu_84                                 |   9|          2|    3|          6|
    |indvar_flatten15_fu_88                  |   9|          2|    7|         14|
    |indvar_flatten_fu_80                    |   9|          2|    6|         12|
    |j_fu_76                                 |   9|          2|    3|          6|
    |k_fu_72                                 |   9|          2|    3|          6|
    +----------------------------------------+----+-----------+-----+-----------+
    |Total                                   | 167|         37|   68|        137|
    +----------------------------------------+----+-----------+-----+-----------+

    * Register: 
    +----------------------------------+----+----+-----+-----------+
    |               Name               | FF | LUT| Bits| Const Bits|
    +----------------------------------+----+----+-----+-----------+
    |a_load_reg_516                    |   8|   0|    8|          0|
    |add_ln12_1_reg_463                |   6|   0|    6|          0|
    |add_ln13_reg_492                  |   5|   0|    5|          0|
    |add_ln16_1_reg_468                |   5|   0|    5|          0|
    |add_ln16_4_reg_502                |   5|   0|    5|          0|
    |add_ln16_reg_541                  |  16|   0|   16|          0|
    |ap_CS_fsm                         |   2|   0|    2|          0|
    |ap_done_reg                       |   1|   0|    1|          0|
    |ap_enable_reg_pp0_iter0_reg       |   1|   0|    1|          0|
    |ap_enable_reg_pp0_iter1           |   1|   0|    1|          0|
    |ap_enable_reg_pp0_iter2           |   1|   0|    1|          0|
    |ap_enable_reg_pp0_iter3           |   1|   0|    1|          0|
    |ap_enable_reg_pp0_iter4           |   1|   0|    1|          0|
    |ap_loop_exit_ready_pp0_iter1_reg  |   1|   0|    1|          0|
    |ap_loop_exit_ready_pp0_iter2_reg  |   1|   0|    1|          0|
    |ap_loop_exit_ready_pp0_iter3_reg  |   1|   0|    1|          0|
    |empty_fu_68                       |  16|   0|   16|          0|
    |i_fu_84                           |   3|   0|    3|          0|
    |icmp_ln10_reg_444                 |   1|   0|    1|          0|
    |icmp_ln12_reg_448                 |   1|   0|    1|          0|
    |icmp_ln15_1_reg_507               |   1|   0|    1|          0|
    |indvar_flatten15_fu_88            |   7|   0|    7|          0|
    |indvar_flatten_fu_80              |   6|   0|    6|          0|
    |j_fu_76                           |   3|   0|    3|          0|
    |k_fu_72                           |   3|   0|    3|          0|
    |or_ln12_reg_474                   |   1|   0|    1|          0|
    |prod_addr_reg_536                 |   5|   0|    5|          0|
    |select_ln10_1_reg_456             |   3|   0|    3|          0|
    |select_ln12_2_reg_486             |   3|   0|    3|          0|
    |select_ln12_reg_479               |   3|   0|    3|          0|
    |add_ln13_reg_492                  |  64|  32|    5|          0|
    |icmp_ln10_reg_444                 |  64|  32|    1|          0|
    |icmp_ln15_1_reg_507               |  64|  32|    1|          0|
    |or_ln12_reg_474                   |  64|  32|    1|          0|
    +----------------------------------+----+----+-----+-----------+
    |Total                             | 368| 128|  120|          0|
    +----------------------------------+----+----+-----+-----------+



================================================================
== Interface
================================================================
* Summary: 
+---------------+-----+-----+------------+--------------+--------------+
|   RTL Ports   | Dir | Bits|  Protocol  | Source Object|    C Type    |
+---------------+-----+-----+------------+--------------+--------------+
|ap_clk         |   in|    1|  ap_ctrl_hs|   matrix_mult|  return value|
|ap_rst         |   in|    1|  ap_ctrl_hs|   matrix_mult|  return value|
|ap_start       |   in|    1|  ap_ctrl_hs|   matrix_mult|  return value|
|ap_done        |  out|    1|  ap_ctrl_hs|   matrix_mult|  return value|
|ap_idle        |  out|    1|  ap_ctrl_hs|   matrix_mult|  return value|
|ap_ready       |  out|    1|  ap_ctrl_hs|   matrix_mult|  return value|
|a_address0     |  out|    5|   ap_memory|             a|         array|
|a_ce0          |  out|    1|   ap_memory|             a|         array|
|a_q0           |   in|    8|   ap_memory|             a|         array|
|b_address0     |  out|    5|   ap_memory|             b|         array|
|b_ce0          |  out|    1|   ap_memory|             b|         array|
|b_q0           |   in|    8|   ap_memory|             b|         array|
|prod_address0  |  out|    5|   ap_memory|          prod|         array|
|prod_ce0       |  out|    1|   ap_memory|          prod|         array|
|prod_we0       |  out|    1|   ap_memory|          prod|         array|
|prod_d0        |  out|   16|   ap_memory|          prod|         array|
+---------------+-----+-----+------------+--------------+--------------+

