INFO: [HLS 200-10] Running '/home/zynq-user/xilinx/Vitis_HLS/2021.1/bin/unwrapped/lnx64.o/vitis_hls'
INFO: [HLS 200-10] For user 'zynq-user' on host 'zynquser-PC' (Linux_x86_64 version 5.11.0-34-generic) on Sun Sep 19 17:27:20 KST 2021
INFO: [HLS 200-10] On os Ubuntu 20.04.2 LTS
INFO: [HLS 200-10] In directory '/home/zynq-user/Industri-University_Course/Git/Zynq-Learning/zynq-tutorials/zynqbook_chapter3a'
Sourcing Tcl script '/home/zynq-user/Industri-University_Course/Git/Zynq-Learning/zynq-tutorials/zynqbook_chapter3a/matrix_mult_prj/solution1/export.tcl'
INFO: [HLS 200-1510] Running: open_project matrix_mult_prj 
INFO: [HLS 200-10] Opening project '/home/zynq-user/Industri-University_Course/Git/Zynq-Learning/zynq-tutorials/zynqbook_chapter3a/matrix_mult_prj'.
INFO: [HLS 200-1510] Running: set_top matrix_mult 
INFO: [HLS 200-1510] Running: add_files ./src/matrix_mult.h 
INFO: [HLS 200-10] Adding design file './src/matrix_mult.h' to the project
INFO: [HLS 200-1510] Running: add_files ./src/matrix_mult.cpp 
INFO: [HLS 200-10] Adding design file './src/matrix_mult.cpp' to the project
INFO: [HLS 200-1510] Running: add_files -tb src/matrix_mult_test.cpp -cflags -Wno-unknown-pragmas -csimflags -Wno-unknown-pragmas 
INFO: [HLS 200-10] Adding test bench file 'src/matrix_mult_test.cpp' to the project
INFO: [HLS 200-1510] Running: open_solution solution1 -flow_target vivado 
INFO: [HLS 200-10] Opening solution '/home/zynq-user/Industri-University_Course/Git/Zynq-Learning/zynq-tutorials/zynqbook_chapter3a/matrix_mult_prj/solution1'.
INFO: [SYN 201-201] Setting up clock 'default' with a period of 10ns.
INFO: [HLS 200-1611] Setting target device to 'xc7z020-clg484-1'
INFO: [HLS 200-1505] Using flow_target 'vivado'
Resolution: For help on HLS 200-1505 see www.xilinx.com/cgi-bin/docs/rdoc?v=2021.1;t=hls+guidance;d=200-1505.html
INFO: [HLS 200-1464] Running solution command: config_export -vivado_clock=10
INFO: [HLS 200-1510] Running: set_part xc7z020-clg484-1 
INFO: [HLS 200-1510] Running: create_clock -period 10 -name default 
INFO: [HLS 200-1510] Running: config_export -vivado_clock 10 
INFO: [HLS 200-1510] Running: export_design -flow syn -rtl verilog -format ip_catalog -output /home/zynq-user/Industri-University_Course/Git/Zynq-Learning/zynq-tutorials/zynqbook_chapter3a/matrix_mult.zip 
INFO: [IMPL 213-8] Exporting RTL as a Vivado IP.

****** Vivado v2021.1 (64-bit)
  **** SW Build 3247384 on Thu Jun 10 19:36:07 MDT 2021
  **** IP Build 3246043 on Fri Jun 11 00:30:35 MDT 2021
    ** Copyright 1986-2021 Xilinx, Inc. All Rights Reserved.

source run_ippack.tcl -notrace
INFO: [IP_Flow 19-234] Refreshing IP repositories
INFO: [IP_Flow 19-1704] No user IP repositories specified
INFO: [IP_Flow 19-2313] Loaded Vivado IP repository '/home/zynq-user/xilinx/Vivado/2021.1/data/ip'.
INFO: [Common 17-206] Exiting Vivado at Sun Sep 19 17:27:35 2021...
INFO: [IMPL 213-8] Starting RTL evaluation using Vivado ...

****** Vivado v2021.1 (64-bit)
  **** SW Build 3247384 on Thu Jun 10 19:36:07 MDT 2021
  **** IP Build 3246043 on Fri Jun 11 00:30:35 MDT 2021
    ** Copyright 1986-2021 Xilinx, Inc. All Rights Reserved.

source run_vivadosyn.tcl
# source ./settings.tcl
## set top_module matrix_mult
## set language verilog
## set family zynq
## set device xc7z020
## set package -clg484
## set speed -1
## set clock ap_clk
## set fsm_ext "off"
## set add_io_buffers false ;
# source -notrace ./extraction.tcl
# set vivado_proj_name project
# set vivado_proj_dir .
# set target_device "${device}${package}${speed}"
# set target_clk_period_ns "10.000"
# set target_clk_freq_hz [expr {floor(1000 / $target_clk_period_ns) * 1000000}]
# set ip_vlnv xilinx.com:hls:matrix_mult:1.0
# set ip_repo_path ../ip
# set bd_design_name bd_0
# set bd_inst_name hls_inst
# set bd_props {}
# set has_synth true
# set synth_design_args {-directive sdx_optimization_effort_high}
# set synth_dcp ""
# set synth_props {}
# set has_impl false
# set impl_props {}
# set report_options [dict create]
# dict set report_options report_level 2
# dict set report_options report_max_paths 10
# dict set report_options stdout_hls_reports 1
# dict set report_options stdout_vivado_reports 0
# dict set report_options hls_project matrix_mult_prj
# dict set report_options hls_solution solution1
# dict set report_options has_synth $has_synth
# dict set report_options has_impl $has_impl
# dict set report_options vivado_reportbasename $top_module
# dict set report_options vivado_reportdir ./report
# dict set report_options hls_impl_dir ..
# dict set report_options hls_reportdir ../report/$language
# dict set report_options target_clk_period $target_clk_period_ns
# dict set report_options target_device $target_device
# dict set report_options language $language
# dict set report_options clock_name $clock
# dict set report_options error_if_impl_timing_fails false
# dict set report_options bindmodules matrix_mult_flow_control_loop_pipe
# dict set report_options max_module_depth 5
# create_project $vivado_proj_name $vivado_proj_dir -part $target_device -force
# set_property target_language $language [current_project]
# if { ![file exists $ip_repo_path] } {
#   error "Cannot find packaged HLS IP"
# }
# set_property ip_repo_paths [file normalize $ip_repo_path] [current_project]
# update_ip_catalog
INFO: [IP_Flow 19-234] Refreshing IP repositories
INFO: [IP_Flow 19-1700] Loaded user IP repository '/home/zynq-user/Industri-University_Course/Git/Zynq-Learning/zynq-tutorials/zynqbook_chapter3a/matrix_mult_prj/solution1/impl/ip'.
INFO: [IP_Flow 19-2313] Loaded Vivado IP repository '/home/zynq-user/xilinx/Vivado/2021.1/data/ip'.
# create_bd_design $bd_design_name
Wrote  : </home/zynq-user/Industri-University_Course/Git/Zynq-Learning/zynq-tutorials/zynqbook_chapter3a/matrix_mult_prj/solution1/impl/verilog/project.srcs/sources_1/bd/bd_0/bd_0.bd> 
# set cell_inst [create_bd_cell -type ip -vlnv $ip_vlnv $bd_inst_name]
# if { [llength $bd_props] } { 
#   set_property -dict $bd_props $cell_inst 
# }
# make_bd_pins_external $cell_inst
# make_bd_intf_pins_external $cell_inst
# set bd_clk_ports [get_bd_ports -filter {TYPE==clk}]
# if { [llength $bd_clk_ports] && $target_clk_freq_hz ne "" } { 
#   set_property CONFIG.FREQ_HZ $target_clk_freq_hz $bd_clk_ports 
# }
# foreach bd_port [get_bd_intf_ports] {
#   set_property name [regsub {_0$} [get_property name $bd_port] {}] $bd_port
# }
# foreach bd_port [get_bd_ports -filter {INTF!=TRUE}] {
#   set_property name [regsub {_0$} [get_property name $bd_port] {}] $bd_port
# }
# set s_axi_addr_width_min 32
WARNING: [BD 5-233] No interface ports matched 'get_bd_intf_ports -filter {MODE == "Slave" && VLNV =~ "xilinx.com:interface:aximm_rtl:*"}'
# foreach bd_port [get_bd_intf_ports -filter {MODE == "Slave" && VLNV =~ "xilinx.com:interface:aximm_rtl:*"}] {
#   set bd_port_addr_width [get_property CONFIG.ADDR_WIDTH $bd_port]
#   if { $bd_port_addr_width < $s_axi_addr_width_min } {
#     puts "INFO: Updating $bd_port CONFIG.ADDR_WIDTH to $s_axi_addr_width_min"
#     set_property CONFIG.ADDR_WIDTH $s_axi_addr_width_min $bd_port
#   }
# }
# set_msg_config -id {[BD 41-1265]} -severity {CRITICAL WARNING} -new_severity {INFO}
# assign_bd_address
Wrote  : </home/zynq-user/Industri-University_Course/Git/Zynq-Learning/zynq-tutorials/zynqbook_chapter3a/matrix_mult_prj/solution1/impl/verilog/project.srcs/sources_1/bd/bd_0/bd_0.bd> 
VHDL Output written to : /home/zynq-user/Industri-University_Course/Git/Zynq-Learning/zynq-tutorials/zynqbook_chapter3a/matrix_mult_prj/solution1/impl/verilog/project.gen/sources_1/bd/bd_0/synth/bd_0.v
VHDL Output written to : /home/zynq-user/Industri-University_Course/Git/Zynq-Learning/zynq-tutorials/zynqbook_chapter3a/matrix_mult_prj/solution1/impl/verilog/project.gen/sources_1/bd/bd_0/sim/bd_0.v
VHDL Output written to : /home/zynq-user/Industri-University_Course/Git/Zynq-Learning/zynq-tutorials/zynqbook_chapter3a/matrix_mult_prj/solution1/impl/verilog/project.gen/sources_1/bd/bd_0/hdl/bd_0_wrapper.v
# set toprtl [make_wrapper -files [get_files ${bd_design_name}.bd] -top]
# add_files -norecurse $toprtl
# set top_inst_name [file root [file tail $toprtl]]
# puts "Using BD top: $top_inst_name"
Using BD top: bd_0_wrapper
# set xdc_files [glob -nocomplain ./*.xdc]
# if { [llength $xdc_files] } {
#     add_files -fileset constrs_1 -norecurse $xdc_files
# }
# launch_runs synth_1 -scripts_only
INFO: [BD 41-1662] The design 'bd_0.bd' is already validated. Therefore parameter propagation will not be re-run.
VHDL Output written to : /home/zynq-user/Industri-University_Course/Git/Zynq-Learning/zynq-tutorials/zynqbook_chapter3a/matrix_mult_prj/solution1/impl/verilog/project.gen/sources_1/bd/bd_0/synth/bd_0.v
VHDL Output written to : /home/zynq-user/Industri-University_Course/Git/Zynq-Learning/zynq-tutorials/zynqbook_chapter3a/matrix_mult_prj/solution1/impl/verilog/project.gen/sources_1/bd/bd_0/sim/bd_0.v
VHDL Output written to : /home/zynq-user/Industri-University_Course/Git/Zynq-Learning/zynq-tutorials/zynqbook_chapter3a/matrix_mult_prj/solution1/impl/verilog/project.gen/sources_1/bd/bd_0/hdl/bd_0_wrapper.v
INFO: [BD 41-1029] Generation completed for the IP Integrator block hls_inst .
Exporting to file /home/zynq-user/Industri-University_Course/Git/Zynq-Learning/zynq-tutorials/zynqbook_chapter3a/matrix_mult_prj/solution1/impl/verilog/project.gen/sources_1/bd/bd_0/hw_handoff/bd_0.hwh
Generated Block Design Tcl file /home/zynq-user/Industri-University_Course/Git/Zynq-Learning/zynq-tutorials/zynqbook_chapter3a/matrix_mult_prj/solution1/impl/verilog/project.gen/sources_1/bd/bd_0/hw_handoff/bd_0_bd.tcl
Generated Hardware Definition File /home/zynq-user/Industri-University_Course/Git/Zynq-Learning/zynq-tutorials/zynqbook_chapter3a/matrix_mult_prj/solution1/impl/verilog/project.gen/sources_1/bd/bd_0/synth/bd_0.hwdef
launch_runs: Time (s): cpu = 00:00:05 ; elapsed = 00:00:06 . Memory (MB): peak = 2697.141 ; gain = 16.082 ; free physical = 670 ; free virtual = 22339
# foreach run [get_runs -filter {IS_SYNTHESIS == 1}] {
#   reset_run [get_runs $run]
# }
# set_property XPM_LIBRARIES {XPM_MEMORY XPM_FIFO} [current_project]
# hls_vivado_reports_setup $report_options
TIMESTAMP: HLS-REPORT: initialize report directories: 2021-09-19 17:27:59 KST
# if { $has_synth || $has_impl } {
#   # synth properties setting
#   set_property -name {STEPS.SYNTH_DESIGN.ARGS.MORE OPTIONS} -value {-mode out_of_context} -objects [get_runs synth_1]
#   set ip_inst [get_ips -quiet ${bd_design_name}*${bd_inst_name}*]
#   if { ![llength $ip_inst] } {
#       error "Cannot find HLS IP instance: ${bd_design_name}*${bd_inst_name}*"
#   }
#   set synth_run [get_runs -filter {IS_SYNTHESIS == 1} ${ip_inst}*]
#   if { ![llength $synth_run] } {
#       error "Cannot find synth run for HLS IP: ${ip_inst}*"
#   }
# 
#   if { [llength $synth_design_args] } {
#       set_property -name {STEPS.SYNTH_DESIGN.ARGS.MORE OPTIONS} -value $synth_design_args -objects $synth_run
#   }
# 
#   if { [llength $synth_props] } {
#     set_property -dict $synth_props $synth_run
#   }
# 
#   # launch run synth
#   launch_runs synth_1
#   wait_on_run synth_1
#   # synth reports
#   hls_vivado_reports_synth synth_1 $report_options
#   if { $synth_dcp ne "" } {
#     file mkdir [file dirname $synth_dcp]
#     set run_dcp [glob -nocomplain [get_property DIRECTORY $synth_run]/*.dcp]
#     if { [llength $run_dcp] != 1 } { error "Cannot find single dcp file for run $synth_run" }
#     file copy -force $run_dcp $synth_dcp
#   }
# }
[Sun Sep 19 17:27:59 2021] Launched bd_0_hls_inst_0_synth_1...
Run output will be captured here: /home/zynq-user/Industri-University_Course/Git/Zynq-Learning/zynq-tutorials/zynqbook_chapter3a/matrix_mult_prj/solution1/impl/verilog/project.runs/bd_0_hls_inst_0_synth_1/runme.log
[Sun Sep 19 17:27:59 2021] Launched synth_1...
Run output will be captured here: /home/zynq-user/Industri-University_Course/Git/Zynq-Learning/zynq-tutorials/zynqbook_chapter3a/matrix_mult_prj/solution1/impl/verilog/project.runs/synth_1/runme.log
[Sun Sep 19 17:27:59 2021] Waiting for synth_1 to finish...

*** Running vivado
    with args -log bd_0_wrapper.vds -m64 -product Vivado -mode batch -messageDb vivado.pb -notrace -source bd_0_wrapper.tcl


****** Vivado v2021.1 (64-bit)
  **** SW Build 3247384 on Thu Jun 10 19:36:07 MDT 2021
  **** IP Build 3246043 on Fri Jun 11 00:30:35 MDT 2021
    ** Copyright 1986-2021 Xilinx, Inc. All Rights Reserved.

source bd_0_wrapper.tcl -notrace
INFO: [IP_Flow 19-234] Refreshing IP repositories
INFO: [IP_Flow 19-1700] Loaded user IP repository '/home/zynq-user/Industri-University_Course/Git/Zynq-Learning/zynq-tutorials/zynqbook_chapter3a/matrix_mult_prj/solution1/impl/ip'.
INFO: [IP_Flow 19-2313] Loaded Vivado IP repository '/home/zynq-user/xilinx/Vivado/2021.1/data/ip'.
Command: synth_design -top bd_0_wrapper -part xc7z020clg484-1 -mode out_of_context
Starting synth_design
Attempting to get a license for feature 'Synthesis' and/or device 'xc7z020'
INFO: [Common 17-349] Got license for feature 'Synthesis' and/or device 'xc7z020'
INFO: [Device 21-403] Loading part xc7z020clg484-1
INFO: [Synth 8-7079] Multithreading enabled for synth_design using a maximum of 4 processes.
INFO: [Synth 8-7078] Launching helper process for spawning children vivado processes
INFO: [Synth 8-7075] Helper process launched with PID 12833
---------------------------------------------------------------------------------
Starting RTL Elaboration : Time (s): cpu = 00:00:03 ; elapsed = 00:00:03 . Memory (MB): peak = 2614.809 ; gain = 0.000 ; free physical = 958 ; free virtual = 21316
---------------------------------------------------------------------------------
INFO: [Synth 8-6157] synthesizing module 'bd_0_wrapper' [/home/zynq-user/Industri-University_Course/Git/Zynq-Learning/zynq-tutorials/zynqbook_chapter3a/matrix_mult_prj/solution1/impl/verilog/project.gen/sources_1/bd/bd_0/hdl/bd_0_wrapper.v:12]
INFO: [Synth 8-6157] synthesizing module 'bd_0' [/home/zynq-user/Industri-University_Course/Git/Zynq-Learning/zynq-tutorials/zynqbook_chapter3a/matrix_mult_prj/solution1/impl/verilog/project.gen/sources_1/bd/bd_0/synth/bd_0.v:13]
INFO: [Synth 8-6157] synthesizing module 'bd_0_hls_inst_0' [/home/zynq-user/Industri-University_Course/Git/Zynq-Learning/zynq-tutorials/zynqbook_chapter3a/matrix_mult_prj/solution1/impl/verilog/project.runs/synth_1/.Xil/Vivado-12823-zynquser-PC/realtime/bd_0_hls_inst_0_stub.v:6]
INFO: [Synth 8-6155] done synthesizing module 'bd_0_hls_inst_0' (1#1) [/home/zynq-user/Industri-University_Course/Git/Zynq-Learning/zynq-tutorials/zynqbook_chapter3a/matrix_mult_prj/solution1/impl/verilog/project.runs/synth_1/.Xil/Vivado-12823-zynquser-PC/realtime/bd_0_hls_inst_0_stub.v:6]
INFO: [Synth 8-6155] done synthesizing module 'bd_0' (2#1) [/home/zynq-user/Industri-University_Course/Git/Zynq-Learning/zynq-tutorials/zynqbook_chapter3a/matrix_mult_prj/solution1/impl/verilog/project.gen/sources_1/bd/bd_0/synth/bd_0.v:13]
INFO: [Synth 8-6155] done synthesizing module 'bd_0_wrapper' (3#1) [/home/zynq-user/Industri-University_Course/Git/Zynq-Learning/zynq-tutorials/zynqbook_chapter3a/matrix_mult_prj/solution1/impl/verilog/project.gen/sources_1/bd/bd_0/hdl/bd_0_wrapper.v:12]
---------------------------------------------------------------------------------
Finished RTL Elaboration : Time (s): cpu = 00:00:04 ; elapsed = 00:00:04 . Memory (MB): peak = 2614.809 ; gain = 0.000 ; free physical = 214 ; free virtual = 20573
---------------------------------------------------------------------------------
---------------------------------------------------------------------------------
Start Handling Custom Attributes
---------------------------------------------------------------------------------
---------------------------------------------------------------------------------
Finished Handling Custom Attributes : Time (s): cpu = 00:00:04 ; elapsed = 00:00:04 . Memory (MB): peak = 2614.809 ; gain = 0.000 ; free physical = 130 ; free virtual = 20465
---------------------------------------------------------------------------------
---------------------------------------------------------------------------------
Finished RTL Optimization Phase 1 : Time (s): cpu = 00:00:04 ; elapsed = 00:00:04 . Memory (MB): peak = 2614.809 ; gain = 0.000 ; free physical = 130 ; free virtual = 20465
---------------------------------------------------------------------------------
Netlist sorting complete. Time (s): cpu = 00:00:00 ; elapsed = 00:00:00 . Memory (MB): peak = 2614.809 ; gain = 0.000 ; free physical = 123 ; free virtual = 20459
INFO: [Project 1-570] Preparing netlist for logic optimization

Processing XDC Constraints
Initializing timing engine
Parsing XDC File [/home/zynq-user/Industri-University_Course/Git/Zynq-Learning/zynq-tutorials/zynqbook_chapter3a/matrix_mult_prj/solution1/impl/verilog/project.gen/sources_1/bd/bd_0/ip/bd_0_hls_inst_0/bd_0_hls_inst_0/bd_0_hls_inst_0_in_context.xdc] for cell 'bd_0_i/hls_inst'
Finished Parsing XDC File [/home/zynq-user/Industri-University_Course/Git/Zynq-Learning/zynq-tutorials/zynqbook_chapter3a/matrix_mult_prj/solution1/impl/verilog/project.gen/sources_1/bd/bd_0/ip/bd_0_hls_inst_0/bd_0_hls_inst_0/bd_0_hls_inst_0_in_context.xdc] for cell 'bd_0_i/hls_inst'
Parsing XDC File [/home/zynq-user/Industri-University_Course/Git/Zynq-Learning/zynq-tutorials/zynqbook_chapter3a/matrix_mult_prj/solution1/impl/verilog/matrix_mult.xdc]
Finished Parsing XDC File [/home/zynq-user/Industri-University_Course/Git/Zynq-Learning/zynq-tutorials/zynqbook_chapter3a/matrix_mult_prj/solution1/impl/verilog/matrix_mult.xdc]
Parsing XDC File [/home/zynq-user/Industri-University_Course/Git/Zynq-Learning/zynq-tutorials/zynqbook_chapter3a/matrix_mult_prj/solution1/impl/verilog/project.runs/synth_1/dont_touch.xdc]
Finished Parsing XDC File [/home/zynq-user/Industri-University_Course/Git/Zynq-Learning/zynq-tutorials/zynqbook_chapter3a/matrix_mult_prj/solution1/impl/verilog/project.runs/synth_1/dont_touch.xdc]
Completed Processing XDC Constraints

Netlist sorting complete. Time (s): cpu = 00:00:00 ; elapsed = 00:00:00 . Memory (MB): peak = 2646.750 ; gain = 0.000 ; free physical = 896 ; free virtual = 21205
INFO: [Project 1-111] Unisim Transformation Summary:
No Unisim elements were transformed.

Constraint Validation Runtime : Time (s): cpu = 00:00:00.01 ; elapsed = 00:00:00.01 . Memory (MB): peak = 2646.750 ; gain = 0.000 ; free physical = 897 ; free virtual = 21206
---------------------------------------------------------------------------------
Finished Constraint Validation : Time (s): cpu = 00:00:09 ; elapsed = 00:00:09 . Memory (MB): peak = 2646.750 ; gain = 31.941 ; free physical = 969 ; free virtual = 21279
---------------------------------------------------------------------------------
---------------------------------------------------------------------------------
Start Loading Part and Timing Information
---------------------------------------------------------------------------------
Loading part: xc7z020clg484-1
---------------------------------------------------------------------------------
Finished Loading Part and Timing Information : Time (s): cpu = 00:00:09 ; elapsed = 00:00:09 . Memory (MB): peak = 2646.750 ; gain = 31.941 ; free physical = 969 ; free virtual = 21279
---------------------------------------------------------------------------------
---------------------------------------------------------------------------------
Start Applying 'set_property' XDC Constraints
---------------------------------------------------------------------------------
Applied set_property KEEP_HIERARCHY = SOFT for bd_0_i. (constraint file  auto generated constraint).
Applied set_property KEEP_HIERARCHY = SOFT for bd_0_i/hls_inst. (constraint file  auto generated constraint).
---------------------------------------------------------------------------------
Finished applying 'set_property' XDC Constraints : Time (s): cpu = 00:00:09 ; elapsed = 00:00:09 . Memory (MB): peak = 2646.750 ; gain = 31.941 ; free physical = 971 ; free virtual = 21281
---------------------------------------------------------------------------------
---------------------------------------------------------------------------------
Finished RTL Optimization Phase 2 : Time (s): cpu = 00:00:09 ; elapsed = 00:00:09 . Memory (MB): peak = 2646.750 ; gain = 31.941 ; free physical = 970 ; free virtual = 21281
---------------------------------------------------------------------------------
---------------------------------------------------------------------------------
Start RTL Component Statistics 
---------------------------------------------------------------------------------
Detailed RTL Component Info : 
---------------------------------------------------------------------------------
Finished RTL Component Statistics 
---------------------------------------------------------------------------------
---------------------------------------------------------------------------------
Start Part Resource Summary
---------------------------------------------------------------------------------
Part Resources:
DSPs: 220 (col length:60)
BRAMs: 280 (col length: RAMB18 60 RAMB36 30)
---------------------------------------------------------------------------------
Finished Part Resource Summary
---------------------------------------------------------------------------------
---------------------------------------------------------------------------------
Start Cross Boundary and Area Optimization
---------------------------------------------------------------------------------
---------------------------------------------------------------------------------
Finished Cross Boundary and Area Optimization : Time (s): cpu = 00:00:10 ; elapsed = 00:00:10 . Memory (MB): peak = 2646.750 ; gain = 31.941 ; free physical = 956 ; free virtual = 21271
---------------------------------------------------------------------------------
---------------------------------------------------------------------------------
Start Applying XDC Timing Constraints
---------------------------------------------------------------------------------
---------------------------------------------------------------------------------
Finished Applying XDC Timing Constraints : Time (s): cpu = 00:00:15 ; elapsed = 00:00:15 . Memory (MB): peak = 2646.750 ; gain = 31.941 ; free physical = 836 ; free virtual = 21150
---------------------------------------------------------------------------------
---------------------------------------------------------------------------------
Start Timing Optimization
---------------------------------------------------------------------------------
---------------------------------------------------------------------------------
Finished Timing Optimization : Time (s): cpu = 00:00:15 ; elapsed = 00:00:15 . Memory (MB): peak = 2646.750 ; gain = 31.941 ; free physical = 836 ; free virtual = 21150
---------------------------------------------------------------------------------
---------------------------------------------------------------------------------
Start Technology Mapping
---------------------------------------------------------------------------------
---------------------------------------------------------------------------------
Finished Technology Mapping : Time (s): cpu = 00:00:15 ; elapsed = 00:00:15 . Memory (MB): peak = 2646.750 ; gain = 31.941 ; free physical = 835 ; free virtual = 21149
---------------------------------------------------------------------------------
---------------------------------------------------------------------------------
Start IO Insertion
---------------------------------------------------------------------------------
---------------------------------------------------------------------------------
Start Flattening Before IO Insertion
---------------------------------------------------------------------------------
---------------------------------------------------------------------------------
Finished Flattening Before IO Insertion
---------------------------------------------------------------------------------
---------------------------------------------------------------------------------
Start Final Netlist Cleanup
---------------------------------------------------------------------------------
---------------------------------------------------------------------------------
Finished Final Netlist Cleanup
---------------------------------------------------------------------------------
---------------------------------------------------------------------------------
Finished IO Insertion : Time (s): cpu = 00:00:17 ; elapsed = 00:00:18 . Memory (MB): peak = 2646.750 ; gain = 31.941 ; free physical = 833 ; free virtual = 21148
---------------------------------------------------------------------------------
---------------------------------------------------------------------------------
Start Renaming Generated Instances
---------------------------------------------------------------------------------
---------------------------------------------------------------------------------
Finished Renaming Generated Instances : Time (s): cpu = 00:00:17 ; elapsed = 00:00:18 . Memory (MB): peak = 2646.750 ; gain = 31.941 ; free physical = 833 ; free virtual = 21148
---------------------------------------------------------------------------------
---------------------------------------------------------------------------------
Start Rebuilding User Hierarchy
---------------------------------------------------------------------------------
---------------------------------------------------------------------------------
Finished Rebuilding User Hierarchy : Time (s): cpu = 00:00:17 ; elapsed = 00:00:18 . Memory (MB): peak = 2646.750 ; gain = 31.941 ; free physical = 833 ; free virtual = 21148
---------------------------------------------------------------------------------
---------------------------------------------------------------------------------
Start Renaming Generated Ports
---------------------------------------------------------------------------------
---------------------------------------------------------------------------------
Finished Renaming Generated Ports : Time (s): cpu = 00:00:17 ; elapsed = 00:00:18 . Memory (MB): peak = 2646.750 ; gain = 31.941 ; free physical = 833 ; free virtual = 21148
---------------------------------------------------------------------------------
---------------------------------------------------------------------------------
Start Handling Custom Attributes
---------------------------------------------------------------------------------
---------------------------------------------------------------------------------
Finished Handling Custom Attributes : Time (s): cpu = 00:00:17 ; elapsed = 00:00:18 . Memory (MB): peak = 2646.750 ; gain = 31.941 ; free physical = 833 ; free virtual = 21147
---------------------------------------------------------------------------------
---------------------------------------------------------------------------------
Start Renaming Generated Nets
---------------------------------------------------------------------------------
---------------------------------------------------------------------------------
Finished Renaming Generated Nets : Time (s): cpu = 00:00:17 ; elapsed = 00:00:18 . Memory (MB): peak = 2646.750 ; gain = 31.941 ; free physical = 833 ; free virtual = 21147
---------------------------------------------------------------------------------
---------------------------------------------------------------------------------
Start Writing Synthesis Report
---------------------------------------------------------------------------------

Report BlackBoxes: 
+------+----------------+----------+
|      |BlackBox name   |Instances |
+------+----------------+----------+
|1     |bd_0_hls_inst_0 |         1|
+------+----------------+----------+

Report Cell Usage: 
+------+--------------+------+
|      |Cell          |Count |
+------+--------------+------+
|1     |bd_0_hls_inst |     1|
+------+--------------+------+
---------------------------------------------------------------------------------
Finished Writing Synthesis Report : Time (s): cpu = 00:00:17 ; elapsed = 00:00:18 . Memory (MB): peak = 2646.750 ; gain = 31.941 ; free physical = 833 ; free virtual = 21147
---------------------------------------------------------------------------------
Synthesis finished with 0 errors, 0 critical warnings and 0 warnings.
Synthesis Optimization Runtime : Time (s): cpu = 00:00:16 ; elapsed = 00:00:16 . Memory (MB): peak = 2646.750 ; gain = 0.000 ; free physical = 890 ; free virtual = 21205
Synthesis Optimization Complete : Time (s): cpu = 00:00:17 ; elapsed = 00:00:18 . Memory (MB): peak = 2646.758 ; gain = 31.941 ; free physical = 890 ; free virtual = 21205
INFO: [Project 1-571] Translating synthesized netlist
Netlist sorting complete. Time (s): cpu = 00:00:00 ; elapsed = 00:00:00 . Memory (MB): peak = 2646.758 ; gain = 0.000 ; free physical = 883 ; free virtual = 21198
INFO: [Project 1-570] Preparing netlist for logic optimization
INFO: [Opt 31-138] Pushed 0 inverter(s) to 0 load pin(s).
Netlist sorting complete. Time (s): cpu = 00:00:00 ; elapsed = 00:00:00 . Memory (MB): peak = 2646.758 ; gain = 0.000 ; free physical = 909 ; free virtual = 21224
INFO: [Project 1-111] Unisim Transformation Summary:
No Unisim elements were transformed.

Synth Design complete, checksum: cc8d87c7
INFO: [Common 17-83] Releasing license: Synthesis
21 Infos, 0 Warnings, 0 Critical Warnings and 0 Errors encountered.
synth_design completed successfully
synth_design: Time (s): cpu = 00:00:26 ; elapsed = 00:00:22 . Memory (MB): peak = 2646.758 ; gain = 32.023 ; free physical = 1052 ; free virtual = 21367
INFO: [Common 17-1381] The checkpoint '/home/zynq-user/Industri-University_Course/Git/Zynq-Learning/zynq-tutorials/zynqbook_chapter3a/matrix_mult_prj/solution1/impl/verilog/project.runs/synth_1/bd_0_wrapper.dcp' has been generated.
INFO: [runtcl-4] Executing : report_utilization -file bd_0_wrapper_utilization_synth.rpt -pb bd_0_wrapper_utilization_synth.pb
INFO: [Common 17-206] Exiting Vivado at Sun Sep 19 17:29:15 2021...
[Sun Sep 19 17:29:19 2021] synth_1 finished
wait_on_run: Time (s): cpu = 00:01:24 ; elapsed = 00:01:20 . Memory (MB): peak = 2697.141 ; gain = 0.000 ; free physical = 2024 ; free virtual = 22335
TIMESTAMP: HLS-REPORT: synthesis open_run: 2021-09-19 17:29:19 KST
INFO: HLS-REPORT: Opening synthesis design database: open_run synth_1
Design is defaulting to impl run constrset: constrs_1
Design is defaulting to synth run part: xc7z020clg484-1
INFO: [Device 21-403] Loading part xc7z020clg484-1
INFO: [Project 1-454] Reading design checkpoint '/home/zynq-user/Industri-University_Course/Git/Zynq-Learning/zynq-tutorials/zynqbook_chapter3a/matrix_mult_prj/solution1/impl/verilog/project.gen/sources_1/bd/bd_0/ip/bd_0_hls_inst_0/bd_0_hls_inst_0.dcp' for cell 'bd_0_i/hls_inst'
Netlist sorting complete. Time (s): cpu = 00:00:00 ; elapsed = 00:00:00 . Memory (MB): peak = 2697.141 ; gain = 0.000 ; free physical = 1879 ; free virtual = 22190
INFO: [Netlist 29-17] Analyzing 24 Unisim elements for replacement
INFO: [Netlist 29-28] Unisim Transformation completed in 0 CPU seconds
INFO: [Project 1-479] Netlist was created with Vivado 2021.1
INFO: [Project 1-570] Preparing netlist for logic optimization
Parsing XDC File [/home/zynq-user/Industri-University_Course/Git/Zynq-Learning/zynq-tutorials/zynqbook_chapter3a/matrix_mult_prj/solution1/impl/verilog/matrix_mult.xdc]
Finished Parsing XDC File [/home/zynq-user/Industri-University_Course/Git/Zynq-Learning/zynq-tutorials/zynqbook_chapter3a/matrix_mult_prj/solution1/impl/verilog/matrix_mult.xdc]
INFO: [Opt 31-138] Pushed 0 inverter(s) to 0 load pin(s).
Netlist sorting complete. Time (s): cpu = 00:00:00 ; elapsed = 00:00:00 . Memory (MB): peak = 2705.070 ; gain = 0.000 ; free physical = 1775 ; free virtual = 22086
INFO: [Project 1-111] Unisim Transformation Summary:
No Unisim elements were transformed.

TIMESTAMP: HLS-REPORT: synthesis generate_reports_vivado: 2021-09-19 17:29:23 KST
INFO: HLS-REPORT: Running report: report_utilization -file ./report/matrix_mult_utilization_synth.rpt
INFO: HLS-REPORT: Running report: report_utilization -hierarchical -hierarchical_depth 5 -file ./report/matrix_mult_utilization_hierarchical_synth.rpt
INFO: HLS-REPORT: Running report: report_timing_summary -file ./report/matrix_mult_timing_synth.rpt
INFO: [Timing 38-35] Done setting XDC timing constraints.
INFO: [Timing 38-91] UpdateTimingParams: Speed grade: -1, Delay Type: min_max.
INFO: [Timing 38-191] Multithreading enabled for timing update using a maximum of 4 CPUs
WARNING: [Timing 38-242] The property HD.CLK_SRC of clock port "ap_clk" is not set. In out-of-context mode, this prevents timing estimation for clock delay/skew
Resolution: Set the HD.CLK_SRC property of the out-of-context port to the location of the clock buffer instance in the top-level design
report_timing_summary: Time (s): cpu = 00:00:06 ; elapsed = 00:00:06 . Memory (MB): peak = 2887.898 ; gain = 182.828 ; free physical = 1380 ; free virtual = 21708
INFO: HLS-REPORT: Running report: report_timing -max_paths 10 -file ./report/matrix_mult_timing_paths_synth.rpt
INFO: [Timing 38-91] UpdateTimingParams: Speed grade: -1, Delay Type: max.
INFO: [Timing 38-191] Multithreading enabled for timing update using a maximum of 4 CPUs
INFO: [Timing 38-78] ReportTimingParams: -max_paths 10 -nworst 1 -delay_type max -sort_by slack.
INFO: HLS-REPORT: Running report: report_design_analysis -file ./report/matrix_mult_design_analysis_synth.rpt
INFO: [Implflow 30-839]  
INFO: HLS-REPORT: Running report: ::tclapp::xilinx::designutils::report_failfast -detailed_report synth -file ./report/matrix_mult_failfast_synth.rpt
 -I- design metrics completed in 0 seconds
 -I- DONT_TOUCH metric completed in 0 seconds
 -I- MARK_DEBUG metric completed in 0 seconds
 -I- utilization metrics completed in 0 seconds
 -I- control set metrics completed in 0 seconds
 -I- methodology check metrics completed in 1 seconds
 -I- average fanout metrics completed in 0 seconds (0 modules)
 -I- non-FD high fanout nets completed in 0 seconds
 -I- path budgeting metrics completed in 0 seconds
#  +-----------------------------------------------------------------------------------------+
#  | Design Summary                                                                          |
#  | design_1                                                                                |
#  | xc7z020clg484-1                                                                         |
#  +-----------------------------------------------------------+-----------+--------+--------+
#  | Criteria                                                  | Guideline | Actual | Status |
#  +-----------------------------------------------------------+-----------+--------+--------+
#  | LUT                                                       | 70%       | 0.26%  | OK     |
#  | FD                                                        | 50%       | 0.09%  | OK     |
#  | LUTRAM+SRL                                                | 25%       | 0.00%  | OK     |
#  | MUXF7                                                     | 15%       | 0.00%  | OK     |
#  | DSP                                                       | 80%       | 0.00%  | OK     |
#  | RAMB/FIFO                                                 | 80%       | 0.00%  | OK     |
#  | DSP+RAMB+URAM (Avg)                                       | 70%       | 0.00%  | OK     |
#  | BUFGCE* + BUFGCTRL                                        | 24        | 0      | OK     |
#  | DONT_TOUCH (cells/nets)                                   | 0         | 0      | OK     |
#  | MARK_DEBUG (nets)                                         | 0         | 0      | OK     |
#  | Control Sets                                              | 998       | 9      | OK     |
#  | Average Fanout for modules > 100k cells                   | 4         | 0      | OK     |
#  | Non-FD high fanout nets > 10k loads                       | 0         | 0      | OK     |
#  +-----------------------------------------------------------+-----------+--------+--------+
#  | TIMING-6 (No common primary clock between related clocks) | 0         | 0      | OK     |
#  | TIMING-7 (No common node between related clocks)          | 0         | 0      | OK     |
#  | TIMING-8 (No common period between related clocks)        | 0         | 0      | OK     |
#  | TIMING-14 (LUT on the clock tree)                         | 0         | 0      | OK     |
#  | TIMING-35 (No common node in paths with the same clock)   | 0         | 0      | OK     |
#  +-----------------------------------------------------------+-----------+--------+--------+
#  | Number of paths above max LUT budgeting (0.575ns)         | 0         | 0      | OK     |
#  | Number of paths above max Net budgeting (0.403ns)         | 0         | 0      | OK     |
#  +-----------------------------------------------------------+-----------+--------+--------+
 -I- Generated file /home/zynq-user/Industri-University_Course/Git/Zynq-Learning/zynq-tutorials/zynqbook_chapter3a/matrix_mult_prj/solution1/impl/verilog/report/matrix_mult_failfast_synth.rpt
 -I- Number of criteria to review: 0
 -I- This report should be run before placing the design and uses conservative guidelines beyond which runtime and timing closure will likely be more challenging
 -I- report_failfast completed in 1 seconds
TIMESTAMP: HLS-REPORT: synthesis gen_data_dict_vivado: 2021-09-19 17:29:31 KST
TIMESTAMP: HLS-REPORT: synth extract_util_hier: 2021-09-19 17:29:31 KST
TIMESTAMP: HLS-REPORT: synth get_cell_hier_data: 2021-09-19 17:29:31 KST
TIMESTAMP: HLS-REPORT: synth get_timing_paths: 2021-09-19 17:29:31 KST
TIMESTAMP: HLS-REPORT: synth process timing paths: 2021-09-19 17:29:31 KST
TIMESTAMP: HLS-REPORT: synth get_all_vv_rpt_files: 2021-09-19 17:29:31 KST
TIMESTAMP: HLS-REPORT: synthesis write_reports_vivado: 2021-09-19 17:29:31 KST
HLS EXTRACTION: synth area_totals:  0 53200 106400 220 280 0 0
HLS EXTRACTION: synth area_current: 0 140 100 0 0 0 0 0 0 0
HLS EXTRACTION: synth resources_dict: AVAIL_LUT 53200 LUT 140 AVAIL_FF 106400 FF 100 AVAIL_DSP 220 DSP 0 AVAIL_BRAM 280 BRAM 0 AVAIL_URAM 0 URAM 0 LATCH 0 SRL 0 AVAIL_CLB 0 CLB 0
INFO: HLS-REPORT: generated /home/zynq-user/Industri-University_Course/Git/Zynq-Learning/zynq-tutorials/zynqbook_chapter3a/matrix_mult_prj/solution1/impl/verilog/report/vivado_syn.xml
INFO: HLS-REPORT: generated /home/zynq-user/Industri-University_Course/Git/Zynq-Learning/zynq-tutorials/zynqbook_chapter3a/matrix_mult_prj/solution1/impl/report/verilog/matrix_mult_export.rpt


Implementation tool: Xilinx Vivado v.2021.1
Project:             matrix_mult_prj
Solution:            solution1
Device target:       xc7z020-clg484-1
Report date:         Sun Sep 19 17:29:31 KST 2021

#=== Post-Synthesis Resource usage ===
SLICE:            0
LUT:            140
FF:             100
DSP:              0
BRAM:             0
URAM:             0
LATCH:            0
SRL:              0
CLB:              0

#=== Final timing ===
CP required:                     10.000
CP achieved post-synthesis:      3.791
Timing met

TIMESTAMP: HLS-REPORT: synthesis end: 2021-09-19 17:29:31 KST
# if { $has_impl } {
#   # launch run impl
#   if { [llength $impl_props] } {
#     set_property -dict $impl_props [get_runs impl_1]
#   }
#   launch_runs impl_1
#   wait_on_run impl_1
#   # impl reports
#   hls_vivado_reports_impl impl_1 $report_options
# }
# hls_vivado_reports_finalize $report_options
TIMESTAMP: HLS-REPORT: all reports complete: 2021-09-19 17:29:31 KST
INFO: [Common 17-206] Exiting Vivado at Sun Sep 19 17:29:31 2021...
INFO: [HLS 200-802] Generated output file matrix_mult.zip
INFO: [HLS 200-111] Finished Command export_design CPU user time: 131.23 seconds. CPU system time: 9.17 seconds. Elapsed time: 132.51 seconds; current allocated memory: 324.652 MB.
