

================================================================
== Vitis HLS Report for 'matrix_mult'
================================================================
* Date:           Sun Sep 19 18:33:44 2021

* Version:        2021.1 (Build 3247384 on Thu Jun 10 19:36:07 MDT 2021)
* Project:        matrix_mult_prj
* Solution:       solution1 (Vivado IP Flow Target)
* Product family: zynq
* Target device:  xc7z020-clg484-1


================================================================
== Performance Estimates
================================================================
+ Timing: 
    * Summary: 
    +--------+---------+----------+------------+
    |  Clock |  Target | Estimated| Uncertainty|
    +--------+---------+----------+------------+
    |ap_clk  |  5.00 ns|  3.610 ns|     1.35 ns|
    +--------+---------+----------+------------+

+ Latency: 
    * Summary: 
    +---------+---------+----------+----------+-----+-----+---------+
    |  Latency (cycles) |  Latency (absolute) |  Interval | Pipeline|
    |   min   |   max   |    min   |    max   | min | max |   Type  |
    +---------+---------+----------+----------+-----+-----+---------+
    |      258|      258|  1.290 us|  1.290 us|  259|  259|       no|
    +---------+---------+----------+----------+-----+-----+---------+

    + Detail: 
        * Instance: 
        N/A

        * Loop: 
        +-------------------+---------+---------+----------+-----------+-----------+------+----------+
        |                   |  Latency (cycles) | Iteration|  Initiation Interval  | Trip |          |
        |     Loop Name     |   min   |   max   |  Latency |  achieved |   target  | Count| Pipelined|
        +-------------------+---------+---------+----------+-----------+-----------+------+----------+
        |- Row_Col_Product  |      256|      256|         9|          2|          1|   125|       yes|
        +-------------------+---------+---------+----------+-----------+-----------+------+----------+

============================================================
+ Verbose Summary: Synthesis Manager
============================================================
InlineROM: 1
ExposeGlobal: 0
============================================================
+ Verbose Summary: CDFG Model
============================================================
IsTopModel: 1
ResetActiveHigh: 1
IsCombinational: 0
IsDatapathOnly: 0
HasWiredReturn: 1
HasMFsm: 2
HasVarLatency: 1
IsPipeline: 0
IsRtlPipelined: 0
IsInstanceOverlapped: 0
IsDontTouch: 0
HasImplIP: 0
IsGatedGlobalClock: 0

+ Individual pipeline summary: 
  * Pipeline-0: initiation interval (II) = 2, depth = 9


============================================================
+ Verbose Summary: Schedule
============================================================
* Number of FSM states : 9
* Pipeline : 1
  Pipeline-0 : II = 2, D = 9, States = { 1 2 3 4 5 6 7 8 9 }
* Dataflow Pipeline: 0

* FSM state transitions: 
1 --> 2 
2 --> 3 
3 --> 4 
4 --> 5 
5 --> 6 
6 --> 7 
7 --> 8 
8 --> 9 
9 --> 

* FSM state operations: 

State 1 <SV = 0> <Delay = 3.45>
ST_1 : Operation 12 [1/1] (0.00ns)   --->   "%empty = alloca i32 1"   --->   Operation 12 'alloca' 'empty' <Predicate = true> <Delay = 0.00>
ST_1 : Operation 13 [1/1] (0.00ns)   --->   "%k = alloca i32 1"   --->   Operation 13 'alloca' 'k' <Predicate = true> <Delay = 0.00>
ST_1 : Operation 14 [1/1] (0.00ns)   --->   "%j = alloca i32 1"   --->   Operation 14 'alloca' 'j' <Predicate = true> <Delay = 0.00>
ST_1 : Operation 15 [1/1] (0.00ns)   --->   "%indvar_flatten = alloca i32 1"   --->   Operation 15 'alloca' 'indvar_flatten' <Predicate = true> <Delay = 0.00>
ST_1 : Operation 16 [1/1] (0.00ns)   --->   "%i = alloca i32 1"   --->   Operation 16 'alloca' 'i' <Predicate = true> <Delay = 0.00>
ST_1 : Operation 17 [1/1] (0.00ns)   --->   "%indvar_flatten15 = alloca i32 1"   --->   Operation 17 'alloca' 'indvar_flatten15' <Predicate = true> <Delay = 0.00>
ST_1 : Operation 18 [1/1] (0.00ns)   --->   "%spectopmodule_ln0 = spectopmodule void @_ssdm_op_SpecTopModule, void @empty_1"   --->   Operation 18 'spectopmodule' 'spectopmodule_ln0' <Predicate = true> <Delay = 0.00>
ST_1 : Operation 19 [1/1] (0.00ns)   --->   "%specinterface_ln0 = specinterface void @_ssdm_op_SpecInterface, i8 %a, void @empty, i32 0, i32 0, void @empty_0, i32 4294967295, i32 0, void @empty_0, void @empty_0, void @empty_0, i32 0, i32 0, i32 0, i32 0, void @empty_0, void @empty_0"   --->   Operation 19 'specinterface' 'specinterface_ln0' <Predicate = true> <Delay = 0.00>
ST_1 : Operation 20 [1/1] (0.00ns)   --->   "%specbitsmap_ln0 = specbitsmap void @_ssdm_op_SpecBitsMap, i8 %a"   --->   Operation 20 'specbitsmap' 'specbitsmap_ln0' <Predicate = true> <Delay = 0.00>
ST_1 : Operation 21 [1/1] (0.00ns)   --->   "%specinterface_ln0 = specinterface void @_ssdm_op_SpecInterface, i8 %b, void @empty, i32 0, i32 0, void @empty_0, i32 4294967295, i32 0, void @empty_0, void @empty_0, void @empty_0, i32 0, i32 0, i32 0, i32 0, void @empty_0, void @empty_0"   --->   Operation 21 'specinterface' 'specinterface_ln0' <Predicate = true> <Delay = 0.00>
ST_1 : Operation 22 [1/1] (0.00ns)   --->   "%specbitsmap_ln0 = specbitsmap void @_ssdm_op_SpecBitsMap, i8 %b"   --->   Operation 22 'specbitsmap' 'specbitsmap_ln0' <Predicate = true> <Delay = 0.00>
ST_1 : Operation 23 [1/1] (0.00ns)   --->   "%specinterface_ln0 = specinterface void @_ssdm_op_SpecInterface, i16 %prod, void @empty, i32 0, i32 0, void @empty_0, i32 4294967295, i32 0, void @empty_0, void @empty_0, void @empty_0, i32 0, i32 0, i32 0, i32 0, void @empty_0, void @empty_0"   --->   Operation 23 'specinterface' 'specinterface_ln0' <Predicate = true> <Delay = 0.00>
ST_1 : Operation 24 [1/1] (0.00ns)   --->   "%specbitsmap_ln0 = specbitsmap void @_ssdm_op_SpecBitsMap, i16 %prod"   --->   Operation 24 'specbitsmap' 'specbitsmap_ln0' <Predicate = true> <Delay = 0.00>
ST_1 : Operation 25 [1/1] (1.58ns)   --->   "%store_ln10 = store i7 0, i7 %indvar_flatten15" [matrix_mult.cpp:10]   --->   Operation 25 'store' 'store_ln10' <Predicate = true> <Delay = 1.58>
ST_1 : Operation 26 [1/1] (1.58ns)   --->   "%store_ln10 = store i3 0, i3 %i" [matrix_mult.cpp:10]   --->   Operation 26 'store' 'store_ln10' <Predicate = true> <Delay = 1.58>
ST_1 : Operation 27 [1/1] (1.58ns)   --->   "%store_ln10 = store i6 0, i6 %indvar_flatten" [matrix_mult.cpp:10]   --->   Operation 27 'store' 'store_ln10' <Predicate = true> <Delay = 1.58>
ST_1 : Operation 28 [1/1] (1.58ns)   --->   "%store_ln10 = store i3 0, i3 %j" [matrix_mult.cpp:10]   --->   Operation 28 'store' 'store_ln10' <Predicate = true> <Delay = 1.58>
ST_1 : Operation 29 [1/1] (1.58ns)   --->   "%store_ln10 = store i3 0, i3 %k" [matrix_mult.cpp:10]   --->   Operation 29 'store' 'store_ln10' <Predicate = true> <Delay = 1.58>
ST_1 : Operation 30 [1/1] (1.58ns)   --->   "%store_ln10 = store i16 0, i16 %empty" [matrix_mult.cpp:10]   --->   Operation 30 'store' 'store_ln10' <Predicate = true> <Delay = 1.58>
ST_1 : Operation 31 [1/1] (0.00ns)   --->   "%br_ln10 = br void" [matrix_mult.cpp:10]   --->   Operation 31 'br' 'br_ln10' <Predicate = true> <Delay = 0.00>
ST_1 : Operation 32 [1/1] (0.00ns)   --->   "%indvar_flatten15_load = load i7 %indvar_flatten15" [matrix_mult.cpp:10]   --->   Operation 32 'load' 'indvar_flatten15_load' <Predicate = true> <Delay = 0.00>
ST_1 : Operation 33 [1/1] (1.48ns)   --->   "%icmp_ln10 = icmp_eq  i7 %indvar_flatten15_load, i7 125" [matrix_mult.cpp:10]   --->   Operation 33 'icmp' 'icmp_ln10' <Predicate = true> <Delay = 1.48> <CoreInst = "Cmp">   --->   Core 9 'Cmp' <Latency = 0> <II = 1> <Delay = 1.13> <FuncUnit> <Opcode : 'icmp'> <InPorts = 2> <OutPorts = 1>
ST_1 : Operation 34 [1/1] (1.87ns)   --->   "%add_ln10_1 = add i7 %indvar_flatten15_load, i7 1" [matrix_mult.cpp:10]   --->   Operation 34 'add' 'add_ln10_1' <Predicate = true> <Delay = 1.87> <CoreInst = "Adder">   --->   Core 1 'Adder' <Latency = 0> <II = 1> <Delay = 1.65> <FuncUnit> <Opcode : 'add' 'sub'> <InPorts = 2> <OutPorts = 1>
ST_1 : Operation 35 [1/1] (0.00ns)   --->   "%br_ln10 = br i1 %icmp_ln10, void %.split4, void" [matrix_mult.cpp:10]   --->   Operation 35 'br' 'br_ln10' <Predicate = true> <Delay = 0.00>
ST_1 : Operation 36 [1/1] (0.00ns)   --->   "%k_load = load i3 %k" [matrix_mult.cpp:15]   --->   Operation 36 'load' 'k_load' <Predicate = (!icmp_ln10)> <Delay = 0.00>
ST_1 : Operation 37 [1/1] (0.00ns)   --->   "%indvar_flatten_load_1 = load i6 %indvar_flatten" [matrix_mult.cpp:12]   --->   Operation 37 'load' 'indvar_flatten_load_1' <Predicate = (!icmp_ln10)> <Delay = 0.00>
ST_1 : Operation 38 [1/1] (0.00ns)   --->   "%i_load = load i3 %i" [matrix_mult.cpp:10]   --->   Operation 38 'load' 'i_load' <Predicate = (!icmp_ln10)> <Delay = 0.00>
ST_1 : Operation 39 [1/1] (1.65ns)   --->   "%add_ln10 = add i3 %i_load, i3 1" [matrix_mult.cpp:10]   --->   Operation 39 'add' 'add_ln10' <Predicate = (!icmp_ln10)> <Delay = 1.65> <CoreInst = "Adder">   --->   Core 1 'Adder' <Latency = 0> <II = 1> <Delay = 1.65> <FuncUnit> <Opcode : 'add' 'sub'> <InPorts = 2> <OutPorts = 1>
ST_1 : Operation 40 [1/1] (1.42ns)   --->   "%icmp_ln12 = icmp_eq  i6 %indvar_flatten_load_1, i6 25" [matrix_mult.cpp:12]   --->   Operation 40 'icmp' 'icmp_ln12' <Predicate = (!icmp_ln10)> <Delay = 1.42> <CoreInst = "Cmp">   --->   Core 9 'Cmp' <Latency = 0> <II = 1> <Delay = 1.13> <FuncUnit> <Opcode : 'icmp'> <InPorts = 2> <OutPorts = 1>
ST_1 : Operation 41 [1/1] (0.98ns)   --->   "%select_ln10_1 = select i1 %icmp_ln12, i3 %add_ln10, i3 %i_load" [matrix_mult.cpp:10]   --->   Operation 41 'select' 'select_ln10_1' <Predicate = (!icmp_ln10)> <Delay = 0.98> <CoreInst = "Sel">   --->   Core 73 'Sel' <Latency = 0> <II = 1> <Delay = 0.80> <FuncUnit> <Opcode : 'select'> <InPorts = 3> <OutPorts = 1>
ST_1 : Operation 42 [1/1] (0.00ns) (grouped into LUT with out node and_ln10)   --->   "%xor_ln10 = xor i1 %icmp_ln12, i1 1" [matrix_mult.cpp:10]   --->   Operation 42 'xor' 'xor_ln10' <Predicate = (!icmp_ln10)> <Delay = 0.00> <CoreInst = "LogicGate">   --->   Core 74 'LogicGate' <Latency = 0> <II = 1> <Delay = 0.97> <FuncUnit> <Opcode : 'and' 'or' 'xor'> <InPorts = 2> <OutPorts = 1>
ST_1 : Operation 43 [1/1] (1.13ns)   --->   "%icmp_ln15 = icmp_eq  i3 %k_load, i3 5" [matrix_mult.cpp:15]   --->   Operation 43 'icmp' 'icmp_ln15' <Predicate = (!icmp_ln10)> <Delay = 1.13> <CoreInst = "Cmp">   --->   Core 9 'Cmp' <Latency = 0> <II = 1> <Delay = 1.13> <FuncUnit> <Opcode : 'icmp'> <InPorts = 2> <OutPorts = 1>
ST_1 : Operation 44 [1/1] (0.97ns) (out node of the LUT)   --->   "%and_ln10 = and i1 %icmp_ln15, i1 %xor_ln10" [matrix_mult.cpp:10]   --->   Operation 44 'and' 'and_ln10' <Predicate = (!icmp_ln10)> <Delay = 0.97> <CoreInst = "LogicGate">   --->   Core 74 'LogicGate' <Latency = 0> <II = 1> <Delay = 0.97> <FuncUnit> <Opcode : 'and' 'or' 'xor'> <InPorts = 2> <OutPorts = 1>
ST_1 : Operation 45 [1/1] (0.97ns)   --->   "%or_ln12 = or i1 %and_ln10, i1 %icmp_ln12" [matrix_mult.cpp:12]   --->   Operation 45 'or' 'or_ln12' <Predicate = (!icmp_ln10)> <Delay = 0.97> <CoreInst = "LogicGate">   --->   Core 74 'LogicGate' <Latency = 0> <II = 1> <Delay = 0.97> <FuncUnit> <Opcode : 'and' 'or' 'xor'> <InPorts = 2> <OutPorts = 1>
ST_1 : Operation 46 [1/1] (0.00ns)   --->   "%indvar_flatten_load = load i6 %indvar_flatten" [matrix_mult.cpp:12]   --->   Operation 46 'load' 'indvar_flatten_load' <Predicate = (!icmp_ln10)> <Delay = 0.00>
ST_1 : Operation 47 [1/1] (1.82ns)   --->   "%add_ln12_1 = add i6 %indvar_flatten_load, i6 1" [matrix_mult.cpp:12]   --->   Operation 47 'add' 'add_ln12_1' <Predicate = (!icmp_ln10)> <Delay = 1.82> <CoreInst = "Adder">   --->   Core 1 'Adder' <Latency = 0> <II = 1> <Delay = 1.65> <FuncUnit> <Opcode : 'add' 'sub'> <InPorts = 2> <OutPorts = 1>
ST_1 : Operation 48 [1/1] (1.58ns)   --->   "%store_ln10 = store i7 %add_ln10_1, i7 %indvar_flatten15" [matrix_mult.cpp:10]   --->   Operation 48 'store' 'store_ln10' <Predicate = (!icmp_ln10)> <Delay = 1.58>

State 2 <SV = 1> <Delay = 3.61>
ST_2 : Operation 49 [1/1] (0.00ns)   --->   "%j_load = load i3 %j" [matrix_mult.cpp:10]   --->   Operation 49 'load' 'j_load' <Predicate = (!icmp_ln10 & !icmp_ln12)> <Delay = 0.00>
ST_2 : Operation 50 [1/1] (0.98ns)   --->   "%select_ln10 = select i1 %icmp_ln12, i3 0, i3 %j_load" [matrix_mult.cpp:10]   --->   Operation 50 'select' 'select_ln10' <Predicate = (!icmp_ln10)> <Delay = 0.98> <CoreInst = "Sel">   --->   Core 73 'Sel' <Latency = 0> <II = 1> <Delay = 0.80> <FuncUnit> <Opcode : 'select'> <InPorts = 3> <OutPorts = 1>
ST_2 : Operation 51 [1/1] (0.00ns)   --->   "%zext_ln16 = zext i3 %select_ln10_1" [matrix_mult.cpp:16]   --->   Operation 51 'zext' 'zext_ln16' <Predicate = (!icmp_ln10)> <Delay = 0.00>
ST_2 : Operation 52 [1/1] (0.00ns)   --->   "%tmp = bitconcatenate i5 @_ssdm_op_BitConcatenate.i5.i3.i2, i3 %select_ln10_1, i2 0" [matrix_mult.cpp:16]   --->   Operation 52 'bitconcatenate' 'tmp' <Predicate = (!icmp_ln10)> <Delay = 0.00>
ST_2 : Operation 53 [1/1] (1.78ns)   --->   "%add_ln16_1 = add i5 %tmp, i5 %zext_ln16" [matrix_mult.cpp:16]   --->   Operation 53 'add' 'add_ln16_1' <Predicate = (!icmp_ln10)> <Delay = 1.78> <CoreInst = "Adder">   --->   Core 1 'Adder' <Latency = 0> <II = 1> <Delay = 1.65> <FuncUnit> <Opcode : 'add' 'sub'> <InPorts = 2> <OutPorts = 1>
ST_2 : Operation 54 [1/1] (1.65ns)   --->   "%add_ln12 = add i3 %select_ln10, i3 1" [matrix_mult.cpp:12]   --->   Operation 54 'add' 'add_ln12' <Predicate = (!icmp_ln10 & and_ln10)> <Delay = 1.65> <CoreInst = "Adder">   --->   Core 1 'Adder' <Latency = 0> <II = 1> <Delay = 1.65> <FuncUnit> <Opcode : 'add' 'sub'> <InPorts = 2> <OutPorts = 1>
ST_2 : Operation 55 [1/1] (0.98ns)   --->   "%select_ln12 = select i1 %or_ln12, i3 0, i3 %k_load" [matrix_mult.cpp:12]   --->   Operation 55 'select' 'select_ln12' <Predicate = (!icmp_ln10)> <Delay = 0.98> <CoreInst = "Sel">   --->   Core 73 'Sel' <Latency = 0> <II = 1> <Delay = 0.80> <FuncUnit> <Opcode : 'select'> <InPorts = 3> <OutPorts = 1>
ST_2 : Operation 56 [1/1] (0.98ns)   --->   "%select_ln12_2 = select i1 %and_ln10, i3 %add_ln12, i3 %select_ln10" [matrix_mult.cpp:12]   --->   Operation 56 'select' 'select_ln12_2' <Predicate = (!icmp_ln10)> <Delay = 0.98> <CoreInst = "Sel">   --->   Core 73 'Sel' <Latency = 0> <II = 1> <Delay = 0.80> <FuncUnit> <Opcode : 'select'> <InPorts = 3> <OutPorts = 1>
ST_2 : Operation 57 [1/1] (0.00ns)   --->   "%zext_ln16_1 = zext i3 %select_ln12" [matrix_mult.cpp:16]   --->   Operation 57 'zext' 'zext_ln16_1' <Predicate = (!icmp_ln10)> <Delay = 0.00>
ST_2 : Operation 58 [1/1] (1.78ns)   --->   "%add_ln16_2 = add i5 %add_ln16_1, i5 %zext_ln16_1" [matrix_mult.cpp:16]   --->   Operation 58 'add' 'add_ln16_2' <Predicate = (!icmp_ln10)> <Delay = 1.78> <CoreInst = "Adder">   --->   Core 1 'Adder' <Latency = 0> <II = 1> <Delay = 1.65> <FuncUnit> <Opcode : 'add' 'sub'> <InPorts = 2> <OutPorts = 1>
ST_2 : Operation 59 [1/1] (1.18ns)   --->   "%select_ln12_3 = select i1 %icmp_ln12, i6 1, i6 %add_ln12_1" [matrix_mult.cpp:12]   --->   Operation 59 'select' 'select_ln12_3' <Predicate = (!icmp_ln10)> <Delay = 1.18> <CoreInst = "Sel">   --->   Core 73 'Sel' <Latency = 0> <II = 1> <Delay = 0.80> <FuncUnit> <Opcode : 'select'> <InPorts = 3> <OutPorts = 1>
ST_2 : Operation 60 [1/1] (1.58ns)   --->   "%store_ln10 = store i3 %select_ln10_1, i3 %i" [matrix_mult.cpp:10]   --->   Operation 60 'store' 'store_ln10' <Predicate = (!icmp_ln10)> <Delay = 1.58>
ST_2 : Operation 61 [1/1] (1.58ns)   --->   "%store_ln12 = store i6 %select_ln12_3, i6 %indvar_flatten" [matrix_mult.cpp:12]   --->   Operation 61 'store' 'store_ln12' <Predicate = (!icmp_ln10)> <Delay = 1.58>

State 3 <SV = 2> <Delay = 3.40>
ST_3 : Operation 62 [1/1] (0.00ns)   --->   "%zext_ln13 = zext i3 %select_ln12_2" [matrix_mult.cpp:13]   --->   Operation 62 'zext' 'zext_ln13' <Predicate = true> <Delay = 0.00>
ST_3 : Operation 63 [1/1] (1.78ns)   --->   "%add_ln13 = add i5 %add_ln16_1, i5 %zext_ln13" [matrix_mult.cpp:13]   --->   Operation 63 'add' 'add_ln13' <Predicate = true> <Delay = 1.78> <CoreInst = "Adder">   --->   Core 1 'Adder' <Latency = 0> <II = 1> <Delay = 1.65> <FuncUnit> <Opcode : 'add' 'sub'> <InPorts = 2> <OutPorts = 1>
ST_3 : Operation 64 [1/1] (0.00ns)   --->   "%zext_ln16_2 = zext i5 %add_ln16_2" [matrix_mult.cpp:16]   --->   Operation 64 'zext' 'zext_ln16_2' <Predicate = true> <Delay = 0.00>
ST_3 : Operation 65 [1/1] (0.00ns)   --->   "%a_addr = getelementptr i8 %a, i64 0, i64 %zext_ln16_2" [matrix_mult.cpp:16]   --->   Operation 65 'getelementptr' 'a_addr' <Predicate = true> <Delay = 0.00>
ST_3 : Operation 66 [1/1] (0.00ns)   --->   "%tmp_1 = bitconcatenate i5 @_ssdm_op_BitConcatenate.i5.i3.i2, i3 %select_ln12, i2 0" [matrix_mult.cpp:16]   --->   Operation 66 'bitconcatenate' 'tmp_1' <Predicate = true> <Delay = 0.00>
ST_3 : Operation 67 [1/1] (0.00ns) (grouped into TernaryAdder)   --->   "%add_ln16_3 = add i5 %zext_ln16_1, i5 %tmp_1" [matrix_mult.cpp:16]   --->   Operation 67 'add' 'add_ln16_3' <Predicate = true> <Delay = 0.00> <CoreInst = "TAddSub">   --->   Core 10 'TAddSub' <Latency = 0> <II = 1> <Delay = 1.70> <IPBlock> <Opcode : 'add' 'sub'> <InPorts = 3> <OutPorts = 1> <Sync> <CReg>
ST_3 : Operation 68 [1/1] (3.40ns) (root node of TernaryAdder)   --->   "%add_ln16_4 = add i5 %add_ln16_3, i5 %zext_ln13" [matrix_mult.cpp:16]   --->   Operation 68 'add' 'add_ln16_4' <Predicate = true> <Delay = 3.40> <CoreInst = "TAddSub">   --->   Core 10 'TAddSub' <Latency = 0> <II = 1> <Delay = 1.70> <IPBlock> <Opcode : 'add' 'sub'> <InPorts = 3> <OutPorts = 1> <Sync> <CReg>
ST_3 : Operation 69 [2/2] (2.32ns)   --->   "%a_load = load i5 %a_addr" [matrix_mult.cpp:16]   --->   Operation 69 'load' 'a_load' <Predicate = true> <Delay = 2.32> <CoreInst = "RAM">   --->   Core 82 'RAM' <Latency = 1> <II = 1> <Delay = 2.32> <Storage> <Opcode : 'load' 'store'> <Ports = 2> <Width = 8> <Depth = 25> <RAM>
ST_3 : Operation 70 [1/1] (1.65ns)   --->   "%add_ln15 = add i3 %select_ln12, i3 1" [matrix_mult.cpp:15]   --->   Operation 70 'add' 'add_ln15' <Predicate = true> <Delay = 1.65> <CoreInst = "Adder">   --->   Core 1 'Adder' <Latency = 0> <II = 1> <Delay = 1.65> <FuncUnit> <Opcode : 'add' 'sub'> <InPorts = 2> <OutPorts = 1>
ST_3 : Operation 71 [1/1] (1.13ns)   --->   "%icmp_ln15_1 = icmp_eq  i3 %add_ln15, i3 5" [matrix_mult.cpp:15]   --->   Operation 71 'icmp' 'icmp_ln15_1' <Predicate = true> <Delay = 1.13> <CoreInst = "Cmp">   --->   Core 9 'Cmp' <Latency = 0> <II = 1> <Delay = 1.13> <FuncUnit> <Opcode : 'icmp'> <InPorts = 2> <OutPorts = 1>
ST_3 : Operation 72 [1/1] (0.00ns)   --->   "%br_ln15 = br i1 %icmp_ln15_1, void %ifFalse, void %ifTrue" [matrix_mult.cpp:15]   --->   Operation 72 'br' 'br_ln15' <Predicate = true> <Delay = 0.00>
ST_3 : Operation 73 [1/1] (1.58ns)   --->   "%store_ln12 = store i3 %select_ln12_2, i3 %j" [matrix_mult.cpp:12]   --->   Operation 73 'store' 'store_ln12' <Predicate = true> <Delay = 1.58>
ST_3 : Operation 74 [1/1] (1.58ns)   --->   "%store_ln15 = store i3 %add_ln15, i3 %k" [matrix_mult.cpp:15]   --->   Operation 74 'store' 'store_ln15' <Predicate = true> <Delay = 1.58>

State 4 <SV = 3> <Delay = 2.32>
ST_4 : Operation 75 [1/1] (0.00ns)   --->   "%zext_ln16_3 = zext i5 %add_ln16_4" [matrix_mult.cpp:16]   --->   Operation 75 'zext' 'zext_ln16_3' <Predicate = true> <Delay = 0.00>
ST_4 : Operation 76 [1/1] (0.00ns)   --->   "%b_addr = getelementptr i8 %b, i64 0, i64 %zext_ln16_3" [matrix_mult.cpp:16]   --->   Operation 76 'getelementptr' 'b_addr' <Predicate = true> <Delay = 0.00>
ST_4 : Operation 77 [1/2] (2.32ns)   --->   "%a_load = load i5 %a_addr" [matrix_mult.cpp:16]   --->   Operation 77 'load' 'a_load' <Predicate = true> <Delay = 2.32> <CoreInst = "RAM">   --->   Core 82 'RAM' <Latency = 1> <II = 1> <Delay = 2.32> <Storage> <Opcode : 'load' 'store'> <Ports = 2> <Width = 8> <Depth = 25> <RAM>
ST_4 : Operation 78 [2/2] (2.32ns)   --->   "%b_load = load i5 %b_addr" [matrix_mult.cpp:16]   --->   Operation 78 'load' 'b_load' <Predicate = true> <Delay = 2.32> <CoreInst = "RAM">   --->   Core 82 'RAM' <Latency = 1> <II = 1> <Delay = 2.32> <Storage> <Opcode : 'load' 'store'> <Ports = 2> <Width = 8> <Depth = 25> <RAM>

State 5 <SV = 4> <Delay = 3.37>
ST_5 : Operation 79 [1/1] (0.00ns)   --->   "%sext_ln16 = sext i8 %a_load" [matrix_mult.cpp:16]   --->   Operation 79 'sext' 'sext_ln16' <Predicate = true> <Delay = 0.00>
ST_5 : Operation 80 [1/2] (2.32ns)   --->   "%b_load = load i5 %b_addr" [matrix_mult.cpp:16]   --->   Operation 80 'load' 'b_load' <Predicate = true> <Delay = 2.32> <CoreInst = "RAM">   --->   Core 82 'RAM' <Latency = 1> <II = 1> <Delay = 2.32> <Storage> <Opcode : 'load' 'store'> <Ports = 2> <Width = 8> <Depth = 25> <RAM>
ST_5 : Operation 81 [1/1] (0.00ns)   --->   "%sext_ln16_1 = sext i8 %b_load" [matrix_mult.cpp:16]   --->   Operation 81 'sext' 'sext_ln16_1' <Predicate = true> <Delay = 0.00>
ST_5 : Operation 82 [3/3] (1.05ns) (grouped into DSP with root node add_ln16)   --->   "%mul_ln16 = mul i16 %sext_ln16_1, i16 %sext_ln16" [matrix_mult.cpp:16]   --->   Operation 82 'mul' 'mul_ln16' <Predicate = true> <Delay = 1.05> <CoreInst = "DSP48">   --->   Core 119 'DSP48' <Latency = 3> <II = 1> <Delay = 2.15> <IPBlock> <Opcode : 'mul' 'add' 'sub' 'select'> <InPorts = 0> <OutPorts = 1> <Sync> <CReg>

State 6 <SV = 5> <Delay = 1.05>
ST_6 : Operation 83 [2/3] (1.05ns) (grouped into DSP with root node add_ln16)   --->   "%mul_ln16 = mul i16 %sext_ln16_1, i16 %sext_ln16" [matrix_mult.cpp:16]   --->   Operation 83 'mul' 'mul_ln16' <Predicate = true> <Delay = 1.05> <CoreInst = "DSP48">   --->   Core 119 'DSP48' <Latency = 3> <II = 1> <Delay = 2.15> <IPBlock> <Opcode : 'mul' 'add' 'sub' 'select'> <InPorts = 0> <OutPorts = 1> <Sync> <CReg>

State 7 <SV = 6> <Delay = 2.90>
ST_7 : Operation 84 [1/1] (0.00ns)   --->   "%p_load = load i16 %empty" [matrix_mult.cpp:12]   --->   Operation 84 'load' 'p_load' <Predicate = (!or_ln12)> <Delay = 0.00>
ST_7 : Operation 85 [1/1] (0.80ns)   --->   "%select_ln12_1 = select i1 %or_ln12, i16 0, i16 %p_load" [matrix_mult.cpp:12]   --->   Operation 85 'select' 'select_ln12_1' <Predicate = true> <Delay = 0.80> <CoreInst = "Sel">   --->   Core 73 'Sel' <Latency = 0> <II = 1> <Delay = 0.80> <FuncUnit> <Opcode : 'select'> <InPorts = 3> <OutPorts = 1>
ST_7 : Operation 86 [1/3] (0.00ns) (grouped into DSP with root node add_ln16)   --->   "%mul_ln16 = mul i16 %sext_ln16_1, i16 %sext_ln16" [matrix_mult.cpp:16]   --->   Operation 86 'mul' 'mul_ln16' <Predicate = true> <Delay = 0.00> <CoreInst = "DSP48">   --->   Core 119 'DSP48' <Latency = 3> <II = 1> <Delay = 2.15> <IPBlock> <Opcode : 'mul' 'add' 'sub' 'select'> <InPorts = 0> <OutPorts = 1> <Sync> <CReg>
ST_7 : Operation 87 [2/2] (2.10ns) (root node of the DSP)   --->   "%add_ln16 = add i16 %mul_ln16, i16 %select_ln12_1" [matrix_mult.cpp:16]   --->   Operation 87 'add' 'add_ln16' <Predicate = true> <Delay = 2.10> <CoreInst = "DSP48">   --->   Core 119 'DSP48' <Latency = 3> <II = 1> <Delay = 2.15> <IPBlock> <Opcode : 'mul' 'add' 'sub' 'select'> <InPorts = 0> <OutPorts = 1> <Sync> <CReg>
ST_7 : Operation 100 [1/1] (0.00ns)   --->   "%ret_ln21 = ret" [matrix_mult.cpp:21]   --->   Operation 100 'ret' 'ret_ln21' <Predicate = (icmp_ln10)> <Delay = 0.00>

State 8 <SV = 7> <Delay = 2.10>
ST_8 : Operation 88 [1/1] (0.00ns)   --->   "%specloopname_ln0 = specloopname void @_ssdm_op_SpecLoopName, void @Row_Col_Product_str"   --->   Operation 88 'specloopname' 'specloopname_ln0' <Predicate = true> <Delay = 0.00>
ST_8 : Operation 89 [1/1] (0.00ns)   --->   "%empty_6 = speclooptripcount i32 @_ssdm_op_SpecLoopTripCount, i64 125, i64 125, i64 125"   --->   Operation 89 'speclooptripcount' 'empty_6' <Predicate = true> <Delay = 0.00>
ST_8 : Operation 90 [1/1] (0.00ns)   --->   "%specloopname_ln0 = specloopname void @_ssdm_op_SpecLoopName, void @Col_Product_str"   --->   Operation 90 'specloopname' 'specloopname_ln0' <Predicate = true> <Delay = 0.00>
ST_8 : Operation 91 [1/1] (0.00ns)   --->   "%zext_ln13_1 = zext i5 %add_ln13" [matrix_mult.cpp:13]   --->   Operation 91 'zext' 'zext_ln13_1' <Predicate = true> <Delay = 0.00>
ST_8 : Operation 92 [1/1] (0.00ns)   --->   "%prod_addr = getelementptr i16 %prod, i64 0, i64 %zext_ln13_1" [matrix_mult.cpp:13]   --->   Operation 92 'getelementptr' 'prod_addr' <Predicate = true> <Delay = 0.00>
ST_8 : Operation 93 [1/1] (0.00ns)   --->   "%specpipeline_ln15 = specpipeline void @_ssdm_op_SpecPipeline, i32 4294967295, i32 0, i32 0, i32 0, void @empty_0" [matrix_mult.cpp:15]   --->   Operation 93 'specpipeline' 'specpipeline_ln15' <Predicate = true> <Delay = 0.00>
ST_8 : Operation 94 [1/1] (0.00ns)   --->   "%specloopname_ln15 = specloopname void @_ssdm_op_SpecLoopName, void @empty_2" [matrix_mult.cpp:15]   --->   Operation 94 'specloopname' 'specloopname_ln15' <Predicate = true> <Delay = 0.00>
ST_8 : Operation 95 [1/2] (2.10ns) (root node of the DSP)   --->   "%add_ln16 = add i16 %mul_ln16, i16 %select_ln12_1" [matrix_mult.cpp:16]   --->   Operation 95 'add' 'add_ln16' <Predicate = true> <Delay = 2.10> <CoreInst = "DSP48">   --->   Core 119 'DSP48' <Latency = 3> <II = 1> <Delay = 2.15> <IPBlock> <Opcode : 'mul' 'add' 'sub' 'select'> <InPorts = 0> <OutPorts = 1> <Sync> <CReg>

State 9 <SV = 8> <Delay = 2.32>
ST_9 : Operation 96 [1/1] (2.32ns)   --->   "%store_ln16 = store i16 %add_ln16, i5 %prod_addr" [matrix_mult.cpp:16]   --->   Operation 96 'store' 'store_ln16' <Predicate = (icmp_ln15_1)> <Delay = 2.32> <CoreInst = "RAM">   --->   Core 82 'RAM' <Latency = 1> <II = 1> <Delay = 2.32> <Storage> <Opcode : 'load' 'store'> <Ports = 2> <Width = 16> <Depth = 25> <RAM>
ST_9 : Operation 97 [1/1] (0.00ns)   --->   "%br_ln0 = br void %ifFalse"   --->   Operation 97 'br' 'br_ln0' <Predicate = (icmp_ln15_1)> <Delay = 0.00>
ST_9 : Operation 98 [1/1] (1.58ns)   --->   "%store_ln16 = store i16 %add_ln16, i16 %empty" [matrix_mult.cpp:16]   --->   Operation 98 'store' 'store_ln16' <Predicate = true> <Delay = 1.58>
ST_9 : Operation 99 [1/1] (0.00ns)   --->   "%br_ln0 = br void"   --->   Operation 99 'br' 'br_ln0' <Predicate = true> <Delay = 0.00>


============================================================
+ Verbose Summary: Binding
============================================================
STG Binding: 
---------------- STG Properties BEGIN ----------------
- Is combinational: 0
- Is one-state seq: 0
- Is datapath-only: 0
- Is pipelined: 0
- Is top level: 1
Port [ Return ] is wired: 1; IO mode=ap_ctrl_hs:ce=0
Port [ a]:  wired=1; compound=1; hidden=0; nouse=0; global=0; static=0; extern=0; dir=0; type=1; pingpong=0; private_global=0; MemPort=[13]; IO mode=ap_memory:ce=0
Port [ b]:  wired=1; compound=1; hidden=0; nouse=0; global=0; static=0; extern=0; dir=0; type=1; pingpong=0; private_global=0; MemPort=[13]; IO mode=ap_memory:ce=0
Port [ prod]:  wired=1; compound=1; hidden=0; nouse=0; global=0; static=0; extern=0; dir=1; type=1; pingpong=0; private_global=0; MemPort=[03]; IO mode=ap_memory:ce=0
---------------- STG Properties END ------------------

---------------- Datapath Model BEGIN ----------------

<LifeTime>
<method=bitvector/>
empty                 (alloca           ) [ 0111111111]
k                     (alloca           ) [ 0111000000]
j                     (alloca           ) [ 0111000000]
indvar_flatten        (alloca           ) [ 0110000000]
i                     (alloca           ) [ 0110000000]
indvar_flatten15      (alloca           ) [ 0100000000]
spectopmodule_ln0     (spectopmodule    ) [ 0000000000]
specinterface_ln0     (specinterface    ) [ 0000000000]
specbitsmap_ln0       (specbitsmap      ) [ 0000000000]
specinterface_ln0     (specinterface    ) [ 0000000000]
specbitsmap_ln0       (specbitsmap      ) [ 0000000000]
specinterface_ln0     (specinterface    ) [ 0000000000]
specbitsmap_ln0       (specbitsmap      ) [ 0000000000]
store_ln10            (store            ) [ 0000000000]
store_ln10            (store            ) [ 0000000000]
store_ln10            (store            ) [ 0000000000]
store_ln10            (store            ) [ 0000000000]
store_ln10            (store            ) [ 0000000000]
store_ln10            (store            ) [ 0000000000]
br_ln10               (br               ) [ 0000000000]
indvar_flatten15_load (load             ) [ 0000000000]
icmp_ln10             (icmp             ) [ 0111111100]
add_ln10_1            (add              ) [ 0000000000]
br_ln10               (br               ) [ 0000000000]
k_load                (load             ) [ 0010000000]
indvar_flatten_load_1 (load             ) [ 0000000000]
i_load                (load             ) [ 0000000000]
add_ln10              (add              ) [ 0000000000]
icmp_ln12             (icmp             ) [ 0010000000]
select_ln10_1         (select           ) [ 0010000000]
xor_ln10              (xor              ) [ 0000000000]
icmp_ln15             (icmp             ) [ 0000000000]
and_ln10              (and              ) [ 0010000000]
or_ln12               (or               ) [ 0111111100]
indvar_flatten_load   (load             ) [ 0000000000]
add_ln12_1            (add              ) [ 0010000000]
store_ln10            (store            ) [ 0000000000]
j_load                (load             ) [ 0000000000]
select_ln10           (select           ) [ 0000000000]
zext_ln16             (zext             ) [ 0000000000]
tmp                   (bitconcatenate   ) [ 0000000000]
add_ln16_1            (add              ) [ 0101000000]
add_ln12              (add              ) [ 0000000000]
select_ln12           (select           ) [ 0101000000]
select_ln12_2         (select           ) [ 0101000000]
zext_ln16_1           (zext             ) [ 0101000000]
add_ln16_2            (add              ) [ 0101000000]
select_ln12_3         (select           ) [ 0000000000]
store_ln10            (store            ) [ 0000000000]
store_ln12            (store            ) [ 0000000000]
zext_ln13             (zext             ) [ 0000000000]
add_ln13              (add              ) [ 0110111110]
zext_ln16_2           (zext             ) [ 0000000000]
a_addr                (getelementptr    ) [ 0010100000]
tmp_1                 (bitconcatenate   ) [ 0000000000]
add_ln16_3            (add              ) [ 0000000000]
add_ln16_4            (add              ) [ 0010100000]
add_ln15              (add              ) [ 0000000000]
icmp_ln15_1           (icmp             ) [ 0110111111]
br_ln15               (br               ) [ 0000000000]
store_ln12            (store            ) [ 0000000000]
store_ln15            (store            ) [ 0000000000]
zext_ln16_3           (zext             ) [ 0000000000]
b_addr                (getelementptr    ) [ 0100010000]
a_load                (load             ) [ 0100010000]
sext_ln16             (sext             ) [ 0110001100]
b_load                (load             ) [ 0000000000]
sext_ln16_1           (sext             ) [ 0110001100]
p_load                (load             ) [ 0000000000]
select_ln12_1         (select           ) [ 0010000010]
mul_ln16              (mul              ) [ 0010000010]
specloopname_ln0      (specloopname     ) [ 0000000000]
empty_6               (speclooptripcount) [ 0000000000]
specloopname_ln0      (specloopname     ) [ 0000000000]
zext_ln13_1           (zext             ) [ 0000000000]
prod_addr             (getelementptr    ) [ 0100000001]
specpipeline_ln15     (specpipeline     ) [ 0000000000]
specloopname_ln15     (specloopname     ) [ 0000000000]
add_ln16              (add              ) [ 0100000001]
store_ln16            (store            ) [ 0000000000]
br_ln0                (br               ) [ 0000000000]
store_ln16            (store            ) [ 0000000000]
br_ln0                (br               ) [ 0000000000]
ret_ln21              (ret              ) [ 0000000000]
</LifeTime>

<model>

<comp_list>
<comp id="0" class="1000" name="a">
<pin_list>
<pin id="1" dir="1" index="0" bw="1" slack="0"/>
</pin_list>
<bind>
<StgValue><ssdm name="a"/><MemPortTyVec>1 3 </MemPortTyVec>
</StgValue>
</bind>
</comp>

<comp id="2" class="1000" name="b">
<pin_list>
<pin id="3" dir="1" index="0" bw="1" slack="0"/>
</pin_list>
<bind>
<StgValue><ssdm name="b"/><MemPortTyVec>1 3 </MemPortTyVec>
</StgValue>
</bind>
</comp>

<comp id="4" class="1000" name="prod">
<pin_list>
<pin id="5" dir="1" index="0" bw="1" slack="0"/>
</pin_list>
<bind>
<StgValue><ssdm name="prod"/><MemPortTyVec>0 3 </MemPortTyVec>
</StgValue>
</bind>
</comp>

<comp id="6" class="1001" name="const_6">
<pin_list>
<pin id="7" dir="1" index="0" bw="1" slack="0"/>
</pin_list>
<bind>
<StgValue><ssdm name=""/></StgValue>
</bind>
</comp>

<comp id="8" class="1001" name="const_8">
<pin_list>
<pin id="9" dir="1" index="0" bw="1" slack="2147483647"/>
</pin_list>
<bind>
<StgValue><ssdm name="_ssdm_op_SpecTopModule"/></StgValue>
</bind>
</comp>

<comp id="10" class="1001" name="const_10">
<pin_list>
<pin id="11" dir="1" index="0" bw="1" slack="2147483647"/>
</pin_list>
<bind>
<StgValue><ssdm name="empty_1"/></StgValue>
</bind>
</comp>

<comp id="12" class="1001" name="const_12">
<pin_list>
<pin id="13" dir="1" index="0" bw="1" slack="2147483647"/>
</pin_list>
<bind>
<StgValue><ssdm name="_ssdm_op_SpecInterface"/></StgValue>
</bind>
</comp>

<comp id="14" class="1001" name="const_14">
<pin_list>
<pin id="15" dir="1" index="0" bw="1" slack="2147483647"/>
</pin_list>
<bind>
<StgValue><ssdm name="empty"/></StgValue>
</bind>
</comp>

<comp id="16" class="1001" name="const_16">
<pin_list>
<pin id="17" dir="1" index="0" bw="1" slack="2147483647"/>
</pin_list>
<bind>
<StgValue><ssdm name=""/></StgValue>
</bind>
</comp>

<comp id="18" class="1001" name="const_18">
<pin_list>
<pin id="19" dir="1" index="0" bw="1" slack="2147483647"/>
</pin_list>
<bind>
<StgValue><ssdm name="empty_0"/></StgValue>
</bind>
</comp>

<comp id="20" class="1001" name="const_20">
<pin_list>
<pin id="21" dir="1" index="0" bw="1" slack="2147483647"/>
</pin_list>
<bind>
<StgValue><ssdm name=""/></StgValue>
</bind>
</comp>

<comp id="22" class="1001" name="const_22">
<pin_list>
<pin id="23" dir="1" index="0" bw="1" slack="2147483647"/>
</pin_list>
<bind>
<StgValue><ssdm name="_ssdm_op_SpecBitsMap"/></StgValue>
</bind>
</comp>

<comp id="24" class="1001" name="const_24">
<pin_list>
<pin id="25" dir="1" index="0" bw="1" slack="0"/>
</pin_list>
<bind>
<StgValue><ssdm name=""/></StgValue>
</bind>
</comp>

<comp id="26" class="1001" name="const_26">
<pin_list>
<pin id="27" dir="1" index="0" bw="1" slack="0"/>
</pin_list>
<bind>
<StgValue><ssdm name=""/></StgValue>
</bind>
</comp>

<comp id="28" class="1001" name="const_28">
<pin_list>
<pin id="29" dir="1" index="0" bw="1" slack="0"/>
</pin_list>
<bind>
<StgValue><ssdm name=""/></StgValue>
</bind>
</comp>

<comp id="30" class="1001" name="const_30">
<pin_list>
<pin id="31" dir="1" index="0" bw="1" slack="0"/>
</pin_list>
<bind>
<StgValue><ssdm name=""/></StgValue>
</bind>
</comp>

<comp id="32" class="1001" name="const_32">
<pin_list>
<pin id="33" dir="1" index="0" bw="1" slack="0"/>
</pin_list>
<bind>
<StgValue><ssdm name=""/></StgValue>
</bind>
</comp>

<comp id="34" class="1001" name="const_34">
<pin_list>
<pin id="35" dir="1" index="0" bw="1" slack="0"/>
</pin_list>
<bind>
<StgValue><ssdm name=""/></StgValue>
</bind>
</comp>

<comp id="36" class="1001" name="const_36">
<pin_list>
<pin id="37" dir="1" index="0" bw="1" slack="0"/>
</pin_list>
<bind>
<StgValue><ssdm name=""/></StgValue>
</bind>
</comp>

<comp id="38" class="1001" name="const_38">
<pin_list>
<pin id="39" dir="1" index="0" bw="1" slack="0"/>
</pin_list>
<bind>
<StgValue><ssdm name=""/></StgValue>
</bind>
</comp>

<comp id="40" class="1001" name="const_40">
<pin_list>
<pin id="41" dir="1" index="0" bw="1" slack="0"/>
</pin_list>
<bind>
<StgValue><ssdm name=""/></StgValue>
</bind>
</comp>

<comp id="42" class="1001" name="const_42">
<pin_list>
<pin id="43" dir="1" index="0" bw="1" slack="0"/>
</pin_list>
<bind>
<StgValue><ssdm name=""/></StgValue>
</bind>
</comp>

<comp id="44" class="1001" name="const_44">
<pin_list>
<pin id="45" dir="1" index="0" bw="1" slack="0"/>
</pin_list>
<bind>
<StgValue><ssdm name=""/></StgValue>
</bind>
</comp>

<comp id="46" class="1001" name="const_46">
<pin_list>
<pin id="47" dir="1" index="0" bw="1" slack="0"/>
</pin_list>
<bind>
<StgValue><ssdm name="_ssdm_op_BitConcatenate.i5.i3.i2"/></StgValue>
</bind>
</comp>

<comp id="48" class="1001" name="const_48">
<pin_list>
<pin id="49" dir="1" index="0" bw="1" slack="0"/>
</pin_list>
<bind>
<StgValue><ssdm name=""/></StgValue>
</bind>
</comp>

<comp id="50" class="1001" name="const_50">
<pin_list>
<pin id="51" dir="1" index="0" bw="1" slack="0"/>
</pin_list>
<bind>
<StgValue><ssdm name=""/></StgValue>
</bind>
</comp>

<comp id="52" class="1001" name="const_52">
<pin_list>
<pin id="53" dir="1" index="0" bw="1" slack="2147483647"/>
</pin_list>
<bind>
<StgValue><ssdm name="_ssdm_op_SpecLoopName"/></StgValue>
</bind>
</comp>

<comp id="54" class="1001" name="const_54">
<pin_list>
<pin id="55" dir="1" index="0" bw="1" slack="2147483647"/>
</pin_list>
<bind>
<StgValue><ssdm name="Row_Col_Product_str"/></StgValue>
</bind>
</comp>

<comp id="56" class="1001" name="const_56">
<pin_list>
<pin id="57" dir="1" index="0" bw="1" slack="2147483647"/>
</pin_list>
<bind>
<StgValue><ssdm name="_ssdm_op_SpecLoopTripCount"/></StgValue>
</bind>
</comp>

<comp id="58" class="1001" name="const_58">
<pin_list>
<pin id="59" dir="1" index="0" bw="1" slack="2147483647"/>
</pin_list>
<bind>
<StgValue><ssdm name=""/></StgValue>
</bind>
</comp>

<comp id="60" class="1001" name="const_60">
<pin_list>
<pin id="61" dir="1" index="0" bw="1" slack="2147483647"/>
</pin_list>
<bind>
<StgValue><ssdm name="Col_Product_str"/></StgValue>
</bind>
</comp>

<comp id="62" class="1001" name="const_62">
<pin_list>
<pin id="63" dir="1" index="0" bw="1" slack="2147483647"/>
</pin_list>
<bind>
<StgValue><ssdm name="_ssdm_op_SpecPipeline"/></StgValue>
</bind>
</comp>

<comp id="64" class="1001" name="const_64">
<pin_list>
<pin id="65" dir="1" index="0" bw="1" slack="2147483647"/>
</pin_list>
<bind>
<StgValue><ssdm name="empty_2"/></StgValue>
</bind>
</comp>

<comp id="66" class="1004" name="empty_fu_66">
<pin_list>
<pin id="67" dir="0" index="0" bw="1" slack="0"/>
<pin id="68" dir="1" index="1" bw="16" slack="0"/>
</pin_list>
<bind>
<opcode="alloca(26) " fcode="alloca"/>
<opset="empty/1 "/>
</bind>
</comp>

<comp id="70" class="1004" name="k_fu_70">
<pin_list>
<pin id="71" dir="0" index="0" bw="1" slack="0"/>
<pin id="72" dir="1" index="1" bw="3" slack="0"/>
</pin_list>
<bind>
<opcode="alloca(26) " fcode="alloca"/>
<opset="k/1 "/>
</bind>
</comp>

<comp id="74" class="1004" name="j_fu_74">
<pin_list>
<pin id="75" dir="0" index="0" bw="1" slack="0"/>
<pin id="76" dir="1" index="1" bw="3" slack="0"/>
</pin_list>
<bind>
<opcode="alloca(26) " fcode="alloca"/>
<opset="j/1 "/>
</bind>
</comp>

<comp id="78" class="1004" name="indvar_flatten_fu_78">
<pin_list>
<pin id="79" dir="0" index="0" bw="1" slack="0"/>
<pin id="80" dir="1" index="1" bw="6" slack="0"/>
</pin_list>
<bind>
<opcode="alloca(26) " fcode="alloca"/>
<opset="indvar_flatten/1 "/>
</bind>
</comp>

<comp id="82" class="1004" name="i_fu_82">
<pin_list>
<pin id="83" dir="0" index="0" bw="1" slack="0"/>
<pin id="84" dir="1" index="1" bw="3" slack="0"/>
</pin_list>
<bind>
<opcode="alloca(26) " fcode="alloca"/>
<opset="i/1 "/>
</bind>
</comp>

<comp id="86" class="1004" name="indvar_flatten15_fu_86">
<pin_list>
<pin id="87" dir="0" index="0" bw="1" slack="0"/>
<pin id="88" dir="1" index="1" bw="7" slack="0"/>
</pin_list>
<bind>
<opcode="alloca(26) " fcode="alloca"/>
<opset="indvar_flatten15/1 "/>
</bind>
</comp>

<comp id="90" class="1004" name="a_addr_gep_fu_90">
<pin_list>
<pin id="91" dir="0" index="0" bw="8" slack="0"/>
<pin id="92" dir="0" index="1" bw="1" slack="0"/>
<pin id="93" dir="0" index="2" bw="5" slack="0"/>
<pin id="94" dir="1" index="3" bw="5" slack="0"/>
</pin_list>
<bind>
<opcode="getelementptr(29) " fcode="getelementptr"/>
<opset="a_addr/3 "/>
</bind>
</comp>

<comp id="97" class="1004" name="grp_access_fu_97">
<pin_list>
<pin id="98" dir="0" index="0" bw="5" slack="0"/>
<pin id="99" dir="0" index="1" bw="8" slack="2147483647"/>
<pin id="100" dir="0" index="2" bw="0" slack="2147483647"/>
<pin id="101" dir="1" index="3" bw="8" slack="1"/>
</pin_list>
<bind>
<opcode="load(27) " fcode="load"/>
<opset="a_load/3 "/>
</bind>
</comp>

<comp id="103" class="1004" name="b_addr_gep_fu_103">
<pin_list>
<pin id="104" dir="0" index="0" bw="8" slack="0"/>
<pin id="105" dir="0" index="1" bw="1" slack="0"/>
<pin id="106" dir="0" index="2" bw="5" slack="0"/>
<pin id="107" dir="1" index="3" bw="5" slack="0"/>
</pin_list>
<bind>
<opcode="getelementptr(29) " fcode="getelementptr"/>
<opset="b_addr/4 "/>
</bind>
</comp>

<comp id="110" class="1004" name="grp_access_fu_110">
<pin_list>
<pin id="111" dir="0" index="0" bw="5" slack="0"/>
<pin id="112" dir="0" index="1" bw="8" slack="2147483647"/>
<pin id="113" dir="0" index="2" bw="0" slack="2147483647"/>
<pin id="114" dir="1" index="3" bw="8" slack="0"/>
</pin_list>
<bind>
<opcode="load(27) " fcode="load"/>
<opset="b_load/4 "/>
</bind>
</comp>

<comp id="116" class="1004" name="prod_addr_gep_fu_116">
<pin_list>
<pin id="117" dir="0" index="0" bw="16" slack="0"/>
<pin id="118" dir="0" index="1" bw="1" slack="0"/>
<pin id="119" dir="0" index="2" bw="5" slack="0"/>
<pin id="120" dir="1" index="3" bw="5" slack="1"/>
</pin_list>
<bind>
<opcode="getelementptr(29) " fcode="getelementptr"/>
<opset="prod_addr/8 "/>
</bind>
</comp>

<comp id="123" class="1004" name="store_ln16_access_fu_123">
<pin_list>
<pin id="124" dir="0" index="0" bw="5" slack="1"/>
<pin id="125" dir="0" index="1" bw="16" slack="1"/>
<pin id="126" dir="0" index="2" bw="0" slack="2147483647"/>
<pin id="127" dir="1" index="3" bw="16" slack="2147483647"/>
</pin_list>
<bind>
<opcode="store(28) " fcode="store"/>
<opset="store_ln16/9 "/>
</bind>
</comp>

<comp id="128" class="1004" name="store_ln10_store_fu_128">
<pin_list>
<pin id="129" dir="0" index="0" bw="1" slack="0"/>
<pin id="130" dir="0" index="1" bw="7" slack="0"/>
<pin id="131" dir="1" index="2" bw="0" slack="2147483647"/>
</pin_list>
<bind>
<opcode="store(28) " fcode="store"/>
<opset="store_ln10/1 "/>
</bind>
</comp>

<comp id="133" class="1004" name="store_ln10_store_fu_133">
<pin_list>
<pin id="134" dir="0" index="0" bw="1" slack="0"/>
<pin id="135" dir="0" index="1" bw="3" slack="0"/>
<pin id="136" dir="1" index="2" bw="0" slack="2147483647"/>
</pin_list>
<bind>
<opcode="store(28) " fcode="store"/>
<opset="store_ln10/1 "/>
</bind>
</comp>

<comp id="138" class="1004" name="store_ln10_store_fu_138">
<pin_list>
<pin id="139" dir="0" index="0" bw="1" slack="0"/>
<pin id="140" dir="0" index="1" bw="6" slack="0"/>
<pin id="141" dir="1" index="2" bw="0" slack="2147483647"/>
</pin_list>
<bind>
<opcode="store(28) " fcode="store"/>
<opset="store_ln10/1 "/>
</bind>
</comp>

<comp id="143" class="1004" name="store_ln10_store_fu_143">
<pin_list>
<pin id="144" dir="0" index="0" bw="1" slack="0"/>
<pin id="145" dir="0" index="1" bw="3" slack="0"/>
<pin id="146" dir="1" index="2" bw="0" slack="2147483647"/>
</pin_list>
<bind>
<opcode="store(28) " fcode="store"/>
<opset="store_ln10/1 "/>
</bind>
</comp>

<comp id="148" class="1004" name="store_ln10_store_fu_148">
<pin_list>
<pin id="149" dir="0" index="0" bw="1" slack="0"/>
<pin id="150" dir="0" index="1" bw="3" slack="0"/>
<pin id="151" dir="1" index="2" bw="0" slack="2147483647"/>
</pin_list>
<bind>
<opcode="store(28) " fcode="store"/>
<opset="store_ln10/1 "/>
</bind>
</comp>

<comp id="153" class="1004" name="store_ln10_store_fu_153">
<pin_list>
<pin id="154" dir="0" index="0" bw="1" slack="0"/>
<pin id="155" dir="0" index="1" bw="16" slack="0"/>
<pin id="156" dir="1" index="2" bw="0" slack="2147483647"/>
</pin_list>
<bind>
<opcode="store(28) " fcode="store"/>
<opset="store_ln10/1 "/>
</bind>
</comp>

<comp id="158" class="1004" name="indvar_flatten15_load_load_fu_158">
<pin_list>
<pin id="159" dir="0" index="0" bw="7" slack="0"/>
<pin id="160" dir="1" index="1" bw="7" slack="0"/>
</pin_list>
<bind>
<opcode="load(27) " fcode="load"/>
<opset="indvar_flatten15_load/1 "/>
</bind>
</comp>

<comp id="161" class="1004" name="icmp_ln10_fu_161">
<pin_list>
<pin id="162" dir="0" index="0" bw="7" slack="0"/>
<pin id="163" dir="0" index="1" bw="3" slack="0"/>
<pin id="164" dir="1" index="2" bw="1" slack="1"/>
</pin_list>
<bind>
<opcode="icmp(45) " fcode="icmp"/>
<opset="icmp_ln10/1 "/>
</bind>
</comp>

<comp id="167" class="1004" name="add_ln10_1_fu_167">
<pin_list>
<pin id="168" dir="0" index="0" bw="7" slack="0"/>
<pin id="169" dir="0" index="1" bw="1" slack="0"/>
<pin id="170" dir="1" index="2" bw="7" slack="0"/>
</pin_list>
<bind>
<opcode="add(8) " fcode="add"/>
<opset="add_ln10_1/1 "/>
</bind>
</comp>

<comp id="173" class="1004" name="k_load_load_fu_173">
<pin_list>
<pin id="174" dir="0" index="0" bw="3" slack="0"/>
<pin id="175" dir="1" index="1" bw="3" slack="0"/>
</pin_list>
<bind>
<opcode="load(27) " fcode="load"/>
<opset="k_load/1 "/>
</bind>
</comp>

<comp id="176" class="1004" name="indvar_flatten_load_1_load_fu_176">
<pin_list>
<pin id="177" dir="0" index="0" bw="6" slack="0"/>
<pin id="178" dir="1" index="1" bw="6" slack="0"/>
</pin_list>
<bind>
<opcode="load(27) " fcode="load"/>
<opset="indvar_flatten_load_1/1 "/>
</bind>
</comp>

<comp id="179" class="1004" name="i_load_load_fu_179">
<pin_list>
<pin id="180" dir="0" index="0" bw="3" slack="0"/>
<pin id="181" dir="1" index="1" bw="3" slack="0"/>
</pin_list>
<bind>
<opcode="load(27) " fcode="load"/>
<opset="i_load/1 "/>
</bind>
</comp>

<comp id="182" class="1004" name="add_ln10_fu_182">
<pin_list>
<pin id="183" dir="0" index="0" bw="3" slack="0"/>
<pin id="184" dir="0" index="1" bw="1" slack="0"/>
<pin id="185" dir="1" index="2" bw="3" slack="0"/>
</pin_list>
<bind>
<opcode="add(8) " fcode="add"/>
<opset="add_ln10/1 "/>
</bind>
</comp>

<comp id="188" class="1004" name="icmp_ln12_fu_188">
<pin_list>
<pin id="189" dir="0" index="0" bw="6" slack="0"/>
<pin id="190" dir="0" index="1" bw="6" slack="0"/>
<pin id="191" dir="1" index="2" bw="1" slack="0"/>
</pin_list>
<bind>
<opcode="icmp(45) " fcode="icmp"/>
<opset="icmp_ln12/1 "/>
</bind>
</comp>

<comp id="194" class="1004" name="select_ln10_1_fu_194">
<pin_list>
<pin id="195" dir="0" index="0" bw="1" slack="0"/>
<pin id="196" dir="0" index="1" bw="3" slack="0"/>
<pin id="197" dir="0" index="2" bw="3" slack="0"/>
<pin id="198" dir="1" index="3" bw="3" slack="1"/>
</pin_list>
<bind>
<opcode="select(49) " fcode="select"/>
<opset="select_ln10_1/1 "/>
</bind>
</comp>

<comp id="202" class="1004" name="xor_ln10_fu_202">
<pin_list>
<pin id="203" dir="0" index="0" bw="1" slack="0"/>
<pin id="204" dir="0" index="1" bw="1" slack="0"/>
<pin id="205" dir="1" index="2" bw="1" slack="0"/>
</pin_list>
<bind>
<opcode="xor(25) " fcode="xor"/>
<opset="xor_ln10/1 "/>
</bind>
</comp>

<comp id="208" class="1004" name="icmp_ln15_fu_208">
<pin_list>
<pin id="209" dir="0" index="0" bw="3" slack="0"/>
<pin id="210" dir="0" index="1" bw="3" slack="0"/>
<pin id="211" dir="1" index="2" bw="1" slack="0"/>
</pin_list>
<bind>
<opcode="icmp(45) " fcode="icmp"/>
<opset="icmp_ln15/1 "/>
</bind>
</comp>

<comp id="214" class="1004" name="and_ln10_fu_214">
<pin_list>
<pin id="215" dir="0" index="0" bw="1" slack="0"/>
<pin id="216" dir="0" index="1" bw="1" slack="0"/>
<pin id="217" dir="1" index="2" bw="1" slack="0"/>
</pin_list>
<bind>
<opcode="and(23) " fcode="and"/>
<opset="and_ln10/1 "/>
</bind>
</comp>

<comp id="220" class="1004" name="or_ln12_fu_220">
<pin_list>
<pin id="221" dir="0" index="0" bw="1" slack="0"/>
<pin id="222" dir="0" index="1" bw="1" slack="0"/>
<pin id="223" dir="1" index="2" bw="1" slack="1"/>
</pin_list>
<bind>
<opcode="or(24) " fcode="or"/>
<opset="or_ln12/1 "/>
</bind>
</comp>

<comp id="226" class="1004" name="indvar_flatten_load_load_fu_226">
<pin_list>
<pin id="227" dir="0" index="0" bw="6" slack="0"/>
<pin id="228" dir="1" index="1" bw="6" slack="0"/>
</pin_list>
<bind>
<opcode="load(27) " fcode="load"/>
<opset="indvar_flatten_load/1 "/>
</bind>
</comp>

<comp id="229" class="1004" name="add_ln12_1_fu_229">
<pin_list>
<pin id="230" dir="0" index="0" bw="6" slack="0"/>
<pin id="231" dir="0" index="1" bw="1" slack="0"/>
<pin id="232" dir="1" index="2" bw="6" slack="1"/>
</pin_list>
<bind>
<opcode="add(8) " fcode="add"/>
<opset="add_ln12_1/1 "/>
</bind>
</comp>

<comp id="235" class="1004" name="store_ln10_store_fu_235">
<pin_list>
<pin id="236" dir="0" index="0" bw="7" slack="0"/>
<pin id="237" dir="0" index="1" bw="7" slack="0"/>
<pin id="238" dir="1" index="2" bw="0" slack="2147483647"/>
</pin_list>
<bind>
<opcode="store(28) " fcode="store"/>
<opset="store_ln10/1 "/>
</bind>
</comp>

<comp id="240" class="1004" name="j_load_load_fu_240">
<pin_list>
<pin id="241" dir="0" index="0" bw="3" slack="1"/>
<pin id="242" dir="1" index="1" bw="3" slack="0"/>
</pin_list>
<bind>
<opcode="load(27) " fcode="load"/>
<opset="j_load/2 "/>
</bind>
</comp>

<comp id="243" class="1004" name="select_ln10_fu_243">
<pin_list>
<pin id="244" dir="0" index="0" bw="1" slack="1"/>
<pin id="245" dir="0" index="1" bw="1" slack="0"/>
<pin id="246" dir="0" index="2" bw="3" slack="0"/>
<pin id="247" dir="1" index="3" bw="3" slack="0"/>
</pin_list>
<bind>
<opcode="select(49) " fcode="select"/>
<opset="select_ln10/2 "/>
</bind>
</comp>

<comp id="250" class="1004" name="zext_ln16_fu_250">
<pin_list>
<pin id="251" dir="0" index="0" bw="3" slack="1"/>
<pin id="252" dir="1" index="1" bw="5" slack="0"/>
</pin_list>
<bind>
<opcode="zext(34) " fcode="zext"/>
<opset="zext_ln16/2 "/>
</bind>
</comp>

<comp id="253" class="1004" name="tmp_fu_253">
<pin_list>
<pin id="254" dir="0" index="0" bw="5" slack="0"/>
<pin id="255" dir="0" index="1" bw="3" slack="1"/>
<pin id="256" dir="0" index="2" bw="1" slack="0"/>
<pin id="257" dir="1" index="3" bw="5" slack="0"/>
</pin_list>
<bind>
<opcode="bitconcatenate(1004) " fcode="bitconcatenate"/>
<opset="tmp/2 "/>
</bind>
</comp>

<comp id="260" class="1004" name="add_ln16_1_fu_260">
<pin_list>
<pin id="261" dir="0" index="0" bw="5" slack="0"/>
<pin id="262" dir="0" index="1" bw="3" slack="0"/>
<pin id="263" dir="1" index="2" bw="5" slack="0"/>
</pin_list>
<bind>
<opcode="add(8) " fcode="add"/>
<opset="add_ln16_1/2 "/>
</bind>
</comp>

<comp id="266" class="1004" name="add_ln12_fu_266">
<pin_list>
<pin id="267" dir="0" index="0" bw="3" slack="0"/>
<pin id="268" dir="0" index="1" bw="1" slack="0"/>
<pin id="269" dir="1" index="2" bw="3" slack="0"/>
</pin_list>
<bind>
<opcode="add(8) " fcode="add"/>
<opset="add_ln12/2 "/>
</bind>
</comp>

<comp id="272" class="1004" name="select_ln12_fu_272">
<pin_list>
<pin id="273" dir="0" index="0" bw="1" slack="1"/>
<pin id="274" dir="0" index="1" bw="1" slack="0"/>
<pin id="275" dir="0" index="2" bw="3" slack="1"/>
<pin id="276" dir="1" index="3" bw="3" slack="0"/>
</pin_list>
<bind>
<opcode="select(49) " fcode="select"/>
<opset="select_ln12/2 "/>
</bind>
</comp>

<comp id="278" class="1004" name="select_ln12_2_fu_278">
<pin_list>
<pin id="279" dir="0" index="0" bw="1" slack="1"/>
<pin id="280" dir="0" index="1" bw="3" slack="0"/>
<pin id="281" dir="0" index="2" bw="3" slack="0"/>
<pin id="282" dir="1" index="3" bw="3" slack="1"/>
</pin_list>
<bind>
<opcode="select(49) " fcode="select"/>
<opset="select_ln12_2/2 "/>
</bind>
</comp>

<comp id="285" class="1004" name="zext_ln16_1_fu_285">
<pin_list>
<pin id="286" dir="0" index="0" bw="3" slack="0"/>
<pin id="287" dir="1" index="1" bw="5" slack="0"/>
</pin_list>
<bind>
<opcode="zext(34) " fcode="zext"/>
<opset="zext_ln16_1/2 "/>
</bind>
</comp>

<comp id="289" class="1004" name="add_ln16_2_fu_289">
<pin_list>
<pin id="290" dir="0" index="0" bw="5" slack="0"/>
<pin id="291" dir="0" index="1" bw="3" slack="0"/>
<pin id="292" dir="1" index="2" bw="5" slack="1"/>
</pin_list>
<bind>
<opcode="add(8) " fcode="add"/>
<opset="add_ln16_2/2 "/>
</bind>
</comp>

<comp id="295" class="1004" name="select_ln12_3_fu_295">
<pin_list>
<pin id="296" dir="0" index="0" bw="1" slack="1"/>
<pin id="297" dir="0" index="1" bw="1" slack="0"/>
<pin id="298" dir="0" index="2" bw="6" slack="1"/>
<pin id="299" dir="1" index="3" bw="6" slack="0"/>
</pin_list>
<bind>
<opcode="select(49) " fcode="select"/>
<opset="select_ln12_3/2 "/>
</bind>
</comp>

<comp id="301" class="1004" name="store_ln10_store_fu_301">
<pin_list>
<pin id="302" dir="0" index="0" bw="3" slack="1"/>
<pin id="303" dir="0" index="1" bw="3" slack="1"/>
<pin id="304" dir="1" index="2" bw="0" slack="2147483647"/>
</pin_list>
<bind>
<opcode="store(28) " fcode="store"/>
<opset="store_ln10/2 "/>
</bind>
</comp>

<comp id="305" class="1004" name="store_ln12_store_fu_305">
<pin_list>
<pin id="306" dir="0" index="0" bw="6" slack="0"/>
<pin id="307" dir="0" index="1" bw="6" slack="1"/>
<pin id="308" dir="1" index="2" bw="0" slack="2147483647"/>
</pin_list>
<bind>
<opcode="store(28) " fcode="store"/>
<opset="store_ln12/2 "/>
</bind>
</comp>

<comp id="310" class="1004" name="zext_ln13_fu_310">
<pin_list>
<pin id="311" dir="0" index="0" bw="3" slack="1"/>
<pin id="312" dir="1" index="1" bw="5" slack="0"/>
</pin_list>
<bind>
<opcode="zext(34) " fcode="zext"/>
<opset="zext_ln13/3 "/>
</bind>
</comp>

<comp id="313" class="1004" name="add_ln13_fu_313">
<pin_list>
<pin id="314" dir="0" index="0" bw="5" slack="1"/>
<pin id="315" dir="0" index="1" bw="3" slack="0"/>
<pin id="316" dir="1" index="2" bw="5" slack="5"/>
</pin_list>
<bind>
<opcode="add(8) " fcode="add"/>
<opset="add_ln13/3 "/>
</bind>
</comp>

<comp id="318" class="1004" name="zext_ln16_2_fu_318">
<pin_list>
<pin id="319" dir="0" index="0" bw="5" slack="1"/>
<pin id="320" dir="1" index="1" bw="64" slack="0"/>
</pin_list>
<bind>
<opcode="zext(34) " fcode="zext"/>
<opset="zext_ln16_2/3 "/>
</bind>
</comp>

<comp id="322" class="1004" name="tmp_1_fu_322">
<pin_list>
<pin id="323" dir="0" index="0" bw="5" slack="0"/>
<pin id="324" dir="0" index="1" bw="3" slack="1"/>
<pin id="325" dir="0" index="2" bw="1" slack="0"/>
<pin id="326" dir="1" index="3" bw="5" slack="0"/>
</pin_list>
<bind>
<opcode="bitconcatenate(1004) " fcode="bitconcatenate"/>
<opset="tmp_1/3 "/>
</bind>
</comp>

<comp id="329" class="1004" name="add_ln16_3_fu_329">
<pin_list>
<pin id="330" dir="0" index="0" bw="3" slack="1"/>
<pin id="331" dir="0" index="1" bw="5" slack="0"/>
<pin id="332" dir="1" index="2" bw="5" slack="0"/>
</pin_list>
<bind>
<opcode="add(8) " fcode="add"/>
<opset="add_ln16_3/3 "/>
</bind>
</comp>

<comp id="334" class="1004" name="add_ln16_4_fu_334">
<pin_list>
<pin id="335" dir="0" index="0" bw="5" slack="0"/>
<pin id="336" dir="0" index="1" bw="3" slack="0"/>
<pin id="337" dir="1" index="2" bw="5" slack="1"/>
</pin_list>
<bind>
<opcode="add(8) " fcode="add"/>
<opset="add_ln16_4/3 "/>
</bind>
</comp>

<comp id="340" class="1004" name="add_ln15_fu_340">
<pin_list>
<pin id="341" dir="0" index="0" bw="3" slack="1"/>
<pin id="342" dir="0" index="1" bw="1" slack="0"/>
<pin id="343" dir="1" index="2" bw="3" slack="0"/>
</pin_list>
<bind>
<opcode="add(8) " fcode="add"/>
<opset="add_ln15/3 "/>
</bind>
</comp>

<comp id="345" class="1004" name="icmp_ln15_1_fu_345">
<pin_list>
<pin id="346" dir="0" index="0" bw="3" slack="0"/>
<pin id="347" dir="0" index="1" bw="3" slack="0"/>
<pin id="348" dir="1" index="2" bw="1" slack="6"/>
</pin_list>
<bind>
<opcode="icmp(45) " fcode="icmp"/>
<opset="icmp_ln15_1/3 "/>
</bind>
</comp>

<comp id="351" class="1004" name="store_ln12_store_fu_351">
<pin_list>
<pin id="352" dir="0" index="0" bw="3" slack="1"/>
<pin id="353" dir="0" index="1" bw="3" slack="2"/>
<pin id="354" dir="1" index="2" bw="0" slack="2147483647"/>
</pin_list>
<bind>
<opcode="store(28) " fcode="store"/>
<opset="store_ln12/3 "/>
</bind>
</comp>

<comp id="355" class="1004" name="store_ln15_store_fu_355">
<pin_list>
<pin id="356" dir="0" index="0" bw="3" slack="0"/>
<pin id="357" dir="0" index="1" bw="3" slack="2"/>
<pin id="358" dir="1" index="2" bw="0" slack="2147483647"/>
</pin_list>
<bind>
<opcode="store(28) " fcode="store"/>
<opset="store_ln15/3 "/>
</bind>
</comp>

<comp id="360" class="1004" name="zext_ln16_3_fu_360">
<pin_list>
<pin id="361" dir="0" index="0" bw="5" slack="1"/>
<pin id="362" dir="1" index="1" bw="64" slack="0"/>
</pin_list>
<bind>
<opcode="zext(34) " fcode="zext"/>
<opset="zext_ln16_3/4 "/>
</bind>
</comp>

<comp id="364" class="1004" name="sext_ln16_fu_364">
<pin_list>
<pin id="365" dir="0" index="0" bw="8" slack="1"/>
<pin id="366" dir="1" index="1" bw="16" slack="0"/>
</pin_list>
<bind>
<opcode="sext(35) " fcode="sext"/>
<opset="sext_ln16/5 "/>
</bind>
</comp>

<comp id="367" class="1004" name="sext_ln16_1_fu_367">
<pin_list>
<pin id="368" dir="0" index="0" bw="8" slack="0"/>
<pin id="369" dir="1" index="1" bw="16" slack="0"/>
</pin_list>
<bind>
<opcode="sext(35) " fcode="sext"/>
<opset="sext_ln16_1/5 "/>
</bind>
</comp>

<comp id="371" class="1004" name="p_load_load_fu_371">
<pin_list>
<pin id="372" dir="0" index="0" bw="16" slack="6"/>
<pin id="373" dir="1" index="1" bw="16" slack="0"/>
</pin_list>
<bind>
<opcode="load(27) " fcode="load"/>
<opset="p_load/7 "/>
</bind>
</comp>

<comp id="374" class="1004" name="select_ln12_1_fu_374">
<pin_list>
<pin id="375" dir="0" index="0" bw="1" slack="6"/>
<pin id="376" dir="0" index="1" bw="1" slack="0"/>
<pin id="377" dir="0" index="2" bw="16" slack="0"/>
<pin id="378" dir="1" index="3" bw="16" slack="0"/>
</pin_list>
<bind>
<opcode="select(49) " fcode="select"/>
<opset="select_ln12_1/7 "/>
</bind>
</comp>

<comp id="381" class="1004" name="zext_ln13_1_fu_381">
<pin_list>
<pin id="382" dir="0" index="0" bw="5" slack="5"/>
<pin id="383" dir="1" index="1" bw="64" slack="0"/>
</pin_list>
<bind>
<opcode="zext(34) " fcode="zext"/>
<opset="zext_ln13_1/8 "/>
</bind>
</comp>

<comp id="385" class="1004" name="store_ln16_store_fu_385">
<pin_list>
<pin id="386" dir="0" index="0" bw="16" slack="1"/>
<pin id="387" dir="0" index="1" bw="16" slack="8"/>
<pin id="388" dir="1" index="2" bw="0" slack="2147483647"/>
</pin_list>
<bind>
<opcode="store(28) " fcode="store"/>
<opset="store_ln16/9 "/>
</bind>
</comp>

<comp id="389" class="1007" name="grp_fu_389">
<pin_list>
<pin id="390" dir="0" index="0" bw="8" slack="0"/>
<pin id="391" dir="0" index="1" bw="8" slack="0"/>
<pin id="392" dir="0" index="2" bw="16" slack="0"/>
<pin id="393" dir="1" index="3" bw="16" slack="1"/>
</pin_list>
<bind>
<opcode="muladd(1172) " fcode="muladd"/>
<opset="mul_ln16/5 add_ln16/7 "/>
</bind>
</comp>

<comp id="397" class="1005" name="empty_reg_397">
<pin_list>
<pin id="398" dir="0" index="0" bw="16" slack="0"/>
<pin id="399" dir="1" index="1" bw="16" slack="0"/>
</pin_list>
<bind>
<opset="empty "/>
</bind>
</comp>

<comp id="404" class="1005" name="k_reg_404">
<pin_list>
<pin id="405" dir="0" index="0" bw="3" slack="0"/>
<pin id="406" dir="1" index="1" bw="3" slack="0"/>
</pin_list>
<bind>
<opset="k "/>
</bind>
</comp>

<comp id="411" class="1005" name="j_reg_411">
<pin_list>
<pin id="412" dir="0" index="0" bw="3" slack="0"/>
<pin id="413" dir="1" index="1" bw="3" slack="0"/>
</pin_list>
<bind>
<opset="j "/>
</bind>
</comp>

<comp id="418" class="1005" name="indvar_flatten_reg_418">
<pin_list>
<pin id="419" dir="0" index="0" bw="6" slack="0"/>
<pin id="420" dir="1" index="1" bw="6" slack="0"/>
</pin_list>
<bind>
<opset="indvar_flatten "/>
</bind>
</comp>

<comp id="426" class="1005" name="i_reg_426">
<pin_list>
<pin id="427" dir="0" index="0" bw="3" slack="0"/>
<pin id="428" dir="1" index="1" bw="3" slack="0"/>
</pin_list>
<bind>
<opset="i "/>
</bind>
</comp>

<comp id="433" class="1005" name="indvar_flatten15_reg_433">
<pin_list>
<pin id="434" dir="0" index="0" bw="7" slack="0"/>
<pin id="435" dir="1" index="1" bw="7" slack="0"/>
</pin_list>
<bind>
<opset="indvar_flatten15 "/>
</bind>
</comp>

<comp id="440" class="1005" name="icmp_ln10_reg_440">
<pin_list>
<pin id="441" dir="0" index="0" bw="1" slack="1"/>
<pin id="442" dir="1" index="1" bw="1" slack="2147483647"/>
</pin_list>
<bind>
<opset="icmp_ln10 "/>
</bind>
</comp>

<comp id="444" class="1005" name="k_load_reg_444">
<pin_list>
<pin id="445" dir="0" index="0" bw="3" slack="1"/>
<pin id="446" dir="1" index="1" bw="3" slack="1"/>
</pin_list>
<bind>
<opset="k_load "/>
</bind>
</comp>

<comp id="449" class="1005" name="icmp_ln12_reg_449">
<pin_list>
<pin id="450" dir="0" index="0" bw="1" slack="1"/>
<pin id="451" dir="1" index="1" bw="1" slack="1"/>
</pin_list>
<bind>
<opset="icmp_ln12 "/>
</bind>
</comp>

<comp id="455" class="1005" name="select_ln10_1_reg_455">
<pin_list>
<pin id="456" dir="0" index="0" bw="3" slack="1"/>
<pin id="457" dir="1" index="1" bw="3" slack="1"/>
</pin_list>
<bind>
<opset="select_ln10_1 "/>
</bind>
</comp>

<comp id="462" class="1005" name="and_ln10_reg_462">
<pin_list>
<pin id="463" dir="0" index="0" bw="1" slack="1"/>
<pin id="464" dir="1" index="1" bw="1" slack="1"/>
</pin_list>
<bind>
<opset="and_ln10 "/>
</bind>
</comp>

<comp id="467" class="1005" name="or_ln12_reg_467">
<pin_list>
<pin id="468" dir="0" index="0" bw="1" slack="1"/>
<pin id="469" dir="1" index="1" bw="1" slack="1"/>
</pin_list>
<bind>
<opset="or_ln12 "/>
</bind>
</comp>

<comp id="473" class="1005" name="add_ln12_1_reg_473">
<pin_list>
<pin id="474" dir="0" index="0" bw="6" slack="1"/>
<pin id="475" dir="1" index="1" bw="6" slack="1"/>
</pin_list>
<bind>
<opset="add_ln12_1 "/>
</bind>
</comp>

<comp id="478" class="1005" name="add_ln16_1_reg_478">
<pin_list>
<pin id="479" dir="0" index="0" bw="5" slack="1"/>
<pin id="480" dir="1" index="1" bw="5" slack="1"/>
</pin_list>
<bind>
<opset="add_ln16_1 "/>
</bind>
</comp>

<comp id="483" class="1005" name="select_ln12_reg_483">
<pin_list>
<pin id="484" dir="0" index="0" bw="3" slack="1"/>
<pin id="485" dir="1" index="1" bw="3" slack="1"/>
</pin_list>
<bind>
<opset="select_ln12 "/>
</bind>
</comp>

<comp id="489" class="1005" name="select_ln12_2_reg_489">
<pin_list>
<pin id="490" dir="0" index="0" bw="3" slack="1"/>
<pin id="491" dir="1" index="1" bw="3" slack="1"/>
</pin_list>
<bind>
<opset="select_ln12_2 "/>
</bind>
</comp>

<comp id="495" class="1005" name="zext_ln16_1_reg_495">
<pin_list>
<pin id="496" dir="0" index="0" bw="5" slack="1"/>
<pin id="497" dir="1" index="1" bw="5" slack="1"/>
</pin_list>
<bind>
<opset="zext_ln16_1 "/>
</bind>
</comp>

<comp id="500" class="1005" name="add_ln16_2_reg_500">
<pin_list>
<pin id="501" dir="0" index="0" bw="5" slack="1"/>
<pin id="502" dir="1" index="1" bw="5" slack="1"/>
</pin_list>
<bind>
<opset="add_ln16_2 "/>
</bind>
</comp>

<comp id="505" class="1005" name="add_ln13_reg_505">
<pin_list>
<pin id="506" dir="0" index="0" bw="5" slack="5"/>
<pin id="507" dir="1" index="1" bw="5" slack="5"/>
</pin_list>
<bind>
<opset="add_ln13 "/>
</bind>
</comp>

<comp id="510" class="1005" name="a_addr_reg_510">
<pin_list>
<pin id="511" dir="0" index="0" bw="5" slack="1"/>
<pin id="512" dir="1" index="1" bw="5" slack="1"/>
</pin_list>
<bind>
<opset="a_addr "/>
</bind>
</comp>

<comp id="515" class="1005" name="add_ln16_4_reg_515">
<pin_list>
<pin id="516" dir="0" index="0" bw="5" slack="1"/>
<pin id="517" dir="1" index="1" bw="5" slack="1"/>
</pin_list>
<bind>
<opset="add_ln16_4 "/>
</bind>
</comp>

<comp id="520" class="1005" name="icmp_ln15_1_reg_520">
<pin_list>
<pin id="521" dir="0" index="0" bw="1" slack="6"/>
<pin id="522" dir="1" index="1" bw="1" slack="2147483647"/>
</pin_list>
<bind>
<opset="icmp_ln15_1 "/>
</bind>
</comp>

<comp id="524" class="1005" name="b_addr_reg_524">
<pin_list>
<pin id="525" dir="0" index="0" bw="5" slack="1"/>
<pin id="526" dir="1" index="1" bw="5" slack="1"/>
</pin_list>
<bind>
<opset="b_addr "/>
</bind>
</comp>

<comp id="529" class="1005" name="a_load_reg_529">
<pin_list>
<pin id="530" dir="0" index="0" bw="8" slack="1"/>
<pin id="531" dir="1" index="1" bw="8" slack="1"/>
</pin_list>
<bind>
<opset="a_load "/>
</bind>
</comp>

<comp id="534" class="1005" name="sext_ln16_reg_534">
<pin_list>
<pin id="535" dir="0" index="0" bw="16" slack="1"/>
<pin id="536" dir="1" index="1" bw="16" slack="1"/>
</pin_list>
<bind>
<opset="sext_ln16 "/>
</bind>
</comp>

<comp id="539" class="1005" name="sext_ln16_1_reg_539">
<pin_list>
<pin id="540" dir="0" index="0" bw="16" slack="1"/>
<pin id="541" dir="1" index="1" bw="16" slack="1"/>
</pin_list>
<bind>
<opset="sext_ln16_1 "/>
</bind>
</comp>

<comp id="544" class="1005" name="select_ln12_1_reg_544">
<pin_list>
<pin id="545" dir="0" index="0" bw="16" slack="1"/>
<pin id="546" dir="1" index="1" bw="16" slack="1"/>
</pin_list>
<bind>
<opset="select_ln12_1 "/>
</bind>
</comp>

<comp id="549" class="1005" name="prod_addr_reg_549">
<pin_list>
<pin id="550" dir="0" index="0" bw="5" slack="1"/>
<pin id="551" dir="1" index="1" bw="5" slack="1"/>
</pin_list>
<bind>
<opset="prod_addr "/>
</bind>
</comp>

<comp id="554" class="1005" name="add_ln16_reg_554">
<pin_list>
<pin id="555" dir="0" index="0" bw="16" slack="1"/>
<pin id="556" dir="1" index="1" bw="16" slack="1"/>
</pin_list>
<bind>
<opset="add_ln16 "/>
</bind>
</comp>

</comp_list>

<net_list>
<net id="69"><net_src comp="6" pin="0"/><net_sink comp="66" pin=0"/></net>

<net id="73"><net_src comp="6" pin="0"/><net_sink comp="70" pin=0"/></net>

<net id="77"><net_src comp="6" pin="0"/><net_sink comp="74" pin=0"/></net>

<net id="81"><net_src comp="6" pin="0"/><net_sink comp="78" pin=0"/></net>

<net id="85"><net_src comp="6" pin="0"/><net_sink comp="82" pin=0"/></net>

<net id="89"><net_src comp="6" pin="0"/><net_sink comp="86" pin=0"/></net>

<net id="95"><net_src comp="0" pin="0"/><net_sink comp="90" pin=0"/></net>

<net id="96"><net_src comp="50" pin="0"/><net_sink comp="90" pin=1"/></net>

<net id="102"><net_src comp="90" pin="3"/><net_sink comp="97" pin=0"/></net>

<net id="108"><net_src comp="2" pin="0"/><net_sink comp="103" pin=0"/></net>

<net id="109"><net_src comp="50" pin="0"/><net_sink comp="103" pin=1"/></net>

<net id="115"><net_src comp="103" pin="3"/><net_sink comp="110" pin=0"/></net>

<net id="121"><net_src comp="4" pin="0"/><net_sink comp="116" pin=0"/></net>

<net id="122"><net_src comp="50" pin="0"/><net_sink comp="116" pin=1"/></net>

<net id="132"><net_src comp="24" pin="0"/><net_sink comp="128" pin=0"/></net>

<net id="137"><net_src comp="26" pin="0"/><net_sink comp="133" pin=0"/></net>

<net id="142"><net_src comp="28" pin="0"/><net_sink comp="138" pin=0"/></net>

<net id="147"><net_src comp="26" pin="0"/><net_sink comp="143" pin=0"/></net>

<net id="152"><net_src comp="26" pin="0"/><net_sink comp="148" pin=0"/></net>

<net id="157"><net_src comp="30" pin="0"/><net_sink comp="153" pin=0"/></net>

<net id="165"><net_src comp="158" pin="1"/><net_sink comp="161" pin=0"/></net>

<net id="166"><net_src comp="32" pin="0"/><net_sink comp="161" pin=1"/></net>

<net id="171"><net_src comp="158" pin="1"/><net_sink comp="167" pin=0"/></net>

<net id="172"><net_src comp="34" pin="0"/><net_sink comp="167" pin=1"/></net>

<net id="186"><net_src comp="179" pin="1"/><net_sink comp="182" pin=0"/></net>

<net id="187"><net_src comp="36" pin="0"/><net_sink comp="182" pin=1"/></net>

<net id="192"><net_src comp="176" pin="1"/><net_sink comp="188" pin=0"/></net>

<net id="193"><net_src comp="38" pin="0"/><net_sink comp="188" pin=1"/></net>

<net id="199"><net_src comp="188" pin="2"/><net_sink comp="194" pin=0"/></net>

<net id="200"><net_src comp="182" pin="2"/><net_sink comp="194" pin=1"/></net>

<net id="201"><net_src comp="179" pin="1"/><net_sink comp="194" pin=2"/></net>

<net id="206"><net_src comp="188" pin="2"/><net_sink comp="202" pin=0"/></net>

<net id="207"><net_src comp="40" pin="0"/><net_sink comp="202" pin=1"/></net>

<net id="212"><net_src comp="173" pin="1"/><net_sink comp="208" pin=0"/></net>

<net id="213"><net_src comp="42" pin="0"/><net_sink comp="208" pin=1"/></net>

<net id="218"><net_src comp="208" pin="2"/><net_sink comp="214" pin=0"/></net>

<net id="219"><net_src comp="202" pin="2"/><net_sink comp="214" pin=1"/></net>

<net id="224"><net_src comp="214" pin="2"/><net_sink comp="220" pin=0"/></net>

<net id="225"><net_src comp="188" pin="2"/><net_sink comp="220" pin=1"/></net>

<net id="233"><net_src comp="226" pin="1"/><net_sink comp="229" pin=0"/></net>

<net id="234"><net_src comp="44" pin="0"/><net_sink comp="229" pin=1"/></net>

<net id="239"><net_src comp="167" pin="2"/><net_sink comp="235" pin=0"/></net>

<net id="248"><net_src comp="26" pin="0"/><net_sink comp="243" pin=1"/></net>

<net id="249"><net_src comp="240" pin="1"/><net_sink comp="243" pin=2"/></net>

<net id="258"><net_src comp="46" pin="0"/><net_sink comp="253" pin=0"/></net>

<net id="259"><net_src comp="48" pin="0"/><net_sink comp="253" pin=2"/></net>

<net id="264"><net_src comp="253" pin="3"/><net_sink comp="260" pin=0"/></net>

<net id="265"><net_src comp="250" pin="1"/><net_sink comp="260" pin=1"/></net>

<net id="270"><net_src comp="243" pin="3"/><net_sink comp="266" pin=0"/></net>

<net id="271"><net_src comp="36" pin="0"/><net_sink comp="266" pin=1"/></net>

<net id="277"><net_src comp="26" pin="0"/><net_sink comp="272" pin=1"/></net>

<net id="283"><net_src comp="266" pin="2"/><net_sink comp="278" pin=1"/></net>

<net id="284"><net_src comp="243" pin="3"/><net_sink comp="278" pin=2"/></net>

<net id="288"><net_src comp="272" pin="3"/><net_sink comp="285" pin=0"/></net>

<net id="293"><net_src comp="260" pin="2"/><net_sink comp="289" pin=0"/></net>

<net id="294"><net_src comp="285" pin="1"/><net_sink comp="289" pin=1"/></net>

<net id="300"><net_src comp="44" pin="0"/><net_sink comp="295" pin=1"/></net>

<net id="309"><net_src comp="295" pin="3"/><net_sink comp="305" pin=0"/></net>

<net id="317"><net_src comp="310" pin="1"/><net_sink comp="313" pin=1"/></net>

<net id="321"><net_src comp="318" pin="1"/><net_sink comp="90" pin=2"/></net>

<net id="327"><net_src comp="46" pin="0"/><net_sink comp="322" pin=0"/></net>

<net id="328"><net_src comp="48" pin="0"/><net_sink comp="322" pin=2"/></net>

<net id="333"><net_src comp="322" pin="3"/><net_sink comp="329" pin=1"/></net>

<net id="338"><net_src comp="329" pin="2"/><net_sink comp="334" pin=0"/></net>

<net id="339"><net_src comp="310" pin="1"/><net_sink comp="334" pin=1"/></net>

<net id="344"><net_src comp="36" pin="0"/><net_sink comp="340" pin=1"/></net>

<net id="349"><net_src comp="340" pin="2"/><net_sink comp="345" pin=0"/></net>

<net id="350"><net_src comp="42" pin="0"/><net_sink comp="345" pin=1"/></net>

<net id="359"><net_src comp="340" pin="2"/><net_sink comp="355" pin=0"/></net>

<net id="363"><net_src comp="360" pin="1"/><net_sink comp="103" pin=2"/></net>

<net id="370"><net_src comp="110" pin="3"/><net_sink comp="367" pin=0"/></net>

<net id="379"><net_src comp="30" pin="0"/><net_sink comp="374" pin=1"/></net>

<net id="380"><net_src comp="371" pin="1"/><net_sink comp="374" pin=2"/></net>

<net id="384"><net_src comp="381" pin="1"/><net_sink comp="116" pin=2"/></net>

<net id="394"><net_src comp="367" pin="1"/><net_sink comp="389" pin=0"/></net>

<net id="395"><net_src comp="364" pin="1"/><net_sink comp="389" pin=1"/></net>

<net id="396"><net_src comp="374" pin="3"/><net_sink comp="389" pin=2"/></net>

<net id="400"><net_src comp="66" pin="1"/><net_sink comp="397" pin=0"/></net>

<net id="401"><net_src comp="397" pin="1"/><net_sink comp="153" pin=1"/></net>

<net id="402"><net_src comp="397" pin="1"/><net_sink comp="371" pin=0"/></net>

<net id="403"><net_src comp="397" pin="1"/><net_sink comp="385" pin=1"/></net>

<net id="407"><net_src comp="70" pin="1"/><net_sink comp="404" pin=0"/></net>

<net id="408"><net_src comp="404" pin="1"/><net_sink comp="148" pin=1"/></net>

<net id="409"><net_src comp="404" pin="1"/><net_sink comp="173" pin=0"/></net>

<net id="410"><net_src comp="404" pin="1"/><net_sink comp="355" pin=1"/></net>

<net id="414"><net_src comp="74" pin="1"/><net_sink comp="411" pin=0"/></net>

<net id="415"><net_src comp="411" pin="1"/><net_sink comp="143" pin=1"/></net>

<net id="416"><net_src comp="411" pin="1"/><net_sink comp="240" pin=0"/></net>

<net id="417"><net_src comp="411" pin="1"/><net_sink comp="351" pin=1"/></net>

<net id="421"><net_src comp="78" pin="1"/><net_sink comp="418" pin=0"/></net>

<net id="422"><net_src comp="418" pin="1"/><net_sink comp="138" pin=1"/></net>

<net id="423"><net_src comp="418" pin="1"/><net_sink comp="176" pin=0"/></net>

<net id="424"><net_src comp="418" pin="1"/><net_sink comp="226" pin=0"/></net>

<net id="425"><net_src comp="418" pin="1"/><net_sink comp="305" pin=1"/></net>

<net id="429"><net_src comp="82" pin="1"/><net_sink comp="426" pin=0"/></net>

<net id="430"><net_src comp="426" pin="1"/><net_sink comp="133" pin=1"/></net>

<net id="431"><net_src comp="426" pin="1"/><net_sink comp="179" pin=0"/></net>

<net id="432"><net_src comp="426" pin="1"/><net_sink comp="301" pin=1"/></net>

<net id="436"><net_src comp="86" pin="1"/><net_sink comp="433" pin=0"/></net>

<net id="437"><net_src comp="433" pin="1"/><net_sink comp="128" pin=1"/></net>

<net id="438"><net_src comp="433" pin="1"/><net_sink comp="158" pin=0"/></net>

<net id="439"><net_src comp="433" pin="1"/><net_sink comp="235" pin=1"/></net>

<net id="443"><net_src comp="161" pin="2"/><net_sink comp="440" pin=0"/></net>

<net id="447"><net_src comp="173" pin="1"/><net_sink comp="444" pin=0"/></net>

<net id="448"><net_src comp="444" pin="1"/><net_sink comp="272" pin=2"/></net>

<net id="452"><net_src comp="188" pin="2"/><net_sink comp="449" pin=0"/></net>

<net id="453"><net_src comp="449" pin="1"/><net_sink comp="243" pin=0"/></net>

<net id="454"><net_src comp="449" pin="1"/><net_sink comp="295" pin=0"/></net>

<net id="458"><net_src comp="194" pin="3"/><net_sink comp="455" pin=0"/></net>

<net id="459"><net_src comp="455" pin="1"/><net_sink comp="250" pin=0"/></net>

<net id="460"><net_src comp="455" pin="1"/><net_sink comp="253" pin=1"/></net>

<net id="461"><net_src comp="455" pin="1"/><net_sink comp="301" pin=0"/></net>

<net id="465"><net_src comp="214" pin="2"/><net_sink comp="462" pin=0"/></net>

<net id="466"><net_src comp="462" pin="1"/><net_sink comp="278" pin=0"/></net>

<net id="470"><net_src comp="220" pin="2"/><net_sink comp="467" pin=0"/></net>

<net id="471"><net_src comp="467" pin="1"/><net_sink comp="272" pin=0"/></net>

<net id="472"><net_src comp="467" pin="1"/><net_sink comp="374" pin=0"/></net>

<net id="476"><net_src comp="229" pin="2"/><net_sink comp="473" pin=0"/></net>

<net id="477"><net_src comp="473" pin="1"/><net_sink comp="295" pin=2"/></net>

<net id="481"><net_src comp="260" pin="2"/><net_sink comp="478" pin=0"/></net>

<net id="482"><net_src comp="478" pin="1"/><net_sink comp="313" pin=0"/></net>

<net id="486"><net_src comp="272" pin="3"/><net_sink comp="483" pin=0"/></net>

<net id="487"><net_src comp="483" pin="1"/><net_sink comp="322" pin=1"/></net>

<net id="488"><net_src comp="483" pin="1"/><net_sink comp="340" pin=0"/></net>

<net id="492"><net_src comp="278" pin="3"/><net_sink comp="489" pin=0"/></net>

<net id="493"><net_src comp="489" pin="1"/><net_sink comp="310" pin=0"/></net>

<net id="494"><net_src comp="489" pin="1"/><net_sink comp="351" pin=0"/></net>

<net id="498"><net_src comp="285" pin="1"/><net_sink comp="495" pin=0"/></net>

<net id="499"><net_src comp="495" pin="1"/><net_sink comp="329" pin=0"/></net>

<net id="503"><net_src comp="289" pin="2"/><net_sink comp="500" pin=0"/></net>

<net id="504"><net_src comp="500" pin="1"/><net_sink comp="318" pin=0"/></net>

<net id="508"><net_src comp="313" pin="2"/><net_sink comp="505" pin=0"/></net>

<net id="509"><net_src comp="505" pin="1"/><net_sink comp="381" pin=0"/></net>

<net id="513"><net_src comp="90" pin="3"/><net_sink comp="510" pin=0"/></net>

<net id="514"><net_src comp="510" pin="1"/><net_sink comp="97" pin=0"/></net>

<net id="518"><net_src comp="334" pin="2"/><net_sink comp="515" pin=0"/></net>

<net id="519"><net_src comp="515" pin="1"/><net_sink comp="360" pin=0"/></net>

<net id="523"><net_src comp="345" pin="2"/><net_sink comp="520" pin=0"/></net>

<net id="527"><net_src comp="103" pin="3"/><net_sink comp="524" pin=0"/></net>

<net id="528"><net_src comp="524" pin="1"/><net_sink comp="110" pin=0"/></net>

<net id="532"><net_src comp="97" pin="3"/><net_sink comp="529" pin=0"/></net>

<net id="533"><net_src comp="529" pin="1"/><net_sink comp="364" pin=0"/></net>

<net id="537"><net_src comp="364" pin="1"/><net_sink comp="534" pin=0"/></net>

<net id="538"><net_src comp="534" pin="1"/><net_sink comp="389" pin=1"/></net>

<net id="542"><net_src comp="367" pin="1"/><net_sink comp="539" pin=0"/></net>

<net id="543"><net_src comp="539" pin="1"/><net_sink comp="389" pin=0"/></net>

<net id="547"><net_src comp="374" pin="3"/><net_sink comp="544" pin=0"/></net>

<net id="548"><net_src comp="544" pin="1"/><net_sink comp="389" pin=1"/></net>

<net id="552"><net_src comp="116" pin="3"/><net_sink comp="549" pin=0"/></net>

<net id="553"><net_src comp="549" pin="1"/><net_sink comp="123" pin=0"/></net>

<net id="557"><net_src comp="389" pin="3"/><net_sink comp="554" pin=0"/></net>

<net id="558"><net_src comp="554" pin="1"/><net_sink comp="123" pin=1"/></net>

<net id="559"><net_src comp="554" pin="1"/><net_sink comp="385" pin=0"/></net>

</net_list>

</model> 
---------------- Datapath Model END ------------------

* FSMD analyzer results:
  - Output states:
	Port: prod | {9 }
 - Input state : 
	Port: matrix_mult : a | {3 4 }
	Port: matrix_mult : b | {4 5 }
  - Chain level:
	State 1
		store_ln10 : 1
		store_ln10 : 1
		store_ln10 : 1
		store_ln10 : 1
		store_ln10 : 1
		store_ln10 : 1
		indvar_flatten15_load : 1
		icmp_ln10 : 2
		add_ln10_1 : 2
		br_ln10 : 3
		k_load : 1
		indvar_flatten_load_1 : 1
		i_load : 1
		add_ln10 : 2
		icmp_ln12 : 2
		select_ln10_1 : 3
		xor_ln10 : 3
		icmp_ln15 : 2
		and_ln10 : 3
		or_ln12 : 3
		indvar_flatten_load : 1
		add_ln12_1 : 2
		store_ln10 : 3
	State 2
		select_ln10 : 1
		add_ln16_1 : 1
		add_ln12 : 2
		select_ln12_2 : 3
		zext_ln16_1 : 1
		add_ln16_2 : 2
		store_ln12 : 1
	State 3
		add_ln13 : 1
		a_addr : 1
		add_ln16_3 : 1
		add_ln16_4 : 2
		a_load : 2
		icmp_ln15_1 : 1
		br_ln15 : 2
		store_ln15 : 1
	State 4
		b_addr : 1
		b_load : 2
	State 5
		sext_ln16_1 : 1
		mul_ln16 : 2
	State 6
	State 7
		select_ln12_1 : 1
		add_ln16 : 2
	State 8
		prod_addr : 1
	State 9


============================================================
+ Verbose Summary: Datapath Resource usage 
============================================================

* Functional unit list:
|----------|----------------------|---------|---------|---------|
| Operation|    Functional Unit   |   DSP   |    FF   |   LUT   |
|----------|----------------------|---------|---------|---------|
|          |   add_ln10_1_fu_167  |    0    |    0    |    14   |
|          |    add_ln10_fu_182   |    0    |    0    |    11   |
|          |   add_ln12_1_fu_229  |    0    |    0    |    14   |
|          |   add_ln16_1_fu_260  |    0    |    0    |    13   |
|    add   |    add_ln12_fu_266   |    0    |    0    |    11   |
|          |   add_ln16_2_fu_289  |    0    |    0    |    13   |
|          |    add_ln13_fu_313   |    0    |    0    |    13   |
|          |   add_ln16_3_fu_329  |    0    |    0    |    7    |
|          |   add_ln16_4_fu_334  |    0    |    0    |    7    |
|          |    add_ln15_fu_340   |    0    |    0    |    11   |
|----------|----------------------|---------|---------|---------|
|          |   icmp_ln10_fu_161   |    0    |    0    |    10   |
|   icmp   |   icmp_ln12_fu_188   |    0    |    0    |    10   |
|          |   icmp_ln15_fu_208   |    0    |    0    |    8    |
|          |  icmp_ln15_1_fu_345  |    0    |    0    |    8    |
|----------|----------------------|---------|---------|---------|
|          | select_ln10_1_fu_194 |    0    |    0    |    3    |
|          |  select_ln10_fu_243  |    0    |    0    |    3    |
|  select  |  select_ln12_fu_272  |    0    |    0    |    3    |
|          | select_ln12_2_fu_278 |    0    |    0    |    3    |
|          | select_ln12_3_fu_295 |    0    |    0    |    6    |
|          | select_ln12_1_fu_374 |    0    |    0    |    16   |
|----------|----------------------|---------|---------|---------|
|    xor   |    xor_ln10_fu_202   |    0    |    0    |    2    |
|----------|----------------------|---------|---------|---------|
|    and   |    and_ln10_fu_214   |    0    |    0    |    2    |
|----------|----------------------|---------|---------|---------|
|    or    |    or_ln12_fu_220    |    0    |    0    |    2    |
|----------|----------------------|---------|---------|---------|
|  muladd  |      grp_fu_389      |    1    |    0    |    0    |
|----------|----------------------|---------|---------|---------|
|          |   zext_ln16_fu_250   |    0    |    0    |    0    |
|          |  zext_ln16_1_fu_285  |    0    |    0    |    0    |
|   zext   |   zext_ln13_fu_310   |    0    |    0    |    0    |
|          |  zext_ln16_2_fu_318  |    0    |    0    |    0    |
|          |  zext_ln16_3_fu_360  |    0    |    0    |    0    |
|          |  zext_ln13_1_fu_381  |    0    |    0    |    0    |
|----------|----------------------|---------|---------|---------|
|bitconcatenate|      tmp_fu_253      |    0    |    0    |    0    |
|          |     tmp_1_fu_322     |    0    |    0    |    0    |
|----------|----------------------|---------|---------|---------|
|   sext   |   sext_ln16_fu_364   |    0    |    0    |    0    |
|          |  sext_ln16_1_fu_367  |    0    |    0    |    0    |
|----------|----------------------|---------|---------|---------|
|   Total  |                      |    1    |    0    |   190   |
|----------|----------------------|---------|---------|---------|

Memories:
N/A

* Register list:
+------------------------+--------+
|                        |   FF   |
+------------------------+--------+
|     a_addr_reg_510     |    5   |
|     a_load_reg_529     |    8   |
|   add_ln12_1_reg_473   |    6   |
|    add_ln13_reg_505    |    5   |
|   add_ln16_1_reg_478   |    5   |
|   add_ln16_2_reg_500   |    5   |
|   add_ln16_4_reg_515   |    5   |
|    add_ln16_reg_554    |   16   |
|    and_ln10_reg_462    |    1   |
|     b_addr_reg_524     |    5   |
|      empty_reg_397     |   16   |
|        i_reg_426       |    3   |
|    icmp_ln10_reg_440   |    1   |
|    icmp_ln12_reg_449   |    1   |
|   icmp_ln15_1_reg_520  |    1   |
|indvar_flatten15_reg_433|    7   |
| indvar_flatten_reg_418 |    6   |
|        j_reg_411       |    3   |
|     k_load_reg_444     |    3   |
|        k_reg_404       |    3   |
|     or_ln12_reg_467    |    1   |
|    prod_addr_reg_549   |    5   |
|  select_ln10_1_reg_455 |    3   |
|  select_ln12_1_reg_544 |   16   |
|  select_ln12_2_reg_489 |    3   |
|   select_ln12_reg_483  |    3   |
|   sext_ln16_1_reg_539  |   16   |
|    sext_ln16_reg_534   |   16   |
|   zext_ln16_1_reg_495  |    5   |
+------------------------+--------+
|          Total         |   173  |
+------------------------+--------+

* Multiplexer (MUX) list: 
|-------------------|------|------|------|--------||---------||---------|
|        Comp       |  Pin | Size |  BW  | S x BW ||  Delay  ||   LUT   |
|-------------------|------|------|------|--------||---------||---------|
|  grp_access_fu_97 |  p0  |   2  |   5  |   10   ||    9    |
| grp_access_fu_110 |  p0  |   2  |   5  |   10   ||    9    |
|     grp_fu_389    |  p0  |   2  |   8  |   16   ||    9    |
|     grp_fu_389    |  p1  |   3  |   8  |   24   ||    14   |
|-------------------|------|------|------|--------||---------||---------|
|       Total       |      |      |      |   60   ||  6.4713 ||    41   |
|-------------------|------|------|------|--------||---------||---------|



* Summary:
+-----------+--------+--------+--------+--------+
|           |   DSP  |  Delay |   FF   |   LUT  |
+-----------+--------+--------+--------+--------+
|  Function |    1   |    -   |    0   |   190  |
|   Memory  |    -   |    -   |    -   |    -   |
|Multiplexer|    -   |    6   |    -   |   41   |
|  Register |    -   |    -   |   173  |    -   |
+-----------+--------+--------+--------+--------+
|   Total   |    1   |    6   |   173  |   231  |
+-----------+--------+--------+--------+--------+
