#-----------------------------------------------------------
# xsim v2021.1 (64-bit)
# SW Build 3247384 on Thu Jun 10 19:36:07 MDT 2021
# IP Build 3246043 on Fri Jun 11 00:30:35 MDT 2021
# Start of session at: Sun Sep 19 17:25:42 2021
# Process ID: 12337
# Current directory: /home/zynq-user/Industri-University_Course/Git/Zynq-Learning/zynq-tutorials/zynqbook_chapter3a/matrix_mult_prj/solution1/sim/vhdl
# Command line: xsim -mode tcl -source {xsim.dir/matrix_mult/xsim_script.tcl}
# Log file: /home/zynq-user/Industri-University_Course/Git/Zynq-Learning/zynq-tutorials/zynqbook_chapter3a/matrix_mult_prj/solution1/sim/vhdl/xsim.log
# Journal file: /home/zynq-user/Industri-University_Course/Git/Zynq-Learning/zynq-tutorials/zynqbook_chapter3a/matrix_mult_prj/solution1/sim/vhdl/xsim.jou
#-----------------------------------------------------------
source xsim.dir/matrix_mult/xsim_script.tcl
# xsim {matrix_mult} -autoloadwcfg -tclbatch {matrix_mult.tcl}
Time resolution is 1 ps
source matrix_mult.tcl
## run all
Note: simulation done!
Time: 975 ns  Iteration: 1  Process: /apatb_matrix_mult_top/generate_sim_done_proc  File: /home/zynq-user/Industri-University_Course/Git/Zynq-Learning/zynq-tutorials/zynqbook_chapter3a/matrix_mult_prj/solution1/sim/vhdl/matrix_mult.autotb.vhd
Failure: NORMAL EXIT (note: failure is to force the simulator to stop)
Time: 975 ns  Iteration: 1  Process: /apatb_matrix_mult_top/generate_sim_done_proc  File: /home/zynq-user/Industri-University_Course/Git/Zynq-Learning/zynq-tutorials/zynqbook_chapter3a/matrix_mult_prj/solution1/sim/vhdl/matrix_mult.autotb.vhd
$finish called at time : 975 ns
## quit
INFO: [Common 17-206] Exiting xsim at Sun Sep 19 17:25:52 2021...
