
*** Running vivado
    with args -log design_1_axi_gpio_0_1.vds -m64 -product Vivado -mode batch -messageDb vivado.pb -notrace -source design_1_axi_gpio_0_1.tcl


****** Vivado v2021.1 (64-bit)
  **** SW Build 3247384 on Thu Jun 10 19:36:07 MDT 2021
  **** IP Build 3246043 on Fri Jun 11 00:30:35 MDT 2021
    ** Copyright 1986-2021 Xilinx, Inc. All Rights Reserved.

source design_1_axi_gpio_0_1.tcl -notrace
Command: synth_design -top design_1_axi_gpio_0_1 -part xc7z020clg484-1 -mode out_of_context
Starting synth_design
Attempting to get a license for feature 'Synthesis' and/or device 'xc7z020'
INFO: [Common 17-349] Got license for feature 'Synthesis' and/or device 'xc7z020'
INFO: [Device 21-403] Loading part xc7z020clg484-1
INFO: [Synth 8-7079] Multithreading enabled for synth_design using a maximum of 4 processes.
INFO: [Synth 8-7078] Launching helper process for spawning children vivado processes
INFO: [Synth 8-7075] Helper process launched with PID 12455
---------------------------------------------------------------------------------
Starting RTL Elaboration : Time (s): cpu = 00:00:03 ; elapsed = 00:00:06 . Memory (MB): peak = 2603.844 ; gain = 0.000 ; free physical = 120 ; free virtual = 18154
---------------------------------------------------------------------------------
INFO: [Synth 8-638] synthesizing module 'design_1_axi_gpio_0_1' [/home/zynq-user/Industri-University_Course/Git/Zynq-Learning/zynq-tutorials/zynqbook_chapter2/zynqbook_chapter2.gen/sources_1/bd/design_1/ip/design_1_axi_gpio_0_1/synth/design_1_axi_gpio_0_1.vhd:84]
	Parameter C_FAMILY bound to: zynq - type: string 
	Parameter C_S_AXI_ADDR_WIDTH bound to: 9 - type: integer 
	Parameter C_S_AXI_DATA_WIDTH bound to: 32 - type: integer 
	Parameter C_GPIO_WIDTH bound to: 8 - type: integer 
	Parameter C_GPIO2_WIDTH bound to: 32 - type: integer 
	Parameter C_ALL_INPUTS bound to: 0 - type: integer 
	Parameter C_ALL_INPUTS_2 bound to: 0 - type: integer 
	Parameter C_ALL_OUTPUTS bound to: 1 - type: integer 
	Parameter C_ALL_OUTPUTS_2 bound to: 0 - type: integer 
	Parameter C_INTERRUPT_PRESENT bound to: 0 - type: integer 
	Parameter C_DOUT_DEFAULT bound to: 32'b00000000000000000000000000000000 
	Parameter C_TRI_DEFAULT bound to: 32'b11111111111111111111111111111111 
	Parameter C_IS_DUAL bound to: 0 - type: integer 
	Parameter C_DOUT_DEFAULT_2 bound to: 32'b00000000000000000000000000000000 
	Parameter C_TRI_DEFAULT_2 bound to: 32'b11111111111111111111111111111111 
INFO: [Synth 8-3491] module 'axi_gpio' declared at '/home/zynq-user/Industri-University_Course/Git/Zynq-Learning/zynq-tutorials/zynqbook_chapter2/zynqbook_chapter2.gen/sources_1/bd/design_1/ipshared/65b4/hdl/axi_gpio_v2_0_vh_rfs.vhd:1265' bound to instance 'U0' of component 'axi_gpio' [/home/zynq-user/Industri-University_Course/Git/Zynq-Learning/zynq-tutorials/zynqbook_chapter2/zynqbook_chapter2.gen/sources_1/bd/design_1/ip/design_1_axi_gpio_0_1/synth/design_1_axi_gpio_0_1.vhd:168]
INFO: [Synth 8-638] synthesizing module 'axi_gpio' [/home/zynq-user/Industri-University_Course/Git/Zynq-Learning/zynq-tutorials/zynqbook_chapter2/zynqbook_chapter2.gen/sources_1/bd/design_1/ipshared/65b4/hdl/axi_gpio_v2_0_vh_rfs.vhd:1351]
INFO: [Synth 8-638] synthesizing module 'axi_lite_ipif' [/home/zynq-user/Industri-University_Course/Git/Zynq-Learning/zynq-tutorials/zynqbook_chapter2/zynqbook_chapter2.gen/sources_1/bd/design_1/ipshared/66ea/hdl/axi_lite_ipif_v3_0_vh_rfs.vhd:2948]
INFO: [Synth 8-638] synthesizing module 'slave_attachment' [/home/zynq-user/Industri-University_Course/Git/Zynq-Learning/zynq-tutorials/zynqbook_chapter2/zynqbook_chapter2.gen/sources_1/bd/design_1/ipshared/66ea/hdl/axi_lite_ipif_v3_0_vh_rfs.vhd:2341]
INFO: [Synth 8-638] synthesizing module 'address_decoder' [/home/zynq-user/Industri-University_Course/Git/Zynq-Learning/zynq-tutorials/zynqbook_chapter2/zynqbook_chapter2.gen/sources_1/bd/design_1/ipshared/66ea/hdl/axi_lite_ipif_v3_0_vh_rfs.vhd:1775]
INFO: [Synth 8-638] synthesizing module 'pselect_f' [/home/zynq-user/Industri-University_Course/Git/Zynq-Learning/zynq-tutorials/zynqbook_chapter2/zynqbook_chapter2.gen/sources_1/bd/design_1/ipshared/66ea/hdl/axi_lite_ipif_v3_0_vh_rfs.vhd:1534]
INFO: [Synth 8-256] done synthesizing module 'pselect_f' (1#1) [/home/zynq-user/Industri-University_Course/Git/Zynq-Learning/zynq-tutorials/zynqbook_chapter2/zynqbook_chapter2.gen/sources_1/bd/design_1/ipshared/66ea/hdl/axi_lite_ipif_v3_0_vh_rfs.vhd:1534]
INFO: [Synth 8-638] synthesizing module 'pselect_f__parameterized0' [/home/zynq-user/Industri-University_Course/Git/Zynq-Learning/zynq-tutorials/zynqbook_chapter2/zynqbook_chapter2.gen/sources_1/bd/design_1/ipshared/66ea/hdl/axi_lite_ipif_v3_0_vh_rfs.vhd:1534]
INFO: [Synth 8-256] done synthesizing module 'pselect_f__parameterized0' (1#1) [/home/zynq-user/Industri-University_Course/Git/Zynq-Learning/zynq-tutorials/zynqbook_chapter2/zynqbook_chapter2.gen/sources_1/bd/design_1/ipshared/66ea/hdl/axi_lite_ipif_v3_0_vh_rfs.vhd:1534]
INFO: [Synth 8-638] synthesizing module 'pselect_f__parameterized1' [/home/zynq-user/Industri-University_Course/Git/Zynq-Learning/zynq-tutorials/zynqbook_chapter2/zynqbook_chapter2.gen/sources_1/bd/design_1/ipshared/66ea/hdl/axi_lite_ipif_v3_0_vh_rfs.vhd:1534]
INFO: [Synth 8-256] done synthesizing module 'pselect_f__parameterized1' (1#1) [/home/zynq-user/Industri-University_Course/Git/Zynq-Learning/zynq-tutorials/zynqbook_chapter2/zynqbook_chapter2.gen/sources_1/bd/design_1/ipshared/66ea/hdl/axi_lite_ipif_v3_0_vh_rfs.vhd:1534]
INFO: [Synth 8-638] synthesizing module 'pselect_f__parameterized2' [/home/zynq-user/Industri-University_Course/Git/Zynq-Learning/zynq-tutorials/zynqbook_chapter2/zynqbook_chapter2.gen/sources_1/bd/design_1/ipshared/66ea/hdl/axi_lite_ipif_v3_0_vh_rfs.vhd:1534]
INFO: [Synth 8-256] done synthesizing module 'pselect_f__parameterized2' (1#1) [/home/zynq-user/Industri-University_Course/Git/Zynq-Learning/zynq-tutorials/zynqbook_chapter2/zynqbook_chapter2.gen/sources_1/bd/design_1/ipshared/66ea/hdl/axi_lite_ipif_v3_0_vh_rfs.vhd:1534]
INFO: [Synth 8-256] done synthesizing module 'address_decoder' (2#1) [/home/zynq-user/Industri-University_Course/Git/Zynq-Learning/zynq-tutorials/zynqbook_chapter2/zynqbook_chapter2.gen/sources_1/bd/design_1/ipshared/66ea/hdl/axi_lite_ipif_v3_0_vh_rfs.vhd:1775]
INFO: [Synth 8-226] default block is never used [/home/zynq-user/Industri-University_Course/Git/Zynq-Learning/zynq-tutorials/zynqbook_chapter2/zynqbook_chapter2.gen/sources_1/bd/design_1/ipshared/66ea/hdl/axi_lite_ipif_v3_0_vh_rfs.vhd:2550]
INFO: [Synth 8-256] done synthesizing module 'slave_attachment' (3#1) [/home/zynq-user/Industri-University_Course/Git/Zynq-Learning/zynq-tutorials/zynqbook_chapter2/zynqbook_chapter2.gen/sources_1/bd/design_1/ipshared/66ea/hdl/axi_lite_ipif_v3_0_vh_rfs.vhd:2341]
INFO: [Synth 8-256] done synthesizing module 'axi_lite_ipif' (4#1) [/home/zynq-user/Industri-University_Course/Git/Zynq-Learning/zynq-tutorials/zynqbook_chapter2/zynqbook_chapter2.gen/sources_1/bd/design_1/ipshared/66ea/hdl/axi_lite_ipif_v3_0_vh_rfs.vhd:2948]
INFO: [Synth 8-638] synthesizing module 'GPIO_Core' [/home/zynq-user/Industri-University_Course/Git/Zynq-Learning/zynq-tutorials/zynqbook_chapter2/zynqbook_chapter2.gen/sources_1/bd/design_1/ipshared/65b4/hdl/axi_gpio_v2_0_vh_rfs.vhd:178]
INFO: [Synth 8-226] default block is never used [/home/zynq-user/Industri-University_Course/Git/Zynq-Learning/zynq-tutorials/zynqbook_chapter2/zynqbook_chapter2.gen/sources_1/bd/design_1/ipshared/65b4/hdl/axi_gpio_v2_0_vh_rfs.vhd:443]
INFO: [Synth 8-638] synthesizing module 'cdc_sync' [/home/zynq-user/Industri-University_Course/Git/Zynq-Learning/zynq-tutorials/zynqbook_chapter2/zynqbook_chapter2.gen/sources_1/bd/design_1/ipshared/ef1e/hdl/lib_cdc_v1_0_rfs.vhd:106]
	Parameter INIT bound to: 1'b0 
INFO: [Synth 8-113] binding component instance 'CROSS2_PLEVEL_IN2SCNDRY_IN_cdc_to' to cell 'FDR' [/home/zynq-user/Industri-University_Course/Git/Zynq-Learning/zynq-tutorials/zynqbook_chapter2/zynqbook_chapter2.gen/sources_1/bd/design_1/ipshared/ef1e/hdl/lib_cdc_v1_0_rfs.vhd:736]
	Parameter INIT bound to: 1'b0 
INFO: [Synth 8-113] binding component instance 'CROSS2_PLEVEL_IN2SCNDRY_IN_cdc_to' to cell 'FDR' [/home/zynq-user/Industri-University_Course/Git/Zynq-Learning/zynq-tutorials/zynqbook_chapter2/zynqbook_chapter2.gen/sources_1/bd/design_1/ipshared/ef1e/hdl/lib_cdc_v1_0_rfs.vhd:736]
	Parameter INIT bound to: 1'b0 
INFO: [Synth 8-113] binding component instance 'CROSS2_PLEVEL_IN2SCNDRY_IN_cdc_to' to cell 'FDR' [/home/zynq-user/Industri-University_Course/Git/Zynq-Learning/zynq-tutorials/zynqbook_chapter2/zynqbook_chapter2.gen/sources_1/bd/design_1/ipshared/ef1e/hdl/lib_cdc_v1_0_rfs.vhd:736]
	Parameter INIT bound to: 1'b0 
INFO: [Synth 8-113] binding component instance 'CROSS2_PLEVEL_IN2SCNDRY_IN_cdc_to' to cell 'FDR' [/home/zynq-user/Industri-University_Course/Git/Zynq-Learning/zynq-tutorials/zynqbook_chapter2/zynqbook_chapter2.gen/sources_1/bd/design_1/ipshared/ef1e/hdl/lib_cdc_v1_0_rfs.vhd:736]
	Parameter INIT bound to: 1'b0 
INFO: [Synth 8-113] binding component instance 'CROSS2_PLEVEL_IN2SCNDRY_IN_cdc_to' to cell 'FDR' [/home/zynq-user/Industri-University_Course/Git/Zynq-Learning/zynq-tutorials/zynqbook_chapter2/zynqbook_chapter2.gen/sources_1/bd/design_1/ipshared/ef1e/hdl/lib_cdc_v1_0_rfs.vhd:736]
	Parameter INIT bound to: 1'b0 
INFO: [Synth 8-113] binding component instance 'CROSS2_PLEVEL_IN2SCNDRY_IN_cdc_to' to cell 'FDR' [/home/zynq-user/Industri-University_Course/Git/Zynq-Learning/zynq-tutorials/zynqbook_chapter2/zynqbook_chapter2.gen/sources_1/bd/design_1/ipshared/ef1e/hdl/lib_cdc_v1_0_rfs.vhd:736]
	Parameter INIT bound to: 1'b0 
INFO: [Synth 8-113] binding component instance 'CROSS2_PLEVEL_IN2SCNDRY_IN_cdc_to' to cell 'FDR' [/home/zynq-user/Industri-University_Course/Git/Zynq-Learning/zynq-tutorials/zynqbook_chapter2/zynqbook_chapter2.gen/sources_1/bd/design_1/ipshared/ef1e/hdl/lib_cdc_v1_0_rfs.vhd:736]
	Parameter INIT bound to: 1'b0 
INFO: [Synth 8-113] binding component instance 'CROSS2_PLEVEL_IN2SCNDRY_IN_cdc_to' to cell 'FDR' [/home/zynq-user/Industri-University_Course/Git/Zynq-Learning/zynq-tutorials/zynqbook_chapter2/zynqbook_chapter2.gen/sources_1/bd/design_1/ipshared/ef1e/hdl/lib_cdc_v1_0_rfs.vhd:736]
	Parameter INIT bound to: 1'b0 
INFO: [Synth 8-113] binding component instance 'CROSS2_PLEVEL_IN2SCNDRY_s_level_out_bus_d2' to cell 'FDR' [/home/zynq-user/Industri-University_Course/Git/Zynq-Learning/zynq-tutorials/zynqbook_chapter2/zynqbook_chapter2.gen/sources_1/bd/design_1/ipshared/ef1e/hdl/lib_cdc_v1_0_rfs.vhd:772]
	Parameter INIT bound to: 1'b0 
INFO: [Synth 8-113] binding component instance 'CROSS2_PLEVEL_IN2SCNDRY_s_level_out_bus_d2' to cell 'FDR' [/home/zynq-user/Industri-University_Course/Git/Zynq-Learning/zynq-tutorials/zynqbook_chapter2/zynqbook_chapter2.gen/sources_1/bd/design_1/ipshared/ef1e/hdl/lib_cdc_v1_0_rfs.vhd:772]
	Parameter INIT bound to: 1'b0 
INFO: [Synth 8-113] binding component instance 'CROSS2_PLEVEL_IN2SCNDRY_s_level_out_bus_d2' to cell 'FDR' [/home/zynq-user/Industri-University_Course/Git/Zynq-Learning/zynq-tutorials/zynqbook_chapter2/zynqbook_chapter2.gen/sources_1/bd/design_1/ipshared/ef1e/hdl/lib_cdc_v1_0_rfs.vhd:772]
	Parameter INIT bound to: 1'b0 
INFO: [Synth 8-113] binding component instance 'CROSS2_PLEVEL_IN2SCNDRY_s_level_out_bus_d2' to cell 'FDR' [/home/zynq-user/Industri-University_Course/Git/Zynq-Learning/zynq-tutorials/zynqbook_chapter2/zynqbook_chapter2.gen/sources_1/bd/design_1/ipshared/ef1e/hdl/lib_cdc_v1_0_rfs.vhd:772]
	Parameter INIT bound to: 1'b0 
INFO: [Synth 8-113] binding component instance 'CROSS2_PLEVEL_IN2SCNDRY_s_level_out_bus_d2' to cell 'FDR' [/home/zynq-user/Industri-University_Course/Git/Zynq-Learning/zynq-tutorials/zynqbook_chapter2/zynqbook_chapter2.gen/sources_1/bd/design_1/ipshared/ef1e/hdl/lib_cdc_v1_0_rfs.vhd:772]
	Parameter INIT bound to: 1'b0 
INFO: [Synth 8-113] binding component instance 'CROSS2_PLEVEL_IN2SCNDRY_s_level_out_bus_d2' to cell 'FDR' [/home/zynq-user/Industri-University_Course/Git/Zynq-Learning/zynq-tutorials/zynqbook_chapter2/zynqbook_chapter2.gen/sources_1/bd/design_1/ipshared/ef1e/hdl/lib_cdc_v1_0_rfs.vhd:772]
	Parameter INIT bound to: 1'b0 
INFO: [Synth 8-113] binding component instance 'CROSS2_PLEVEL_IN2SCNDRY_s_level_out_bus_d2' to cell 'FDR' [/home/zynq-user/Industri-University_Course/Git/Zynq-Learning/zynq-tutorials/zynqbook_chapter2/zynqbook_chapter2.gen/sources_1/bd/design_1/ipshared/ef1e/hdl/lib_cdc_v1_0_rfs.vhd:772]
	Parameter INIT bound to: 1'b0 
INFO: [Synth 8-113] binding component instance 'CROSS2_PLEVEL_IN2SCNDRY_s_level_out_bus_d2' to cell 'FDR' [/home/zynq-user/Industri-University_Course/Git/Zynq-Learning/zynq-tutorials/zynqbook_chapter2/zynqbook_chapter2.gen/sources_1/bd/design_1/ipshared/ef1e/hdl/lib_cdc_v1_0_rfs.vhd:772]
	Parameter INIT bound to: 1'b0 
INFO: [Synth 8-113] binding component instance 'CROSS2_PLEVEL_IN2SCNDRY_s_level_out_bus_d3' to cell 'FDR' [/home/zynq-user/Industri-University_Course/Git/Zynq-Learning/zynq-tutorials/zynqbook_chapter2/zynqbook_chapter2.gen/sources_1/bd/design_1/ipshared/ef1e/hdl/lib_cdc_v1_0_rfs.vhd:788]
	Parameter INIT bound to: 1'b0 
INFO: [Synth 8-113] binding component instance 'CROSS2_PLEVEL_IN2SCNDRY_s_level_out_bus_d3' to cell 'FDR' [/home/zynq-user/Industri-University_Course/Git/Zynq-Learning/zynq-tutorials/zynqbook_chapter2/zynqbook_chapter2.gen/sources_1/bd/design_1/ipshared/ef1e/hdl/lib_cdc_v1_0_rfs.vhd:788]
	Parameter INIT bound to: 1'b0 
INFO: [Synth 8-113] binding component instance 'CROSS2_PLEVEL_IN2SCNDRY_s_level_out_bus_d3' to cell 'FDR' [/home/zynq-user/Industri-University_Course/Git/Zynq-Learning/zynq-tutorials/zynqbook_chapter2/zynqbook_chapter2.gen/sources_1/bd/design_1/ipshared/ef1e/hdl/lib_cdc_v1_0_rfs.vhd:788]
	Parameter INIT bound to: 1'b0 
INFO: [Synth 8-113] binding component instance 'CROSS2_PLEVEL_IN2SCNDRY_s_level_out_bus_d3' to cell 'FDR' [/home/zynq-user/Industri-University_Course/Git/Zynq-Learning/zynq-tutorials/zynqbook_chapter2/zynqbook_chapter2.gen/sources_1/bd/design_1/ipshared/ef1e/hdl/lib_cdc_v1_0_rfs.vhd:788]
	Parameter INIT bound to: 1'b0 
INFO: [Synth 8-113] binding component instance 'CROSS2_PLEVEL_IN2SCNDRY_s_level_out_bus_d3' to cell 'FDR' [/home/zynq-user/Industri-University_Course/Git/Zynq-Learning/zynq-tutorials/zynqbook_chapter2/zynqbook_chapter2.gen/sources_1/bd/design_1/ipshared/ef1e/hdl/lib_cdc_v1_0_rfs.vhd:788]
	Parameter INIT bound to: 1'b0 
INFO: [Synth 8-113] binding component instance 'CROSS2_PLEVEL_IN2SCNDRY_s_level_out_bus_d3' to cell 'FDR' [/home/zynq-user/Industri-University_Course/Git/Zynq-Learning/zynq-tutorials/zynqbook_chapter2/zynqbook_chapter2.gen/sources_1/bd/design_1/ipshared/ef1e/hdl/lib_cdc_v1_0_rfs.vhd:788]
	Parameter INIT bound to: 1'b0 
INFO: [Synth 8-113] binding component instance 'CROSS2_PLEVEL_IN2SCNDRY_s_level_out_bus_d3' to cell 'FDR' [/home/zynq-user/Industri-University_Course/Git/Zynq-Learning/zynq-tutorials/zynqbook_chapter2/zynqbook_chapter2.gen/sources_1/bd/design_1/ipshared/ef1e/hdl/lib_cdc_v1_0_rfs.vhd:788]
	Parameter INIT bound to: 1'b0 
INFO: [Synth 8-113] binding component instance 'CROSS2_PLEVEL_IN2SCNDRY_s_level_out_bus_d3' to cell 'FDR' [/home/zynq-user/Industri-University_Course/Git/Zynq-Learning/zynq-tutorials/zynqbook_chapter2/zynqbook_chapter2.gen/sources_1/bd/design_1/ipshared/ef1e/hdl/lib_cdc_v1_0_rfs.vhd:788]
	Parameter INIT bound to: 1'b0 
INFO: [Synth 8-113] binding component instance 'CROSS2_PLEVEL_IN2SCNDRY_s_level_out_bus_d4' to cell 'FDR' [/home/zynq-user/Industri-University_Course/Git/Zynq-Learning/zynq-tutorials/zynqbook_chapter2/zynqbook_chapter2.gen/sources_1/bd/design_1/ipshared/ef1e/hdl/lib_cdc_v1_0_rfs.vhd:804]
	Parameter INIT bound to: 1'b0 
INFO: [Synth 8-113] binding component instance 'CROSS2_PLEVEL_IN2SCNDRY_s_level_out_bus_d4' to cell 'FDR' [/home/zynq-user/Industri-University_Course/Git/Zynq-Learning/zynq-tutorials/zynqbook_chapter2/zynqbook_chapter2.gen/sources_1/bd/design_1/ipshared/ef1e/hdl/lib_cdc_v1_0_rfs.vhd:804]
	Parameter INIT bound to: 1'b0 
INFO: [Synth 8-113] binding component instance 'CROSS2_PLEVEL_IN2SCNDRY_s_level_out_bus_d4' to cell 'FDR' [/home/zynq-user/Industri-University_Course/Git/Zynq-Learning/zynq-tutorials/zynqbook_chapter2/zynqbook_chapter2.gen/sources_1/bd/design_1/ipshared/ef1e/hdl/lib_cdc_v1_0_rfs.vhd:804]
	Parameter INIT bound to: 1'b0 
INFO: [Synth 8-113] binding component instance 'CROSS2_PLEVEL_IN2SCNDRY_s_level_out_bus_d4' to cell 'FDR' [/home/zynq-user/Industri-University_Course/Git/Zynq-Learning/zynq-tutorials/zynqbook_chapter2/zynqbook_chapter2.gen/sources_1/bd/design_1/ipshared/ef1e/hdl/lib_cdc_v1_0_rfs.vhd:804]
	Parameter INIT bound to: 1'b0 
INFO: [Synth 8-113] binding component instance 'CROSS2_PLEVEL_IN2SCNDRY_s_level_out_bus_d4' to cell 'FDR' [/home/zynq-user/Industri-University_Course/Git/Zynq-Learning/zynq-tutorials/zynqbook_chapter2/zynqbook_chapter2.gen/sources_1/bd/design_1/ipshared/ef1e/hdl/lib_cdc_v1_0_rfs.vhd:804]
	Parameter INIT bound to: 1'b0 
INFO: [Synth 8-113] binding component instance 'CROSS2_PLEVEL_IN2SCNDRY_s_level_out_bus_d4' to cell 'FDR' [/home/zynq-user/Industri-University_Course/Git/Zynq-Learning/zynq-tutorials/zynqbook_chapter2/zynqbook_chapter2.gen/sources_1/bd/design_1/ipshared/ef1e/hdl/lib_cdc_v1_0_rfs.vhd:804]
	Parameter INIT bound to: 1'b0 
INFO: [Synth 8-113] binding component instance 'CROSS2_PLEVEL_IN2SCNDRY_s_level_out_bus_d4' to cell 'FDR' [/home/zynq-user/Industri-University_Course/Git/Zynq-Learning/zynq-tutorials/zynqbook_chapter2/zynqbook_chapter2.gen/sources_1/bd/design_1/ipshared/ef1e/hdl/lib_cdc_v1_0_rfs.vhd:804]
	Parameter INIT bound to: 1'b0 
INFO: [Synth 8-113] binding component instance 'CROSS2_PLEVEL_IN2SCNDRY_s_level_out_bus_d4' to cell 'FDR' [/home/zynq-user/Industri-University_Course/Git/Zynq-Learning/zynq-tutorials/zynqbook_chapter2/zynqbook_chapter2.gen/sources_1/bd/design_1/ipshared/ef1e/hdl/lib_cdc_v1_0_rfs.vhd:804]
	Parameter INIT bound to: 1'b0 
INFO: [Synth 8-113] binding component instance 'CROSS2_PLEVEL_IN2SCNDRY_s_level_out_bus_d5' to cell 'FDR' [/home/zynq-user/Industri-University_Course/Git/Zynq-Learning/zynq-tutorials/zynqbook_chapter2/zynqbook_chapter2.gen/sources_1/bd/design_1/ipshared/ef1e/hdl/lib_cdc_v1_0_rfs.vhd:821]
	Parameter INIT bound to: 1'b0 
INFO: [Synth 8-113] binding component instance 'CROSS2_PLEVEL_IN2SCNDRY_s_level_out_bus_d5' to cell 'FDR' [/home/zynq-user/Industri-University_Course/Git/Zynq-Learning/zynq-tutorials/zynqbook_chapter2/zynqbook_chapter2.gen/sources_1/bd/design_1/ipshared/ef1e/hdl/lib_cdc_v1_0_rfs.vhd:821]
	Parameter INIT bound to: 1'b0 
INFO: [Synth 8-113] binding component instance 'CROSS2_PLEVEL_IN2SCNDRY_s_level_out_bus_d5' to cell 'FDR' [/home/zynq-user/Industri-University_Course/Git/Zynq-Learning/zynq-tutorials/zynqbook_chapter2/zynqbook_chapter2.gen/sources_1/bd/design_1/ipshared/ef1e/hdl/lib_cdc_v1_0_rfs.vhd:821]
	Parameter INIT bound to: 1'b0 
INFO: [Synth 8-113] binding component instance 'CROSS2_PLEVEL_IN2SCNDRY_s_level_out_bus_d5' to cell 'FDR' [/home/zynq-user/Industri-University_Course/Git/Zynq-Learning/zynq-tutorials/zynqbook_chapter2/zynqbook_chapter2.gen/sources_1/bd/design_1/ipshared/ef1e/hdl/lib_cdc_v1_0_rfs.vhd:821]
	Parameter INIT bound to: 1'b0 
INFO: [Synth 8-113] binding component instance 'CROSS2_PLEVEL_IN2SCNDRY_s_level_out_bus_d5' to cell 'FDR' [/home/zynq-user/Industri-University_Course/Git/Zynq-Learning/zynq-tutorials/zynqbook_chapter2/zynqbook_chapter2.gen/sources_1/bd/design_1/ipshared/ef1e/hdl/lib_cdc_v1_0_rfs.vhd:821]
	Parameter INIT bound to: 1'b0 
INFO: [Synth 8-113] binding component instance 'CROSS2_PLEVEL_IN2SCNDRY_s_level_out_bus_d5' to cell 'FDR' [/home/zynq-user/Industri-University_Course/Git/Zynq-Learning/zynq-tutorials/zynqbook_chapter2/zynqbook_chapter2.gen/sources_1/bd/design_1/ipshared/ef1e/hdl/lib_cdc_v1_0_rfs.vhd:821]
	Parameter INIT bound to: 1'b0 
INFO: [Synth 8-113] binding component instance 'CROSS2_PLEVEL_IN2SCNDRY_s_level_out_bus_d5' to cell 'FDR' [/home/zynq-user/Industri-University_Course/Git/Zynq-Learning/zynq-tutorials/zynqbook_chapter2/zynqbook_chapter2.gen/sources_1/bd/design_1/ipshared/ef1e/hdl/lib_cdc_v1_0_rfs.vhd:821]
	Parameter INIT bound to: 1'b0 
INFO: [Synth 8-113] binding component instance 'CROSS2_PLEVEL_IN2SCNDRY_s_level_out_bus_d5' to cell 'FDR' [/home/zynq-user/Industri-University_Course/Git/Zynq-Learning/zynq-tutorials/zynqbook_chapter2/zynqbook_chapter2.gen/sources_1/bd/design_1/ipshared/ef1e/hdl/lib_cdc_v1_0_rfs.vhd:821]
	Parameter INIT bound to: 1'b0 
INFO: [Synth 8-113] binding component instance 'CROSS2_PLEVEL_IN2SCNDRY_s_level_out_bus_d6' to cell 'FDR' [/home/zynq-user/Industri-University_Course/Git/Zynq-Learning/zynq-tutorials/zynqbook_chapter2/zynqbook_chapter2.gen/sources_1/bd/design_1/ipshared/ef1e/hdl/lib_cdc_v1_0_rfs.vhd:837]
	Parameter INIT bound to: 1'b0 
INFO: [Synth 8-113] binding component instance 'CROSS2_PLEVEL_IN2SCNDRY_s_level_out_bus_d6' to cell 'FDR' [/home/zynq-user/Industri-University_Course/Git/Zynq-Learning/zynq-tutorials/zynqbook_chapter2/zynqbook_chapter2.gen/sources_1/bd/design_1/ipshared/ef1e/hdl/lib_cdc_v1_0_rfs.vhd:837]
	Parameter INIT bound to: 1'b0 
INFO: [Synth 8-113] binding component instance 'CROSS2_PLEVEL_IN2SCNDRY_s_level_out_bus_d6' to cell 'FDR' [/home/zynq-user/Industri-University_Course/Git/Zynq-Learning/zynq-tutorials/zynqbook_chapter2/zynqbook_chapter2.gen/sources_1/bd/design_1/ipshared/ef1e/hdl/lib_cdc_v1_0_rfs.vhd:837]
	Parameter INIT bound to: 1'b0 
INFO: [Synth 8-113] binding component instance 'CROSS2_PLEVEL_IN2SCNDRY_s_level_out_bus_d6' to cell 'FDR' [/home/zynq-user/Industri-University_Course/Git/Zynq-Learning/zynq-tutorials/zynqbook_chapter2/zynqbook_chapter2.gen/sources_1/bd/design_1/ipshared/ef1e/hdl/lib_cdc_v1_0_rfs.vhd:837]
	Parameter INIT bound to: 1'b0 
INFO: [Synth 8-113] binding component instance 'CROSS2_PLEVEL_IN2SCNDRY_s_level_out_bus_d6' to cell 'FDR' [/home/zynq-user/Industri-University_Course/Git/Zynq-Learning/zynq-tutorials/zynqbook_chapter2/zynqbook_chapter2.gen/sources_1/bd/design_1/ipshared/ef1e/hdl/lib_cdc_v1_0_rfs.vhd:837]
	Parameter INIT bound to: 1'b0 
INFO: [Synth 8-113] binding component instance 'CROSS2_PLEVEL_IN2SCNDRY_s_level_out_bus_d6' to cell 'FDR' [/home/zynq-user/Industri-University_Course/Git/Zynq-Learning/zynq-tutorials/zynqbook_chapter2/zynqbook_chapter2.gen/sources_1/bd/design_1/ipshared/ef1e/hdl/lib_cdc_v1_0_rfs.vhd:837]
	Parameter INIT bound to: 1'b0 
INFO: [Synth 8-113] binding component instance 'CROSS2_PLEVEL_IN2SCNDRY_s_level_out_bus_d6' to cell 'FDR' [/home/zynq-user/Industri-University_Course/Git/Zynq-Learning/zynq-tutorials/zynqbook_chapter2/zynqbook_chapter2.gen/sources_1/bd/design_1/ipshared/ef1e/hdl/lib_cdc_v1_0_rfs.vhd:837]
	Parameter INIT bound to: 1'b0 
INFO: [Synth 8-113] binding component instance 'CROSS2_PLEVEL_IN2SCNDRY_s_level_out_bus_d6' to cell 'FDR' [/home/zynq-user/Industri-University_Course/Git/Zynq-Learning/zynq-tutorials/zynqbook_chapter2/zynqbook_chapter2.gen/sources_1/bd/design_1/ipshared/ef1e/hdl/lib_cdc_v1_0_rfs.vhd:837]
INFO: [Synth 8-256] done synthesizing module 'cdc_sync' (5#1) [/home/zynq-user/Industri-University_Course/Git/Zynq-Learning/zynq-tutorials/zynqbook_chapter2/zynqbook_chapter2.gen/sources_1/bd/design_1/ipshared/ef1e/hdl/lib_cdc_v1_0_rfs.vhd:106]
INFO: [Synth 8-256] done synthesizing module 'GPIO_Core' (6#1) [/home/zynq-user/Industri-University_Course/Git/Zynq-Learning/zynq-tutorials/zynqbook_chapter2/zynqbook_chapter2.gen/sources_1/bd/design_1/ipshared/65b4/hdl/axi_gpio_v2_0_vh_rfs.vhd:178]
INFO: [Synth 8-256] done synthesizing module 'axi_gpio' (7#1) [/home/zynq-user/Industri-University_Course/Git/Zynq-Learning/zynq-tutorials/zynqbook_chapter2/zynqbook_chapter2.gen/sources_1/bd/design_1/ipshared/65b4/hdl/axi_gpio_v2_0_vh_rfs.vhd:1351]
INFO: [Synth 8-256] done synthesizing module 'design_1_axi_gpio_0_1' (8#1) [/home/zynq-user/Industri-University_Course/Git/Zynq-Learning/zynq-tutorials/zynqbook_chapter2/zynqbook_chapter2.gen/sources_1/bd/design_1/ip/design_1_axi_gpio_0_1/synth/design_1_axi_gpio_0_1.vhd:84]
---------------------------------------------------------------------------------
Finished RTL Elaboration : Time (s): cpu = 00:00:04 ; elapsed = 00:00:12 . Memory (MB): peak = 2603.844 ; gain = 0.000 ; free physical = 114 ; free virtual = 15423
---------------------------------------------------------------------------------
---------------------------------------------------------------------------------
Start Handling Custom Attributes
---------------------------------------------------------------------------------
---------------------------------------------------------------------------------
Finished Handling Custom Attributes : Time (s): cpu = 00:00:05 ; elapsed = 00:00:14 . Memory (MB): peak = 2603.844 ; gain = 0.000 ; free physical = 116 ; free virtual = 14612
---------------------------------------------------------------------------------
---------------------------------------------------------------------------------
Finished RTL Optimization Phase 1 : Time (s): cpu = 00:00:05 ; elapsed = 00:00:14 . Memory (MB): peak = 2603.844 ; gain = 0.000 ; free physical = 116 ; free virtual = 14612
---------------------------------------------------------------------------------
Netlist sorting complete. Time (s): cpu = 00:00:00.01 ; elapsed = 00:00:00 . Memory (MB): peak = 2603.844 ; gain = 0.000 ; free physical = 311 ; free virtual = 14785
INFO: [Netlist 29-17] Analyzing 48 Unisim elements for replacement
INFO: [Netlist 29-28] Unisim Transformation completed in 0 CPU seconds
INFO: [Project 1-570] Preparing netlist for logic optimization

Processing XDC Constraints
Initializing timing engine
Parsing XDC File [/home/zynq-user/Industri-University_Course/Git/Zynq-Learning/zynq-tutorials/zynqbook_chapter2/zynqbook_chapter2.gen/sources_1/bd/design_1/ip/design_1_axi_gpio_0_1/design_1_axi_gpio_0_1_ooc.xdc] for cell 'U0'
Finished Parsing XDC File [/home/zynq-user/Industri-University_Course/Git/Zynq-Learning/zynq-tutorials/zynqbook_chapter2/zynqbook_chapter2.gen/sources_1/bd/design_1/ip/design_1_axi_gpio_0_1/design_1_axi_gpio_0_1_ooc.xdc] for cell 'U0'
Parsing XDC File [/home/zynq-user/Industri-University_Course/Git/Zynq-Learning/zynq-tutorials/zynqbook_chapter2/zynqbook_chapter2.gen/sources_1/bd/design_1/ip/design_1_axi_gpio_0_1/design_1_axi_gpio_0_1_board.xdc] for cell 'U0'
Finished Parsing XDC File [/home/zynq-user/Industri-University_Course/Git/Zynq-Learning/zynq-tutorials/zynqbook_chapter2/zynqbook_chapter2.gen/sources_1/bd/design_1/ip/design_1_axi_gpio_0_1/design_1_axi_gpio_0_1_board.xdc] for cell 'U0'
Parsing XDC File [/home/zynq-user/Industri-University_Course/Git/Zynq-Learning/zynq-tutorials/zynqbook_chapter2/zynqbook_chapter2.gen/sources_1/bd/design_1/ip/design_1_axi_gpio_0_1/design_1_axi_gpio_0_1.xdc] for cell 'U0'
Finished Parsing XDC File [/home/zynq-user/Industri-University_Course/Git/Zynq-Learning/zynq-tutorials/zynqbook_chapter2/zynqbook_chapter2.gen/sources_1/bd/design_1/ip/design_1_axi_gpio_0_1/design_1_axi_gpio_0_1.xdc] for cell 'U0'
Parsing XDC File [/home/zynq-user/Industri-University_Course/Git/Zynq-Learning/zynq-tutorials/zynqbook_chapter2/zynqbook_chapter2.runs/design_1_axi_gpio_0_1_synth_1/dont_touch.xdc]
Finished Parsing XDC File [/home/zynq-user/Industri-University_Course/Git/Zynq-Learning/zynq-tutorials/zynqbook_chapter2/zynqbook_chapter2.runs/design_1_axi_gpio_0_1_synth_1/dont_touch.xdc]
Completed Processing XDC Constraints

Netlist sorting complete. Time (s): cpu = 00:00:00 ; elapsed = 00:00:00 . Memory (MB): peak = 2635.785 ; gain = 0.000 ; free physical = 2852 ; free virtual = 17578
INFO: [Project 1-111] Unisim Transformation Summary:
  A total of 48 instances were transformed.
  FDR => FDRE: 48 instances

Constraint Validation Runtime : Time (s): cpu = 00:00:00.01 ; elapsed = 00:00:00.03 . Memory (MB): peak = 2635.785 ; gain = 0.000 ; free physical = 2845 ; free virtual = 17576
---------------------------------------------------------------------------------
Finished Constraint Validation : Time (s): cpu = 00:00:10 ; elapsed = 00:00:22 . Memory (MB): peak = 2635.785 ; gain = 31.941 ; free physical = 3087 ; free virtual = 17839
---------------------------------------------------------------------------------
---------------------------------------------------------------------------------
Start Loading Part and Timing Information
---------------------------------------------------------------------------------
Loading part: xc7z020clg484-1
---------------------------------------------------------------------------------
Finished Loading Part and Timing Information : Time (s): cpu = 00:00:10 ; elapsed = 00:00:22 . Memory (MB): peak = 2635.785 ; gain = 31.941 ; free physical = 3093 ; free virtual = 17845
---------------------------------------------------------------------------------
---------------------------------------------------------------------------------
Start Applying 'set_property' XDC Constraints
---------------------------------------------------------------------------------
Applied set_property KEEP_HIERARCHY = SOFT for U0. (constraint file  /home/zynq-user/Industri-University_Course/Git/Zynq-Learning/zynq-tutorials/zynqbook_chapter2/zynqbook_chapter2.runs/design_1_axi_gpio_0_1_synth_1/dont_touch.xdc, line 9).
Applied set_property KEEP = true for U0/gpio_core_1/GPIO_IO_O[7]. (constraint file  auto generated constraint).
---------------------------------------------------------------------------------
Finished applying 'set_property' XDC Constraints : Time (s): cpu = 00:00:10 ; elapsed = 00:00:22 . Memory (MB): peak = 2635.785 ; gain = 31.941 ; free physical = 3113 ; free virtual = 17866
---------------------------------------------------------------------------------
INFO: [Synth 8-802] inferred FSM for state register 'state_reg' in module 'slave_attachment'
---------------------------------------------------------------------------------------------------
                   State |                     New Encoding |                Previous Encoding 
---------------------------------------------------------------------------------------------------
                 iSTATE2 |                             0001 |                               00
                  iSTATE |                             0010 |                               01
                 iSTATE0 |                             0100 |                               10
                 iSTATE1 |                             1000 |                               11
---------------------------------------------------------------------------------------------------
INFO: [Synth 8-3354] encoded FSM with state register 'state_reg' using encoding 'one-hot' in module 'slave_attachment'
---------------------------------------------------------------------------------
Finished RTL Optimization Phase 2 : Time (s): cpu = 00:00:10 ; elapsed = 00:00:22 . Memory (MB): peak = 2635.785 ; gain = 31.941 ; free physical = 3120 ; free virtual = 17882
---------------------------------------------------------------------------------
---------------------------------------------------------------------------------
Start RTL Component Statistics 
---------------------------------------------------------------------------------
Detailed RTL Component Info : 
+---Adders : 
	   2 Input    4 Bit       Adders := 1     
+---Registers : 
	               32 Bit    Registers := 2     
	                9 Bit    Registers := 1     
	                8 Bit    Registers := 2     
	                4 Bit    Registers := 1     
	                2 Bit    Registers := 3     
	                1 Bit    Registers := 18    
+---Muxes : 
	   5 Input   32 Bit        Muxes := 1     
	   2 Input   32 Bit        Muxes := 1     
	   2 Input    9 Bit        Muxes := 1     
	   4 Input    4 Bit        Muxes := 1     
	   2 Input    4 Bit        Muxes := 5     
	   7 Input    2 Bit        Muxes := 1     
	   2 Input    2 Bit        Muxes := 2     
	   2 Input    1 Bit        Muxes := 11    
	   4 Input    1 Bit        Muxes := 3     
---------------------------------------------------------------------------------
Finished RTL Component Statistics 
---------------------------------------------------------------------------------
---------------------------------------------------------------------------------
Start Part Resource Summary
---------------------------------------------------------------------------------
Part Resources:
DSPs: 220 (col length:60)
BRAMs: 280 (col length: RAMB18 60 RAMB36 30)
---------------------------------------------------------------------------------
Finished Part Resource Summary
---------------------------------------------------------------------------------
---------------------------------------------------------------------------------
Start Cross Boundary and Area Optimization
---------------------------------------------------------------------------------
---------------------------------------------------------------------------------
Finished Cross Boundary and Area Optimization : Time (s): cpu = 00:00:11 ; elapsed = 00:00:23 . Memory (MB): peak = 2635.785 ; gain = 31.941 ; free physical = 3067 ; free virtual = 17847
---------------------------------------------------------------------------------
---------------------------------------------------------------------------------
Start Applying XDC Timing Constraints
---------------------------------------------------------------------------------
---------------------------------------------------------------------------------
Finished Applying XDC Timing Constraints : Time (s): cpu = 00:00:16 ; elapsed = 00:00:28 . Memory (MB): peak = 2635.785 ; gain = 31.941 ; free physical = 2731 ; free virtual = 17533
---------------------------------------------------------------------------------
---------------------------------------------------------------------------------
Start Timing Optimization
---------------------------------------------------------------------------------
---------------------------------------------------------------------------------
Finished Timing Optimization : Time (s): cpu = 00:00:16 ; elapsed = 00:00:28 . Memory (MB): peak = 2635.785 ; gain = 31.941 ; free physical = 2699 ; free virtual = 17502
---------------------------------------------------------------------------------
---------------------------------------------------------------------------------
Start Technology Mapping
---------------------------------------------------------------------------------
---------------------------------------------------------------------------------
Finished Technology Mapping : Time (s): cpu = 00:00:16 ; elapsed = 00:00:29 . Memory (MB): peak = 2635.785 ; gain = 31.941 ; free physical = 2677 ; free virtual = 17479
---------------------------------------------------------------------------------
---------------------------------------------------------------------------------
Start IO Insertion
---------------------------------------------------------------------------------
---------------------------------------------------------------------------------
Start Flattening Before IO Insertion
---------------------------------------------------------------------------------
---------------------------------------------------------------------------------
Finished Flattening Before IO Insertion
---------------------------------------------------------------------------------
---------------------------------------------------------------------------------
Start Final Netlist Cleanup
---------------------------------------------------------------------------------
---------------------------------------------------------------------------------
Finished Final Netlist Cleanup
---------------------------------------------------------------------------------
---------------------------------------------------------------------------------
Finished IO Insertion : Time (s): cpu = 00:00:19 ; elapsed = 00:00:31 . Memory (MB): peak = 2635.785 ; gain = 31.941 ; free physical = 2409 ; free virtual = 17226
---------------------------------------------------------------------------------
---------------------------------------------------------------------------------
Start Renaming Generated Instances
---------------------------------------------------------------------------------
---------------------------------------------------------------------------------
Finished Renaming Generated Instances : Time (s): cpu = 00:00:19 ; elapsed = 00:00:31 . Memory (MB): peak = 2635.785 ; gain = 31.941 ; free physical = 2409 ; free virtual = 17226
---------------------------------------------------------------------------------
---------------------------------------------------------------------------------
Start Rebuilding User Hierarchy
---------------------------------------------------------------------------------
---------------------------------------------------------------------------------
Finished Rebuilding User Hierarchy : Time (s): cpu = 00:00:19 ; elapsed = 00:00:31 . Memory (MB): peak = 2635.785 ; gain = 31.941 ; free physical = 2408 ; free virtual = 17225
---------------------------------------------------------------------------------
---------------------------------------------------------------------------------
Start Renaming Generated Ports
---------------------------------------------------------------------------------
---------------------------------------------------------------------------------
Finished Renaming Generated Ports : Time (s): cpu = 00:00:19 ; elapsed = 00:00:31 . Memory (MB): peak = 2635.785 ; gain = 31.941 ; free physical = 2407 ; free virtual = 17225
---------------------------------------------------------------------------------
---------------------------------------------------------------------------------
Start Handling Custom Attributes
---------------------------------------------------------------------------------
---------------------------------------------------------------------------------
Finished Handling Custom Attributes : Time (s): cpu = 00:00:19 ; elapsed = 00:00:31 . Memory (MB): peak = 2635.785 ; gain = 31.941 ; free physical = 2407 ; free virtual = 17224
---------------------------------------------------------------------------------
---------------------------------------------------------------------------------
Start Renaming Generated Nets
---------------------------------------------------------------------------------
---------------------------------------------------------------------------------
Finished Renaming Generated Nets : Time (s): cpu = 00:00:19 ; elapsed = 00:00:31 . Memory (MB): peak = 2635.785 ; gain = 31.941 ; free physical = 2407 ; free virtual = 17224
---------------------------------------------------------------------------------
---------------------------------------------------------------------------------
Start Writing Synthesis Report
---------------------------------------------------------------------------------

Report BlackBoxes: 
+-+--------------+----------+
| |BlackBox name |Instances |
+-+--------------+----------+
+-+--------------+----------+

Report Cell Usage: 
+------+-----+------+
|      |Cell |Count |
+------+-----+------+
|1     |LUT1 |     2|
|2     |LUT2 |     9|
|3     |LUT3 |     7|
|4     |LUT4 |    12|
|5     |LUT5 |     9|
|6     |LUT6 |    16|
|7     |FDRE |    63|
|8     |FDSE |     1|
+------+-----+------+
---------------------------------------------------------------------------------
Finished Writing Synthesis Report : Time (s): cpu = 00:00:19 ; elapsed = 00:00:31 . Memory (MB): peak = 2635.785 ; gain = 31.941 ; free physical = 2406 ; free virtual = 17224
---------------------------------------------------------------------------------
Synthesis finished with 0 errors, 0 critical warnings and 0 warnings.
Synthesis Optimization Runtime : Time (s): cpu = 00:00:17 ; elapsed = 00:00:28 . Memory (MB): peak = 2635.785 ; gain = 0.000 ; free physical = 2439 ; free virtual = 17268
Synthesis Optimization Complete : Time (s): cpu = 00:00:19 ; elapsed = 00:00:32 . Memory (MB): peak = 2635.793 ; gain = 31.941 ; free physical = 2438 ; free virtual = 17268
INFO: [Project 1-571] Translating synthesized netlist
Netlist sorting complete. Time (s): cpu = 00:00:00 ; elapsed = 00:00:00.01 . Memory (MB): peak = 2635.793 ; gain = 0.000 ; free physical = 2421 ; free virtual = 17257
INFO: [Project 1-570] Preparing netlist for logic optimization
INFO: [Opt 31-138] Pushed 0 inverter(s) to 0 load pin(s).
Netlist sorting complete. Time (s): cpu = 00:00:00 ; elapsed = 00:00:00 . Memory (MB): peak = 2635.793 ; gain = 0.000 ; free physical = 2392 ; free virtual = 17312
INFO: [Project 1-111] Unisim Transformation Summary:
No Unisim elements were transformed.

Synth Design complete, checksum: 590043ee
INFO: [Common 17-83] Releasing license: Synthesis
89 Infos, 0 Warnings, 0 Critical Warnings and 0 Errors encountered.
synth_design completed successfully
synth_design: Time (s): cpu = 00:00:28 ; elapsed = 00:00:36 . Memory (MB): peak = 2635.793 ; gain = 32.023 ; free physical = 2613 ; free virtual = 17534
INFO: [Common 17-1381] The checkpoint '/home/zynq-user/Industri-University_Course/Git/Zynq-Learning/zynq-tutorials/zynqbook_chapter2/zynqbook_chapter2.runs/design_1_axi_gpio_0_1_synth_1/design_1_axi_gpio_0_1.dcp' has been generated.
INFO: [Coretcl 2-1648] Added synthesis output to IP cache for IP design_1_axi_gpio_0_1, cache-ID = 7564d48c7098dc02
INFO: [Coretcl 2-1174] Renamed 7 cell refs.
INFO: [Common 17-1381] The checkpoint '/home/zynq-user/Industri-University_Course/Git/Zynq-Learning/zynq-tutorials/zynqbook_chapter2/zynqbook_chapter2.runs/design_1_axi_gpio_0_1_synth_1/design_1_axi_gpio_0_1.dcp' has been generated.
INFO: [runtcl-4] Executing : report_utilization -file design_1_axi_gpio_0_1_utilization_synth.rpt -pb design_1_axi_gpio_0_1_utilization_synth.pb
INFO: [Common 17-206] Exiting Vivado at Sat Sep 18 11:07:34 2021...
