Copyright 1986-2021 Xilinx, Inc. All Rights Reserved.
------------------------------------------------------------------------------------
| Tool Version : Vivado v.2021.1 (lin64) Build 3247384 Thu Jun 10 19:36:07 MDT 2021
| Date         : Sun Sep 19 17:29:29 2021
| Host         : zynquser-PC running 64-bit Ubuntu 20.04.2 LTS
| Command      : report_timing_summary -file ./report/matrix_mult_timing_synth.rpt
| Design       : bd_0_wrapper
| Device       : 7z020-clg484
| Speed File   : -1  PRODUCTION 1.12 2019-11-22
------------------------------------------------------------------------------------

Timing Summary Report

------------------------------------------------------------------------------------------------
| Timer Settings
| --------------
------------------------------------------------------------------------------------------------

  Enable Multi Corner Analysis               :  Yes
  Enable Pessimism Removal                   :  Yes
  Pessimism Removal Resolution               :  Nearest Common Node
  Enable Input Delay Default Clock           :  No
  Enable Preset / Clear Arcs                 :  No
  Disable Flight Delays                      :  No
  Ignore I/O Paths                           :  No
  Timing Early Launch at Borrowing Latches   :  No
  Borrow Time for Max Delay Exceptions       :  Yes
  Merge Timing Exceptions                    :  Yes

  Corner  Analyze    Analyze    
  Name    Max Paths  Min Paths  
  ------  ---------  ---------  
  Slow    Yes        Yes        
  Fast    Yes        Yes        


------------------------------------------------------------------------------------------------
| Report Methodology
| ------------------
------------------------------------------------------------------------------------------------

No report available as report_methodology has not been run prior. Run report_methodology on the current design for the summary of methodology violations.



check_timing report

Table of Contents
-----------------
1. checking no_clock (0)
2. checking constant_clock (0)
3. checking pulse_width_clock (0)
4. checking unconstrained_internal_endpoints (0)
5. checking no_input_delay (34)
6. checking no_output_delay (50)
7. checking multiple_clock (0)
8. checking generated_clocks (0)
9. checking loops (0)
10. checking partial_input_delay (0)
11. checking partial_output_delay (0)
12. checking latch_loops (0)

1. checking no_clock (0)
------------------------
 There are 0 register/latch pins with no clock.


2. checking constant_clock (0)
------------------------------
 There are 0 register/latch pins with constant_clock.


3. checking pulse_width_clock (0)
---------------------------------
 There are 0 register/latch pins which need pulse_width check


4. checking unconstrained_internal_endpoints (0)
------------------------------------------------
 There are 0 pins that are not constrained for maximum delay.

 There are 0 pins that are not constrained for maximum delay due to constant clock.


5. checking no_input_delay (34)
-------------------------------
 There are 34 input ports with no input delay specified. (HIGH)

 There are 0 input ports with no input delay but user has a false path constraint.


6. checking no_output_delay (50)
--------------------------------
 There are 50 ports with no output delay specified. (HIGH)

 There are 0 ports with no output delay but user has a false path constraint

 There are 0 ports with no output delay but with a timing clock defined on it or propagating through it


7. checking multiple_clock (0)
------------------------------
 There are 0 register/latch pins with multiple clocks.


8. checking generated_clocks (0)
--------------------------------
 There are 0 generated clocks that are not connected to a clock source.


9. checking loops (0)
---------------------
 There are 0 combinational loops in the design.


10. checking partial_input_delay (0)
------------------------------------
 There are 0 input ports with partial input delay specified.


11. checking partial_output_delay (0)
-------------------------------------
 There are 0 ports with partial output delay specified.


12. checking latch_loops (0)
----------------------------
 There are 0 combinational latch loops in the design through latch input



------------------------------------------------------------------------------------------------
| Design Timing Summary
| ---------------------
------------------------------------------------------------------------------------------------

    WNS(ns)      TNS(ns)  TNS Failing Endpoints  TNS Total Endpoints      WHS(ns)      THS(ns)  THS Failing Endpoints  THS Total Endpoints     WPWS(ns)     TPWS(ns)  TPWS Failing Endpoints  TPWS Total Endpoints  
    -------      -------  ---------------------  -------------------      -------      -------  ---------------------  -------------------     --------     --------  ----------------------  --------------------  
      6.209        0.000                      0                  181        0.259        0.000                      0                  181        4.500        0.000                       0                   100  


All user specified timing constraints are met.


------------------------------------------------------------------------------------------------
| Clock Summary
| -------------
------------------------------------------------------------------------------------------------

Clock   Waveform(ns)       Period(ns)      Frequency(MHz)
-----   ------------       ----------      --------------
ap_clk  {0.000 5.000}      10.000          100.000         


------------------------------------------------------------------------------------------------
| Intra Clock Table
| -----------------
------------------------------------------------------------------------------------------------

Clock             WNS(ns)      TNS(ns)  TNS Failing Endpoints  TNS Total Endpoints      WHS(ns)      THS(ns)  THS Failing Endpoints  THS Total Endpoints     WPWS(ns)     TPWS(ns)  TPWS Failing Endpoints  TPWS Total Endpoints  
-----             -------      -------  ---------------------  -------------------      -------      -------  ---------------------  -------------------     --------     --------  ----------------------  --------------------  
ap_clk              6.209        0.000                      0                  181        0.259        0.000                      0                  181        4.500        0.000                       0                   100  


------------------------------------------------------------------------------------------------
| Inter Clock Table
| -----------------
------------------------------------------------------------------------------------------------

From Clock    To Clock          WNS(ns)      TNS(ns)  TNS Failing Endpoints  TNS Total Endpoints      WHS(ns)      THS(ns)  THS Failing Endpoints  THS Total Endpoints  
----------    --------          -------      -------  ---------------------  -------------------      -------      -------  ---------------------  -------------------  


------------------------------------------------------------------------------------------------
| Other Path Groups Table
| -----------------------
------------------------------------------------------------------------------------------------

Path Group    From Clock    To Clock          WNS(ns)      TNS(ns)  TNS Failing Endpoints  TNS Total Endpoints      WHS(ns)      THS(ns)  THS Failing Endpoints  THS Total Endpoints  
----------    ----------    --------          -------      -------  ---------------------  -------------------      -------      -------  ---------------------  -------------------  


------------------------------------------------------------------------------------------------
| Timing Details
| --------------
------------------------------------------------------------------------------------------------


---------------------------------------------------------------------------------------------------
From Clock:  ap_clk
  To Clock:  ap_clk

Setup :            0  Failing Endpoints,  Worst Slack        6.209ns,  Total Violation        0.000ns
Hold  :            0  Failing Endpoints,  Worst Slack        0.259ns,  Total Violation        0.000ns
PW    :            0  Failing Endpoints,  Worst Slack        4.500ns,  Total Violation        0.000ns
---------------------------------------------------------------------------------------------------


Max Delay Paths
--------------------------------------------------------------------------------------
Slack (MET) :             6.209ns  (required time - arrival time)
  Source:                 bd_0_i/hls_inst/inst/reg_193_reg[1]/C
                            (rising edge-triggered cell FDRE clocked by ap_clk  {rise@0.000ns fall@5.000ns period=10.000ns})
  Destination:            bd_0_i/hls_inst/inst/add_ln16_2_reg_692_reg[9]/D
                            (rising edge-triggered cell FDRE clocked by ap_clk  {rise@0.000ns fall@5.000ns period=10.000ns})
  Path Group:             ap_clk
  Path Type:              Setup (Max at Slow Process Corner)
  Requirement:            10.000ns  (ap_clk rise@10.000ns - ap_clk rise@0.000ns)
  Data Path Delay:        3.816ns  (logic 2.697ns (70.676%)  route 1.119ns (29.324%))
  Logic Levels:           6  (CARRY4=4 LUT2=2)
  Clock Path Skew:        -0.049ns (DCD - SCD + CPR)
    Destination Clock Delay (DCD):    0.924ns = ( 10.924 - 10.000 ) 
    Source Clock Delay      (SCD):    0.973ns
    Clock Pessimism Removal (CPR):    0.000ns
  Clock Uncertainty:      0.035ns  ((TSJ^2 + TIJ^2)^1/2 + DJ) / 2 + PE
    Total System Jitter     (TSJ):    0.071ns
    Total Input Jitter      (TIJ):    0.000ns
    Discrete Jitter          (DJ):    0.000ns
    Phase Error              (PE):    0.000ns

    Location             Delay type                Incr(ns)  Path(ns)    Netlist Resource(s)
  -------------------------------------------------------------------    -------------------
                         (clock ap_clk rise edge)     0.000     0.000 r  
                                                      0.000     0.000 r  ap_clk (IN)
                         net (fo=99, unset)           0.973     0.973    bd_0_i/hls_inst/inst/ap_clk
                         FDRE                                         r  bd_0_i/hls_inst/inst/reg_193_reg[1]/C
  -------------------------------------------------------------------    -------------------
                         FDRE (Prop_fdre_C_Q)         0.518     1.491 r  bd_0_i/hls_inst/inst/reg_193_reg[1]/Q
                         net (fo=2, unplaced)         0.481     1.972    bd_0_i/hls_inst/inst/reg_193_reg_n_0_[1]
                         LUT2 (Prop_lut2_I0_O)        0.295     2.267 r  bd_0_i/hls_inst/inst/add_ln16_4_reg_702[3]_i_4/O
                         net (fo=1, unplaced)         0.000     2.267    bd_0_i/hls_inst/inst/add_ln16_4_reg_702[3]_i_4_n_0
                         CARRY4 (Prop_carry4_S[1]_CO[3])
                                                      0.533     2.800 r  bd_0_i/hls_inst/inst/add_ln16_4_reg_702_reg[3]_i_1/CO[3]
                         net (fo=1, unplaced)         0.009     2.809    bd_0_i/hls_inst/inst/add_ln16_4_reg_702_reg[3]_i_1_n_0
                         CARRY4 (Prop_carry4_CI_O[3])
                                                      0.331     3.140 r  bd_0_i/hls_inst/inst/add_ln16_4_reg_702_reg[7]_i_1/O[3]
                         net (fo=2, unplaced)         0.629     3.769    bd_0_i/hls_inst/inst/sext_ln16_6_fu_480_p1[7]
                         LUT2 (Prop_lut2_I1_O)        0.307     4.076 r  bd_0_i/hls_inst/inst/add_ln16_2_reg_692[7]_i_2/O
                         net (fo=1, unplaced)         0.000     4.076    bd_0_i/hls_inst/inst/add_ln16_2_reg_692[7]_i_2_n_0
                         CARRY4 (Prop_carry4_S[3]_CO[3])
                                                      0.376     4.452 r  bd_0_i/hls_inst/inst/add_ln16_2_reg_692_reg[7]_i_1/CO[3]
                         net (fo=1, unplaced)         0.000     4.452    bd_0_i/hls_inst/inst/add_ln16_2_reg_692_reg[7]_i_1_n_0
                         CARRY4 (Prop_carry4_CI_O[1])
                                                      0.337     4.789 r  bd_0_i/hls_inst/inst/add_ln16_2_reg_692_reg[9]_i_1/O[1]
                         net (fo=1, unplaced)         0.000     4.789    bd_0_i/hls_inst/inst/add_ln16_2_fu_484_p2[9]
                         FDRE                                         r  bd_0_i/hls_inst/inst/add_ln16_2_reg_692_reg[9]/D
  -------------------------------------------------------------------    -------------------

                         (clock ap_clk rise edge)    10.000    10.000 r  
                                                      0.000    10.000 r  ap_clk (IN)
                         net (fo=99, unset)           0.924    10.924    bd_0_i/hls_inst/inst/ap_clk
                         FDRE                                         r  bd_0_i/hls_inst/inst/add_ln16_2_reg_692_reg[9]/C
                         clock pessimism              0.000    10.924    
                         clock uncertainty           -0.035    10.889    
                         FDRE (Setup_fdre_C_D)        0.109    10.998    bd_0_i/hls_inst/inst/add_ln16_2_reg_692_reg[9]
  -------------------------------------------------------------------
                         required time                         10.998    
                         arrival time                          -4.789    
  -------------------------------------------------------------------
                         slack                                  6.209    





Min Delay Paths
--------------------------------------------------------------------------------------
Slack (MET) :             0.259ns  (arrival time - required time)
  Source:                 bd_0_i/hls_inst/inst/select_ln10_1_reg_607_reg[2]/C
                            (rising edge-triggered cell FDRE clocked by ap_clk  {rise@0.000ns fall@5.000ns period=10.000ns})
  Destination:            bd_0_i/hls_inst/inst/add_ln13_1_reg_682_reg[3]/D
                            (rising edge-triggered cell FDRE clocked by ap_clk  {rise@0.000ns fall@5.000ns period=10.000ns})
  Path Group:             ap_clk
  Path Type:              Hold (Min at Fast Process Corner)
  Requirement:            0.000ns  (ap_clk rise@0.000ns - ap_clk rise@0.000ns)
  Data Path Delay:        0.401ns  (logic 0.262ns (65.389%)  route 0.139ns (34.611%))
  Logic Levels:           1  (LUT6=1)
  Clock Path Skew:        0.022ns (DCD - SCD - CPR)
    Destination Clock Delay (DCD):    0.432ns
    Source Clock Delay      (SCD):    0.410ns
    Clock Pessimism Removal (CPR):    -0.000ns

    Location             Delay type                Incr(ns)  Path(ns)    Netlist Resource(s)
  -------------------------------------------------------------------    -------------------
                         (clock ap_clk rise edge)     0.000     0.000 r  
                                                      0.000     0.000 r  ap_clk (IN)
                         net (fo=99, unset)           0.410     0.410    bd_0_i/hls_inst/inst/ap_clk
                         FDRE                                         r  bd_0_i/hls_inst/inst/select_ln10_1_reg_607_reg[2]/C
  -------------------------------------------------------------------    -------------------
                         FDRE (Prop_fdre_C_Q)         0.164     0.574 r  bd_0_i/hls_inst/inst/select_ln10_1_reg_607_reg[2]/Q
                         net (fo=3, unplaced)         0.139     0.713    bd_0_i/hls_inst/inst/p_shl5_cast_fu_414_p3[4]
                         LUT6 (Prop_lut6_I5_O)        0.098     0.811 r  bd_0_i/hls_inst/inst/add_ln13_1_reg_682[3]_i_1/O
                         net (fo=1, unplaced)         0.000     0.811    bd_0_i/hls_inst/inst/add_ln13_1_fu_465_p2[3]
                         FDRE                                         r  bd_0_i/hls_inst/inst/add_ln13_1_reg_682_reg[3]/D
  -------------------------------------------------------------------    -------------------

                         (clock ap_clk rise edge)     0.000     0.000 r  
                                                      0.000     0.000 r  ap_clk (IN)
                         net (fo=99, unset)           0.432     0.432    bd_0_i/hls_inst/inst/ap_clk
                         FDRE                                         r  bd_0_i/hls_inst/inst/add_ln13_1_reg_682_reg[3]/C
                         clock pessimism              0.000     0.432    
                         FDRE (Hold_fdre_C_D)         0.120     0.552    bd_0_i/hls_inst/inst/add_ln13_1_reg_682_reg[3]
  -------------------------------------------------------------------
                         required time                         -0.552    
                         arrival time                           0.811    
  -------------------------------------------------------------------
                         slack                                  0.259    





Pulse Width Checks
--------------------------------------------------------------------------------------
Clock Name:         ap_clk
Waveform(ns):       { 0.000 5.000 }
Period(ns):         10.000
Sources:            { ap_clk }

Check Type        Corner  Lib Pin  Reference Pin  Required(ns)  Actual(ns)  Slack(ns)  Location  Pin
Min Period        n/a     FDRE/C   n/a            1.000         10.000      9.000                bd_0_i/hls_inst/inst/add_ln13_1_reg_682_reg[0]/C
Low Pulse Width   Slow    FDRE/C   n/a            0.500         5.000       4.500                bd_0_i/hls_inst/inst/add_ln13_1_reg_682_reg[0]/C
High Pulse Width  Slow    FDRE/C   n/a            0.500         5.000       4.500                bd_0_i/hls_inst/inst/add_ln13_1_reg_682_reg[0]/C



